#
# There is insufficient memory for the Java Runtime Environment to continue.
# Native memory allocation (malloc) failed to allocate 1386016 bytes. Error detail: Chunk::new
# Possible reasons:
#   The system is out of physical RAM or swap space
#   This process is running with CompressedOops enabled, and the Java Heap may be blocking the growth of the native heap
# Possible solutions:
#   Reduce memory load on the system
#   Increase physical memory or swap space
#   Check if swap backing store is full
#   Decrease Java heap size (-Xmx/-Xms)
#   Decrease number of Java threads
#   Decrease Java thread stack sizes (-Xss)
#   Set larger code cache with -XX:ReservedCodeCacheSize=
#   JVM is running with Unscaled Compressed Oops mode in which the Java heap is
#     placed in the first 4GB address space. The Java Heap base address is the
#     maximum limit for the native heap growth. Please use -XX:HeapBaseMinAddress
#     to set the Java Heap base and to place the Java Heap above 4GB virtual address.
# This output file may be truncated or incomplete.
#
#  Out of Memory Error (arena.cpp:168), pid=8076, tid=10692
#
# JRE version: OpenJDK Runtime Environment Temurin-21.0.8+9 (21.0.8+9) (build 21.0.8+9-LTS)
# Java VM: OpenJDK 64-Bit Server VM Temurin-21.0.8+9 (21.0.8+9-LTS, mixed mode, sharing, tiered, compressed oops, compressed class ptrs, parallel gc, windows-amd64)
# No core dump will be written. Minidumps are not enabled by default on client versions of Windows
#

---------------  S U M M A R Y ------------

Command Line: --add-modules=ALL-SYSTEM --add-opens=java.base/java.util=ALL-UNNAMED --add-opens=java.base/java.lang=ALL-UNNAMED --add-opens=java.base/sun.nio.fs=ALL-UNNAMED -Declipse.application=org.eclipse.jdt.ls.core.id1 -Dosgi.bundles.defaultStartLevel=4 -Declipse.product=org.eclipse.jdt.ls.core.product -Djava.import.generatesMetadataFilesAtProjectRoot=false -DDetectVMInstallationsJob.disabled=true -Dfile.encoding=utf8 -XX:+UseParallelGC -XX:GCTimeRatio=4 -XX:AdaptiveSizePolicyWeight=90 -Dsun.zip.disableMemoryMapping=true -Xmx2G -Xms100m -Xlog:disable -javaagent:c:\Users\muoi\.vscode\extensions\redhat.java-1.46.0-win32-x64\lombok\lombok-1.18.39-4050.jar c:\Users\muoi\.vscode\extensions\redhat.java-1.46.0-win32-x64\server\plugins\org.eclipse.equinox.launcher_1.7.0.v20250519-0528.jar -configuration c:\Users\muoi\AppData\Roaming\Code\User\globalStorage\redhat.java\1.46.0\config_ss_win -data c:\Users\muoi\AppData\Roaming\Code\User\workspaceStorage\cd43c9eb03e8a2cb58f56214c8b6dfa4\redhat.java\ss_ws --pipe=\\.\pipe\lsp-ac4cd0b622ba5b9569d3e7597921089e-sock

Host: Intel(R) Core(TM) i5-8250U CPU @ 1.60GHz, 8 cores, 15G,  Windows 11 , 64 bit Build 26100 (10.0.26100.6725)
Time: Mon Oct 20 20:10:35 2025 SE Asia Standard Time elapsed time: 19.184746 seconds (0d 0h 0m 19s)

---------------  T H R E A D  ---------------

Current thread (0x000001c31729e5d0):  JavaThread "C2 CompilerThread2" daemon [_thread_in_native, id=10692, stack(0x000000acbad00000,0x000000acbae00000) (1024K)]


Current CompileTask:
C2:19184 4014       4       java.lang.invoke.MethodType::makeImpl (109 bytes)

Stack: [0x000000acbad00000,0x000000acbae00000]
Native frames: (J=compiled Java code, j=interpreted, Vv=VM code, C=native code)
V  [jvm.dll+0x6d2449]
V  [jvm.dll+0x8ae341]
V  [jvm.dll+0x8b08be]
V  [jvm.dll+0x8b0fa3]
V  [jvm.dll+0x280c96]
V  [jvm.dll+0xc581d]
V  [jvm.dll+0xc5d53]
V  [jvm.dll+0x3b919c]
V  [jvm.dll+0x1e1409]
V  [jvm.dll+0x249022]
V  [jvm.dll+0x2484af]
V  [jvm.dll+0x1c89ee]
V  [jvm.dll+0x257d4d]
V  [jvm.dll+0x2562ea]
V  [jvm.dll+0x3f2d16]
V  [jvm.dll+0x857e6b]
V  [jvm.dll+0x6d0b0d]
C  [ucrtbase.dll+0x37b0]
C  [KERNEL32.DLL+0x2e8d7]
C  [ntdll.dll+0x8c53c]


---------------  P R O C E S S  ---------------

Threads class SMR info:
_java_thread_list=0x000001c3194a1ec0, length=36, elements={
0x000001c2b72fbba0, 0x000001c2b978b5d0, 0x000001c2b9645fb0, 0x000001c2b9647340,
0x000001c2b9648fa0, 0x000001c2b964be00, 0x000001c2b964c850, 0x000001c2b964d680,
0x000001c3129ebc70, 0x000001c312a36300, 0x000001c312ccbb40, 0x000001c317638390,
0x000001c317363db0, 0x000001c31757fff0, 0x000001c317657800, 0x000001c31729df30,
0x000001c31729e5d0, 0x000001c317a3dc00, 0x000001c317ada8f0, 0x000001c317c9c040,
0x000001c317ad07c0, 0x000001c317aced80, 0x000001c317ad14e0, 0x000001c317ad0130,
0x000001c317ad0e50, 0x000001c317acf410, 0x000001c317acfaa0, 0x000001c317ace060,
0x000001c317ace6f0, 0x000001c318cc3dd0, 0x000001c318cc0fe0, 0x000001c318cc4460,
0x000001c318cc3740, 0x000001c318cc2390, 0x000001c318cc2a20, 0x000001c318cc30b0
}

Java Threads: ( => current thread )
  0x000001c2b72fbba0 JavaThread "main"                              [_thread_blocked, id=13192, stack(0x000000acb9300000,0x000000acb9400000) (1024K)]
  0x000001c2b978b5d0 JavaThread "Reference Handler"          daemon [_thread_blocked, id=10340, stack(0x000000acb9700000,0x000000acb9800000) (1024K)]
  0x000001c2b9645fb0 JavaThread "Finalizer"                  daemon [_thread_blocked, id=5940, stack(0x000000acb9800000,0x000000acb9900000) (1024K)]
  0x000001c2b9647340 JavaThread "Signal Dispatcher"          daemon [_thread_blocked, id=15580, stack(0x000000acb9900000,0x000000acb9a00000) (1024K)]
  0x000001c2b9648fa0 JavaThread "Attach Listener"            daemon [_thread_blocked, id=9732, stack(0x000000acb9a00000,0x000000acb9b00000) (1024K)]
  0x000001c2b964be00 JavaThread "Service Thread"             daemon [_thread_blocked, id=9976, stack(0x000000acb9b00000,0x000000acb9c00000) (1024K)]
  0x000001c2b964c850 JavaThread "Monitor Deflation Thread"   daemon [_thread_blocked, id=14788, stack(0x000000acb9c00000,0x000000acb9d00000) (1024K)]
  0x000001c2b964d680 JavaThread "C2 CompilerThread0"         daemon [_thread_in_native, id=15424, stack(0x000000acb9d00000,0x000000acb9e00000) (1024K)]
  0x000001c3129ebc70 JavaThread "C1 CompilerThread0"         daemon [_thread_blocked, id=6360, stack(0x000000acb9e00000,0x000000acb9f00000) (1024K)]
  0x000001c312a36300 JavaThread "Common-Cleaner"             daemon [_thread_blocked, id=13324, stack(0x000000acb9f00000,0x000000acba000000) (1024K)]
  0x000001c312ccbb40 JavaThread "Notification Thread"        daemon [_thread_blocked, id=12452, stack(0x000000acba100000,0x000000acba200000) (1024K)]
  0x000001c317638390 JavaThread "Active Thread: Equinox Container: 7e88d30e-5138-4bc3-b318-79019fc02cba"        [_thread_blocked, id=8660, stack(0x000000acba900000,0x000000acbaa00000) (1024K)]
  0x000001c317363db0 JavaThread "Framework Event Dispatcher: Equinox Container: 7e88d30e-5138-4bc3-b318-79019fc02cba" daemon [_thread_blocked, id=16364, stack(0x000000acba000000,0x000000acba100000) (1024K)]
  0x000001c31757fff0 JavaThread "Start Level: Equinox Container: 7e88d30e-5138-4bc3-b318-79019fc02cba" daemon [_thread_blocked, id=3120, stack(0x000000acba800000,0x000000acba900000) (1024K)]
  0x000001c317657800 JavaThread "SCR Component Actor"        daemon [_thread_blocked, id=15308, stack(0x000000acbab00000,0x000000acbac00000) (1024K)]
  0x000001c31729df30 JavaThread "C2 CompilerThread1"         daemon [_thread_in_native, id=9256, stack(0x000000acbac00000,0x000000acbad00000) (1024K)]
=>0x000001c31729e5d0 JavaThread "C2 CompilerThread2"         daemon [_thread_in_native, id=10692, stack(0x000000acbad00000,0x000000acbae00000) (1024K)]
  0x000001c317a3dc00 JavaThread "Worker-JM"                         [_thread_blocked, id=4228, stack(0x000000acbae00000,0x000000acbaf00000) (1024K)]
  0x000001c317ada8f0 JavaThread "JNA Cleaner"                daemon [_thread_blocked, id=7612, stack(0x000000acbaf00000,0x000000acbb000000) (1024K)]
  0x000001c317c9c040 JavaThread "Worker-0"                          [_thread_blocked, id=8860, stack(0x000000acbb000000,0x000000acbb100000) (1024K)]
  0x000001c317ad07c0 JavaThread "Worker-1"                          [_thread_blocked, id=11140, stack(0x000000acbb100000,0x000000acbb200000) (1024K)]
  0x000001c317aced80 JavaThread "Thread-1"                   daemon [_thread_in_native, id=13004, stack(0x000000acbb500000,0x000000acbb600000) (1024K)]
  0x000001c317ad14e0 JavaThread "Thread-2"                   daemon [_thread_in_native, id=18676, stack(0x000000acbb600000,0x000000acbb700000) (1024K)]
  0x000001c317ad0130 JavaThread "Thread-3"                   daemon [_thread_in_native, id=2040, stack(0x000000acbb700000,0x000000acbb800000) (1024K)]
  0x000001c317ad0e50 JavaThread "Thread-4"                   daemon [_thread_in_native, id=3144, stack(0x000000acbb800000,0x000000acbb900000) (1024K)]
  0x000001c317acf410 JavaThread "Thread-5"                   daemon [_thread_in_native, id=6468, stack(0x000000acbb900000,0x000000acbba00000) (1024K)]
  0x000001c317acfaa0 JavaThread "Thread-6"                   daemon [_thread_in_native, id=14848, stack(0x000000acbba00000,0x000000acbbb00000) (1024K)]
  0x000001c317ace060 JavaThread "Thread-7"                   daemon [_thread_in_native, id=2144, stack(0x000000acbbb00000,0x000000acbbc00000) (1024K)]
  0x000001c317ace6f0 JavaThread "Thread-8"                   daemon [_thread_in_native, id=14016, stack(0x000000acbbc00000,0x000000acbbd00000) (1024K)]
  0x000001c318cc3dd0 JavaThread "Thread-9"                   daemon [_thread_in_native, id=1788, stack(0x000000acbbd00000,0x000000acbbe00000) (1024K)]
  0x000001c318cc0fe0 JavaThread "pool-2-thread-1"                   [_thread_blocked, id=5668, stack(0x000000acbbe00000,0x000000acbbf00000) (1024K)]
  0x000001c318cc4460 JavaThread "Worker-2"                          [_thread_blocked, id=11472, stack(0x000000acbbf00000,0x000000acbc000000) (1024K)]
  0x000001c318cc3740 JavaThread "WorkspaceEventsHandler"            [_thread_blocked, id=19260, stack(0x000000acbc000000,0x000000acbc100000) (1024K)]
  0x000001c318cc2390 JavaThread "pool-1-thread-1"                   [_thread_in_vm, id=3100, stack(0x000000acbc100000,0x000000acbc200000) (1024K)]
  0x000001c318cc2a20 JavaThread "ForkJoinPool.commonPool-worker-1" daemon [_thread_blocked, id=13404, stack(0x000000acbc200000,0x000000acbc300000) (1024K)]
  0x000001c318cc30b0 JavaThread "ForkJoinPool.commonPool-worker-2" daemon [_thread_in_Java, id=6316, stack(0x000000acbc300000,0x000000acbc400000) (1024K)]
Total: 36

Other Threads:
  0x000001c2b9770990 VMThread "VM Thread"                           [id=19236, stack(0x000000acb9600000,0x000000acb9700000) (1024K)]
  0x000001c2b955ca00 WatcherThread "VM Periodic Task Thread"        [id=12684, stack(0x000000acb9500000,0x000000acb9600000) (1024K)]
  0x000001c2b96ed100 WorkerThread "GC Thread#0"                     [id=5712, stack(0x000000acb9400000,0x000000acb9500000) (1024K)]
  0x000001c31760edc0 WorkerThread "GC Thread#1"                     [id=8380, stack(0x000000acba200000,0x000000acba300000) (1024K)]
  0x000001c3175a7a10 WorkerThread "GC Thread#2"                     [id=10932, stack(0x000000acba300000,0x000000acba400000) (1024K)]
  0x000001c3175a7db0 WorkerThread "GC Thread#3"                     [id=20156, stack(0x000000acba400000,0x000000acba500000) (1024K)]
  0x000001c3175a8150 WorkerThread "GC Thread#4"                     [id=1392, stack(0x000000acba500000,0x000000acba600000) (1024K)]
  0x000001c3175a84f0 WorkerThread "GC Thread#5"                     [id=17528, stack(0x000000acba600000,0x000000acba700000) (1024K)]
  0x000001c31763b070 WorkerThread "GC Thread#6"                     [id=13868, stack(0x000000acba700000,0x000000acba800000) (1024K)]
  0x000001c317728c00 WorkerThread "GC Thread#7"                     [id=6728, stack(0x000000acbaa00000,0x000000acbab00000) (1024K)]
Total: 10

Threads with active compile tasks:
C2 CompilerThread0  19241 4477   !   4       java.nio.file.FileTreeWalker::next (144 bytes)
C2 CompilerThread1  19242 4487       4       jdk.internal.jrtfs.JrtPath::resolve (125 bytes)
C2 CompilerThread2  19242 4014       4       java.lang.invoke.MethodType::makeImpl (109 bytes)
Total: 3

VM state: not at safepoint (normal execution)

VM Mutex/Monitor currently owned by a thread: None

Heap address: 0x0000000080000000, size: 2048 MB, Compressed Oops mode: 32-bit

CDS archive(s) mapped at: [0x000001c2d0000000-0x000001c2d0ba0000-0x000001c2d0ba0000), size 12189696, SharedBaseAddress: 0x000001c2d0000000, ArchiveRelocationMode: 1.
Compressed class space mapped at: 0x000001c2d1000000-0x000001c311000000, reserved size: 1073741824
Narrow klass base: 0x000001c2d0000000, Narrow klass shift: 0, Narrow klass range: 0x100000000

GC Precious Log:
 CardTable entry size: 512
 CPUs: 8 total, 8 available
 Memory: 16243M
 Large Page Support: Disabled
 NUMA Support: Disabled
 Compressed Oops: Enabled (32-bit)
 Alignments: Space 512K, Generation 512K, Heap 2M
 Heap Min Capacity: 100M
 Heap Initial Capacity: 100M
 Heap Max Capacity: 2G
 Pre-touch: Disabled
 Parallel Workers: 8

Heap:
 PSYoungGen      total 24064K, used 9703K [0x00000000d5580000, 0x00000000d7080000, 0x0000000100000000)
  eden space 21504K, 34% used [0x00000000d5580000,0x00000000d5cc9e70,0x00000000d6a80000)
  from space 2560K, 87% used [0x00000000d6a80000,0x00000000d6cb0010,0x00000000d6d00000)
  to   space 3072K, 0% used [0x00000000d6d80000,0x00000000d6d80000,0x00000000d7080000)
 ParOldGen       total 68608K, used 20115K [0x0000000080000000, 0x0000000084300000, 0x00000000d5580000)
  object space 68608K, 29% used [0x0000000080000000,0x00000000813a4e10,0x0000000084300000)
 Metaspace       used 32466K, committed 33536K, reserved 1114112K
  class space    used 3283K, committed 3712K, reserved 1048576K

Card table byte_map: [0x000001c2b9070000,0x000001c2b9480000] _byte_map_base: 0x000001c2b8c70000

Marking Bits: (ParMarkBitMap*) 0x00007ff878dfa340
 Begin Bits: [0x000001c2cbb70000, 0x000001c2cdb70000)
 End Bits:   [0x000001c2cdb70000, 0x000001c2cfb70000)

Polling page: 0x000001c2b7510000

Metaspace:

Usage:
  Non-class:     28.50 MB used.
      Class:      3.21 MB used.
       Both:     31.71 MB used.

Virtual space:
  Non-class space:       64.00 MB reserved,      29.12 MB ( 46%) committed,  1 nodes.
      Class space:        1.00 GB reserved,       3.62 MB ( <1%) committed,  1 nodes.
             Both:        1.06 GB reserved,      32.75 MB (  3%) committed. 

Chunk freelists:
   Non-Class:  2.56 MB
       Class:  12.35 MB
        Both:  14.91 MB

MaxMetaspaceSize: unlimited
CompressedClassSpaceSize: 1.00 GB
Initial GC threshold: 21.00 MB
Current GC threshold: 35.00 MB
CDS: on
 - commit_granule_bytes: 65536.
 - commit_granule_words: 8192.
 - virtual_space_node_default_size: 8388608.
 - enlarge_chunks_in_place: 1.
 - use_allocation_guard: 0.


Internal statistics:

num_allocs_failed_limit: 3.
num_arena_births: 758.
num_arena_deaths: 14.
num_vsnodes_births: 2.
num_vsnodes_deaths: 0.
num_space_committed: 524.
num_space_uncommitted: 0.
num_chunks_returned_to_freelist: 17.
num_chunks_taken_from_freelist: 2082.
num_chunk_merges: 9.
num_chunk_splits: 1320.
num_chunks_enlarged: 777.
num_inconsistent_stats: 0.

CodeHeap 'non-profiled nmethods': size=120000Kb used=2274Kb max_used=2274Kb free=117725Kb
 bounds [0x000001c2c4390000, 0x000001c2c4600000, 0x000001c2cb8c0000]
CodeHeap 'profiled nmethods': size=120000Kb used=9006Kb max_used=9006Kb free=110993Kb
 bounds [0x000001c2bc8c0000, 0x000001c2bd190000, 0x000001c2c3df0000]
CodeHeap 'non-nmethods': size=5760Kb used=1354Kb max_used=1402Kb free=4405Kb
 bounds [0x000001c2c3df0000, 0x000001c2c4060000, 0x000001c2c4390000]
CodeCache: size=245760Kb, used=12634Kb, max_used=12682Kb, free=233123Kb
 total_blobs=5152, nmethods=4502, adapters=556, full_count=0
Compilation: enabled, stopped_count=0, restarted_count=0

Compilation events (20 events):
Event: 18.113 Thread 0x000001c2b964d680 4467       4       java.util.stream.StreamSpliterators$WrappingSpliterator::tryAdvance (36 bytes)
Event: 18.145 Thread 0x000001c31729df30 nmethod 4390 0x000001c2c45c0010 code [0x000001c2c45c02e0, 0x000001c2c45c0f38]
Event: 18.145 Thread 0x000001c31729df30 4469       4       java.util.stream.StreamSpliterators$AbstractWrappingSpliterator::doAdvance (106 bytes)
Event: 18.146 Thread 0x000001c2b964d680 nmethod 4467 0x000001c2c45c1b90 code [0x000001c2c45c1e60, 0x000001c2c45c2a88]
Event: 18.147 Thread 0x000001c2b964d680 4470   !   4       jdk.internal.jrtfs.JrtDirectoryStream$1::hasNext (41 bytes)
Event: 18.150 Thread 0x000001c2b964d680 nmethod 4470 0x000001c2c45c3610 code [0x000001c2c45c37c0, 0x000001c2c45c3b68]
Event: 18.150 Thread 0x000001c2b964d680 4477   !   4       java.nio.file.FileTreeWalker::next (144 bytes)
Event: 18.172 Thread 0x000001c31729df30 nmethod 4469 0x000001c2c45c3d10 code [0x000001c2c45c3fc0, 0x000001c2c45c4950]
Event: 18.172 Thread 0x000001c31729df30 4395       4       jdk.internal.jrtfs.JrtPath::checkPath (49 bytes)
Event: 18.173 Thread 0x000001c31729df30 nmethod 4395 0x000001c2c45c5310 code [0x000001c2c45c54a0, 0x000001c2c45c5570]
Event: 18.174 Thread 0x000001c31729df30 4396       4       java.util.stream.ReferencePipeline$2$1::accept (27 bytes)
Event: 18.178 Thread 0x000001c31729df30 nmethod 4396 0x000001c2c45c5690 code [0x000001c2c45c5840, 0x000001c2c45c5a88]
Event: 18.180 Thread 0x000001c31729df30 4466       4       java.util.ArrayList::subList (20 bytes)
Event: 18.183 Thread 0x000001c31729df30 nmethod 4466 0x000001c2c45c5c90 code [0x000001c2c45c5e20, 0x000001c2c45c5fb8]
Event: 18.183 Thread 0x000001c31729df30 4476       4       java.util.AbstractList::subListRangeCheck (110 bytes)
Event: 18.184 Thread 0x000001c31729df30 nmethod 4476 0x000001c2c45c6110 code [0x000001c2c45c62a0, 0x000001c2c45c6370]
Event: 18.184 Thread 0x000001c31729df30 4479       4       jdk.internal.jimage.ImageReader$Directory::addChild (63 bytes)
Event: 18.187 Thread 0x000001c3129ebc70 4492       2       org.eclipse.jdt.internal.compiler.parser.Scanner::scanIdentifierOrKeywordWithBoundCheck (198 bytes)
Event: 18.188 Thread 0x000001c3129ebc70 nmethod 4492 0x000001c2bd177b10 code [0x000001c2bd177d20, 0x000001c2bd178180]
Event: 18.188 Thread 0x000001c3129ebc70 4493       2       org.eclipse.jdt.internal.compiler.parser.Scanner::internalScanIdentifierOrKeyword (5041 bytes)

GC Heap History (20 events):
Event: 14.348 GC heap before
{Heap before GC invocations=4 (full 0):
 PSYoungGen      total 29696K, used 29670K [0x00000000d5580000, 0x00000000d7680000, 0x0000000100000000)
  eden space 25600K, 100% used [0x00000000d5580000,0x00000000d6e80000,0x00000000d6e80000)
  from space 4096K, 99% used [0x00000000d6e80000,0x00000000d7279858,0x00000000d7280000)
  to   space 4096K, 0% used [0x00000000d7280000,0x00000000d7280000,0x00000000d7680000)
 ParOldGen       total 68608K, used 2703K [0x0000000080000000, 0x0000000084300000, 0x00000000d5580000)
  object space 68608K, 3% used [0x0000000080000000,0x00000000802a3ef8,0x0000000084300000)
 Metaspace       used 16790K, committed 17408K, reserved 1114112K
  class space    used 1769K, committed 2048K, reserved 1048576K
}
Event: 14.353 GC heap after
{Heap after GC invocations=4 (full 0):
 PSYoungGen      total 29696K, used 4082K [0x00000000d5580000, 0x00000000d7680000, 0x0000000100000000)
  eden space 25600K, 0% used [0x00000000d5580000,0x00000000d5580000,0x00000000d6e80000)
  from space 4096K, 99% used [0x00000000d7280000,0x00000000d767cb40,0x00000000d7680000)
  to   space 4096K, 0% used [0x00000000d6e80000,0x00000000d6e80000,0x00000000d7280000)
 ParOldGen       total 68608K, used 5307K [0x0000000080000000, 0x0000000084300000, 0x00000000d5580000)
  object space 68608K, 7% used [0x0000000080000000,0x000000008052ed78,0x0000000084300000)
 Metaspace       used 16790K, committed 17408K, reserved 1114112K
  class space    used 1769K, committed 2048K, reserved 1048576K
}
Event: 14.648 GC heap before
{Heap before GC invocations=5 (full 0):
 PSYoungGen      total 29696K, used 29682K [0x00000000d5580000, 0x00000000d7680000, 0x0000000100000000)
  eden space 25600K, 100% used [0x00000000d5580000,0x00000000d6e80000,0x00000000d6e80000)
  from space 4096K, 99% used [0x00000000d7280000,0x00000000d767cb40,0x00000000d7680000)
  to   space 4096K, 0% used [0x00000000d6e80000,0x00000000d6e80000,0x00000000d7280000)
 ParOldGen       total 68608K, used 5307K [0x0000000080000000, 0x0000000084300000, 0x00000000d5580000)
  object space 68608K, 7% used [0x0000000080000000,0x000000008052ed78,0x0000000084300000)
 Metaspace       used 19986K, committed 20608K, reserved 1114112K
  class space    used 1983K, committed 2304K, reserved 1048576K
}
Event: 14.651 GC heap after
{Heap after GC invocations=5 (full 0):
 PSYoungGen      total 29184K, used 4066K [0x00000000d5580000, 0x00000000d7900000, 0x0000000100000000)
  eden space 25088K, 0% used [0x00000000d5580000,0x00000000d5580000,0x00000000d6e00000)
  from space 4096K, 99% used [0x00000000d6e80000,0x00000000d7278b50,0x00000000d7280000)
  to   space 5632K, 0% used [0x00000000d7380000,0x00000000d7380000,0x00000000d7900000)
 ParOldGen       total 68608K, used 5598K [0x0000000080000000, 0x0000000084300000, 0x00000000d5580000)
  object space 68608K, 8% used [0x0000000080000000,0x0000000080577b18,0x0000000084300000)
 Metaspace       used 19986K, committed 20608K, reserved 1114112K
  class space    used 1983K, committed 2304K, reserved 1048576K
}
Event: 14.716 GC heap before
{Heap before GC invocations=6 (full 0):
 PSYoungGen      total 29184K, used 11224K [0x00000000d5580000, 0x00000000d7900000, 0x0000000100000000)
  eden space 25088K, 28% used [0x00000000d5580000,0x00000000d5c7d7a8,0x00000000d6e00000)
  from space 4096K, 99% used [0x00000000d6e80000,0x00000000d7278b50,0x00000000d7280000)
  to   space 5632K, 0% used [0x00000000d7380000,0x00000000d7380000,0x00000000d7900000)
 ParOldGen       total 68608K, used 5598K [0x0000000080000000, 0x0000000084300000, 0x00000000d5580000)
  object space 68608K, 8% used [0x0000000080000000,0x0000000080577b18,0x0000000084300000)
 Metaspace       used 20920K, committed 21504K, reserved 1114112K
  class space    used 2057K, committed 2368K, reserved 1048576K
}
Event: 14.719 GC heap after
{Heap after GC invocations=6 (full 0):
 PSYoungGen      total 29696K, used 4203K [0x00000000d5580000, 0x00000000d7800000, 0x0000000100000000)
  eden space 25088K, 0% used [0x00000000d5580000,0x00000000d5580000,0x00000000d6e00000)
  from space 4608K, 91% used [0x00000000d7380000,0x00000000d779ac20,0x00000000d7800000)
  to   space 4608K, 0% used [0x00000000d6f00000,0x00000000d6f00000,0x00000000d7380000)
 ParOldGen       total 68608K, used 5598K [0x0000000080000000, 0x0000000084300000, 0x00000000d5580000)
  object space 68608K, 8% used [0x0000000080000000,0x0000000080577b18,0x0000000084300000)
 Metaspace       used 20920K, committed 21504K, reserved 1114112K
  class space    used 2057K, committed 2368K, reserved 1048576K
}
Event: 14.719 GC heap before
{Heap before GC invocations=7 (full 1):
 PSYoungGen      total 29696K, used 4203K [0x00000000d5580000, 0x00000000d7800000, 0x0000000100000000)
  eden space 25088K, 0% used [0x00000000d5580000,0x00000000d5580000,0x00000000d6e00000)
  from space 4608K, 91% used [0x00000000d7380000,0x00000000d779ac20,0x00000000d7800000)
  to   space 4608K, 0% used [0x00000000d6f00000,0x00000000d6f00000,0x00000000d7380000)
 ParOldGen       total 68608K, used 5598K [0x0000000080000000, 0x0000000084300000, 0x00000000d5580000)
  object space 68608K, 8% used [0x0000000080000000,0x0000000080577b18,0x0000000084300000)
 Metaspace       used 20920K, committed 21504K, reserved 1114112K
  class space    used 2057K, committed 2368K, reserved 1048576K
}
Event: 14.749 GC heap after
{Heap after GC invocations=7 (full 1):
 PSYoungGen      total 29696K, used 0K [0x00000000d5580000, 0x00000000d7800000, 0x0000000100000000)
  eden space 25088K, 0% used [0x00000000d5580000,0x00000000d5580000,0x00000000d6e00000)
  from space 4608K, 0% used [0x00000000d7380000,0x00000000d7380000,0x00000000d7800000)
  to   space 4608K, 0% used [0x00000000d6f00000,0x00000000d6f00000,0x00000000d7380000)
 ParOldGen       total 68608K, used 9367K [0x0000000080000000, 0x0000000084300000, 0x00000000d5580000)
  object space 68608K, 13% used [0x0000000080000000,0x0000000080925f00,0x0000000084300000)
 Metaspace       used 20907K, committed 21504K, reserved 1114112K
  class space    used 2054K, committed 2368K, reserved 1048576K
}
Event: 15.198 GC heap before
{Heap before GC invocations=8 (full 1):
 PSYoungGen      total 29696K, used 25088K [0x00000000d5580000, 0x00000000d7800000, 0x0000000100000000)
  eden space 25088K, 100% used [0x00000000d5580000,0x00000000d6e00000,0x00000000d6e00000)
  from space 4608K, 0% used [0x00000000d7380000,0x00000000d7380000,0x00000000d7800000)
  to   space 4608K, 0% used [0x00000000d6f00000,0x00000000d6f00000,0x00000000d7380000)
 ParOldGen       total 68608K, used 9367K [0x0000000080000000, 0x0000000084300000, 0x00000000d5580000)
  object space 68608K, 13% used [0x0000000080000000,0x0000000080925f00,0x0000000084300000)
 Metaspace       used 22982K, committed 23680K, reserved 1114112K
  class space    used 2223K, committed 2560K, reserved 1048576K
}
Event: 15.200 GC heap after
{Heap after GC invocations=8 (full 1):
 PSYoungGen      total 27136K, used 2355K [0x00000000d5580000, 0x00000000d7400000, 0x0000000100000000)
  eden space 24576K, 0% used [0x00000000d5580000,0x00000000d5580000,0x00000000d6d80000)
  from space 2560K, 92% used [0x00000000d6f00000,0x00000000d714ccf0,0x00000000d7180000)
  to   space 2560K, 0% used [0x00000000d7180000,0x00000000d7180000,0x00000000d7400000)
 ParOldGen       total 68608K, used 9375K [0x0000000080000000, 0x0000000084300000, 0x00000000d5580000)
  object space 68608K, 13% used [0x0000000080000000,0x0000000080927f00,0x0000000084300000)
 Metaspace       used 22982K, committed 23680K, reserved 1114112K
  class space    used 2223K, committed 2560K, reserved 1048576K
}
Event: 15.802 GC heap before
{Heap before GC invocations=9 (full 1):
 PSYoungGen      total 27136K, used 26931K [0x00000000d5580000, 0x00000000d7400000, 0x0000000100000000)
  eden space 24576K, 99% used [0x00000000d5580000,0x00000000d6d7ffd0,0x00000000d6d80000)
  from space 2560K, 92% used [0x00000000d6f00000,0x00000000d714ccf0,0x00000000d7180000)
  to   space 2560K, 0% used [0x00000000d7180000,0x00000000d7180000,0x00000000d7400000)
 ParOldGen       total 68608K, used 9375K [0x0000000080000000, 0x0000000084300000, 0x00000000d5580000)
  object space 68608K, 13% used [0x0000000080000000,0x0000000080927f00,0x0000000084300000)
 Metaspace       used 26392K, committed 27200K, reserved 1114112K
  class space    used 2592K, committed 2944K, reserved 1048576K
}
Event: 15.806 GC heap after
{Heap after GC invocations=9 (full 1):
 PSYoungGen      total 26112K, used 2552K [0x00000000d5580000, 0x00000000d7700000, 0x0000000100000000)
  eden space 23552K, 0% used [0x00000000d5580000,0x00000000d5580000,0x00000000d6c80000)
  from space 2560K, 99% used [0x00000000d7180000,0x00000000d73fe308,0x00000000d7400000)
  to   space 5120K, 0% used [0x00000000d6c80000,0x00000000d6c80000,0x00000000d7180000)
 ParOldGen       total 68608K, used 11154K [0x0000000080000000, 0x0000000084300000, 0x00000000d5580000)
  object space 68608K, 16% used [0x0000000080000000,0x0000000080ae4930,0x0000000084300000)
 Metaspace       used 26392K, committed 27200K, reserved 1114112K
  class space    used 2592K, committed 2944K, reserved 1048576K
}
Event: 16.777 GC heap before
{Heap before GC invocations=10 (full 1):
 PSYoungGen      total 26112K, used 26104K [0x00000000d5580000, 0x00000000d7700000, 0x0000000100000000)
  eden space 23552K, 100% used [0x00000000d5580000,0x00000000d6c80000,0x00000000d6c80000)
  from space 2560K, 99% used [0x00000000d7180000,0x00000000d73fe308,0x00000000d7400000)
  to   space 5120K, 0% used [0x00000000d6c80000,0x00000000d6c80000,0x00000000d7180000)
 ParOldGen       total 68608K, used 11154K [0x0000000080000000, 0x0000000084300000, 0x00000000d5580000)
  object space 68608K, 16% used [0x0000000080000000,0x0000000080ae4930,0x0000000084300000)
 Metaspace       used 29543K, committed 30272K, reserved 1114112K
  class space    used 2949K, committed 3264K, reserved 1048576K
}
Event: 16.782 GC heap after
{Heap after GC invocations=10 (full 1):
 PSYoungGen      total 27136K, used 3921K [0x00000000d5580000, 0x00000000d7400000, 0x0000000100000000)
  eden space 23040K, 0% used [0x00000000d5580000,0x00000000d5580000,0x00000000d6c00000)
  from space 4096K, 95% used [0x00000000d6c80000,0x00000000d7054448,0x00000000d7080000)
  to   space 3584K, 0% used [0x00000000d7080000,0x00000000d7080000,0x00000000d7400000)
 ParOldGen       total 68608K, used 11162K [0x0000000080000000, 0x0000000084300000, 0x00000000d5580000)
  object space 68608K, 16% used [0x0000000080000000,0x0000000080ae6930,0x0000000084300000)
 Metaspace       used 29543K, committed 30272K, reserved 1114112K
  class space    used 2949K, committed 3264K, reserved 1048576K
}
Event: 17.653 GC heap before
{Heap before GC invocations=11 (full 1):
 PSYoungGen      total 27136K, used 26961K [0x00000000d5580000, 0x00000000d7400000, 0x0000000100000000)
  eden space 23040K, 100% used [0x00000000d5580000,0x00000000d6c00000,0x00000000d6c00000)
  from space 4096K, 95% used [0x00000000d6c80000,0x00000000d7054448,0x00000000d7080000)
  to   space 3584K, 0% used [0x00000000d7080000,0x00000000d7080000,0x00000000d7400000)
 ParOldGen       total 68608K, used 11162K [0x0000000080000000, 0x0000000084300000, 0x00000000d5580000)
  object space 68608K, 16% used [0x0000000080000000,0x0000000080ae6930,0x0000000084300000)
 Metaspace       used 31707K, committed 32640K, reserved 1114112K
  class space    used 3164K, committed 3584K, reserved 1048576K
}
Event: 17.659 GC heap after
{Heap after GC invocations=11 (full 1):
 PSYoungGen      total 25088K, used 2478K [0x00000000d5580000, 0x00000000d7300000, 0x0000000100000000)
  eden space 22528K, 0% used [0x00000000d5580000,0x00000000d5580000,0x00000000d6b80000)
  from space 2560K, 96% used [0x00000000d7080000,0x00000000d72ebb28,0x00000000d7300000)
  to   space 3072K, 0% used [0x00000000d6d00000,0x00000000d6d00000,0x00000000d7000000)
 ParOldGen       total 68608K, used 13616K [0x0000000080000000, 0x0000000084300000, 0x00000000d5580000)
  object space 68608K, 19% used [0x0000000080000000,0x0000000080d4c368,0x0000000084300000)
 Metaspace       used 31707K, committed 32640K, reserved 1114112K
  class space    used 3164K, committed 3584K, reserved 1048576K
}
Event: 17.912 GC heap before
{Heap before GC invocations=12 (full 1):
 PSYoungGen      total 25088K, used 25006K [0x00000000d5580000, 0x00000000d7300000, 0x0000000100000000)
  eden space 22528K, 100% used [0x00000000d5580000,0x00000000d6b80000,0x00000000d6b80000)
  from space 2560K, 96% used [0x00000000d7080000,0x00000000d72ebb28,0x00000000d7300000)
  to   space 3072K, 0% used [0x00000000d6d00000,0x00000000d6d00000,0x00000000d7000000)
 ParOldGen       total 68608K, used 13616K [0x0000000080000000, 0x0000000084300000, 0x00000000d5580000)
  object space 68608K, 19% used [0x0000000080000000,0x0000000080d4c368,0x0000000084300000)
 Metaspace       used 32001K, committed 32960K, reserved 1114112K
  class space    used 3210K, committed 3648K, reserved 1048576K
}
Event: 17.918 GC heap after
{Heap after GC invocations=12 (full 1):
 PSYoungGen      total 24064K, used 1984K [0x00000000d5580000, 0x00000000d7100000, 0x0000000100000000)
  eden space 22016K, 0% used [0x00000000d5580000,0x00000000d5580000,0x00000000d6b00000)
  from space 2048K, 96% used [0x00000000d6d00000,0x00000000d6ef0010,0x00000000d6f00000)
  to   space 2048K, 0% used [0x00000000d6f00000,0x00000000d6f00000,0x00000000d7100000)
 ParOldGen       total 68608K, used 15988K [0x0000000080000000, 0x0000000084300000, 0x00000000d5580000)
  object space 68608K, 23% used [0x0000000080000000,0x0000000080f9d228,0x0000000084300000)
 Metaspace       used 32001K, committed 32960K, reserved 1114112K
  class space    used 3210K, committed 3648K, reserved 1048576K
}
Event: 18.103 GC heap before
{Heap before GC invocations=13 (full 1):
 PSYoungGen      total 24064K, used 24000K [0x00000000d5580000, 0x00000000d7100000, 0x0000000100000000)
  eden space 22016K, 100% used [0x00000000d5580000,0x00000000d6b00000,0x00000000d6b00000)
  from space 2048K, 96% used [0x00000000d6d00000,0x00000000d6ef0010,0x00000000d6f00000)
  to   space 2048K, 0% used [0x00000000d6f00000,0x00000000d6f00000,0x00000000d7100000)
 ParOldGen       total 68608K, used 15988K [0x0000000080000000, 0x0000000084300000, 0x00000000d5580000)
  object space 68608K, 23% used [0x0000000080000000,0x0000000080f9d228,0x0000000084300000)
 Metaspace       used 32420K, committed 33472K, reserved 1114112K
  class space    used 3283K, committed 3712K, reserved 1048576K
}
Event: 18.109 GC heap after
{Heap after GC invocations=13 (full 1):
 PSYoungGen      total 23552K, used 2018K [0x00000000d5580000, 0x00000000d7400000, 0x0000000100000000)
  eden space 21504K, 0% used [0x00000000d5580000,0x00000000d5580000,0x00000000d6a80000)
  from space 2048K, 98% used [0x00000000d6f00000,0x00000000d70f8830,0x00000000d7100000)
  to   space 4608K, 0% used [0x00000000d6a80000,0x00000000d6a80000,0x00000000d6f00000)
 ParOldGen       total 68608K, used 18108K [0x0000000080000000, 0x0000000084300000, 0x00000000d5580000)
  object space 68608K, 26% used [0x0000000080000000,0x00000000811af268,0x0000000084300000)
 Metaspace       used 32420K, committed 33472K, reserved 1114112K
  class space    used 3283K, committed 3712K, reserved 1048576K
}

Dll operation events (10 events):
Event: 0.068 Loaded shared library c:\Users\muoi\.vscode\extensions\redhat.java-1.46.0-win32-x64\jre\21.0.8-win32-x86_64\bin\java.dll
Event: 0.288 Loaded shared library c:\Users\muoi\.vscode\extensions\redhat.java-1.46.0-win32-x64\jre\21.0.8-win32-x86_64\bin\zip.dll
Event: 0.360 Loaded shared library C:\Users\muoi\.vscode\extensions\redhat.java-1.46.0-win32-x64\jre\21.0.8-win32-x86_64\bin\instrument.dll
Event: 0.375 Loaded shared library C:\Users\muoi\.vscode\extensions\redhat.java-1.46.0-win32-x64\jre\21.0.8-win32-x86_64\bin\net.dll
Event: 0.379 Loaded shared library C:\Users\muoi\.vscode\extensions\redhat.java-1.46.0-win32-x64\jre\21.0.8-win32-x86_64\bin\nio.dll
Event: 0.385 Loaded shared library C:\Users\muoi\.vscode\extensions\redhat.java-1.46.0-win32-x64\jre\21.0.8-win32-x86_64\bin\zip.dll
Event: 0.434 Loaded shared library C:\Users\muoi\.vscode\extensions\redhat.java-1.46.0-win32-x64\jre\21.0.8-win32-x86_64\bin\jimage.dll
Event: 0.624 Loaded shared library c:\Users\muoi\.vscode\extensions\redhat.java-1.46.0-win32-x64\jre\21.0.8-win32-x86_64\bin\verify.dll
Event: 11.863 Loaded shared library C:\Users\muoi\AppData\Roaming\Code\User\globalStorage\redhat.java\1.46.0\config_ss_win\org.eclipse.equinox.launcher\org.eclipse.equinox.launcher.win32.win32.x86_64_1.2.1400.v20250801-0854\eclipse_11916.dll
Event: 13.127 Loaded shared library C:\Users\muoi\AppData\Local\Temp\jna-3363202\jna11106807960345962579.dll

Deoptimization events (20 events):
Event: 17.993 Thread 0x000001c318cc2a20 Uncommon trap: trap_request=0xffffff76 fr.pc=0x000001c2c45ab798 relative=0x0000000000000478
Event: 17.993 Thread 0x000001c318cc2a20 Uncommon trap: reason=predicate action=maybe_recompile pc=0x000001c2c45ab798 method=java.util.ArrayList.equalsRange(Ljava/util/List;II)Z @ 31 c2
Event: 17.993 Thread 0x000001c318cc2a20 DEOPT PACKING pc=0x000001c2c45ab798 sp=0x000000acbc2fd620
Event: 17.993 Thread 0x000001c318cc2a20 DEOPT UNPACKING pc=0x000001c2c3e43aa2 sp=0x000000acbc2fd5a8 mode 2
Event: 18.016 Thread 0x000001c318cc30b0 Uncommon trap: trap_request=0xfffffff4 fr.pc=0x000001c2c4589d9c relative=0x00000000000003dc
Event: 18.016 Thread 0x000001c318cc30b0 Uncommon trap: reason=null_check action=make_not_entrant pc=0x000001c2c4589d9c method=sun.invoke.util.VerifyType.isNullConversion(Ljava/lang/Class;Ljava/lang/Class;Z)Z @ 12 c2
Event: 18.016 Thread 0x000001c318cc30b0 DEOPT PACKING pc=0x000001c2c4589d9c sp=0x000000acbc3fc570
Event: 18.016 Thread 0x000001c318cc30b0 DEOPT UNPACKING pc=0x000001c2c3e43aa2 sp=0x000000acbc3fc4f8 mode 2
Event: 18.017 Thread 0x000001c318cc30b0 Uncommon trap: trap_request=0xffffff45 fr.pc=0x000001c2c43f39ac relative=0x000000000000010c
Event: 18.017 Thread 0x000001c318cc2390 Uncommon trap: trap_request=0xffffff45 fr.pc=0x000001c2c43f39ac relative=0x000000000000010c
Event: 18.017 Thread 0x000001c318cc30b0 Uncommon trap: reason=unstable_if action=reinterpret pc=0x000001c2c43f39ac method=jdk.internal.org.objectweb.asm.ByteVector.putShort(I)Ljdk/internal/org/objectweb/asm/ByteVector; @ 13 c2
Event: 18.017 Thread 0x000001c318cc2390 Uncommon trap: reason=unstable_if action=reinterpret pc=0x000001c2c43f39ac method=jdk.internal.org.objectweb.asm.ByteVector.putShort(I)Ljdk/internal/org/objectweb/asm/ByteVector; @ 13 c2
Event: 18.017 Thread 0x000001c318cc30b0 DEOPT PACKING pc=0x000001c2c43f39ac sp=0x000000acbc3fc150
Event: 18.017 Thread 0x000001c318cc2390 DEOPT PACKING pc=0x000001c2c43f39ac sp=0x000000acbc1fb940
Event: 18.017 Thread 0x000001c318cc30b0 DEOPT UNPACKING pc=0x000001c2c3e43aa2 sp=0x000000acbc3fc0e8 mode 2
Event: 18.017 Thread 0x000001c318cc2390 DEOPT UNPACKING pc=0x000001c2c3e43aa2 sp=0x000000acbc1fb8d8 mode 2
Event: 18.036 Thread 0x000001c318cc2a20 Uncommon trap: trap_request=0xffffff45 fr.pc=0x000001c2c4568ffc relative=0x000000000000019c
Event: 18.036 Thread 0x000001c318cc2a20 Uncommon trap: reason=unstable_if action=reinterpret pc=0x000001c2c4568ffc method=java.util.concurrent.locks.ReentrantReadWriteLock$Sync.tryReleaseShared(I)Z @ 129 c2
Event: 18.036 Thread 0x000001c318cc2a20 DEOPT PACKING pc=0x000001c2c4568ffc sp=0x000000acbc2fc620
Event: 18.036 Thread 0x000001c318cc2a20 DEOPT UNPACKING pc=0x000001c2c3e43aa2 sp=0x000000acbc2fc598 mode 2

Classes loaded (20 events):
Event: 17.747 Loading class java/lang/runtime/ObjectMethods
Event: 17.747 Loading class java/lang/runtime/ObjectMethods done
Event: 17.752 Loading class java/lang/invoke/MethodHandleImpl$Makers
Event: 17.752 Loading class java/lang/invoke/MethodHandleImpl$Makers done
Event: 17.752 Loading class java/lang/invoke/MethodHandleImpl$Makers$1
Event: 17.752 Loading class java/lang/invoke/MethodHandleImpl$Makers$1 done
Event: 17.752 Loading class java/lang/invoke/MethodHandleImpl$Makers$2
Event: 17.753 Loading class java/lang/invoke/MethodHandleImpl$Makers$2 done
Event: 17.753 Loading class java/lang/invoke/MethodHandleImpl$Makers$3
Event: 17.753 Loading class java/lang/invoke/MethodHandleImpl$Makers$3 done
Event: 17.761 Loading class java/lang/runtime/ObjectMethods$1
Event: 17.761 Loading class java/lang/runtime/ObjectMethods$1 done
Event: 18.015 Loading class java/lang/invoke/MethodHandleImpl$CountingWrapper
Event: 18.015 Loading class java/lang/invoke/MethodHandleImpl$CountingWrapper done
Event: 18.031 Loading class java/util/AbstractList$ListItr
Event: 18.031 Loading class java/util/AbstractList$ListItr done
Event: 18.053 Loading class java/nio/channels/Channels$ReadableByteChannelImpl
Event: 18.053 Loading class java/nio/channels/Channels$ReadableByteChannelImpl done
Event: 18.054 Loading class java/nio/channels/NonWritableChannelException
Event: 18.054 Loading class java/nio/channels/NonWritableChannelException done

Classes unloaded (7 events):
Event: 14.725 Thread 0x000001c2b9770990 Unloading class 0x000001c2d118cc00 'java/lang/invoke/LambdaForm$MH+0x000001c2d118cc00'
Event: 14.725 Thread 0x000001c2b9770990 Unloading class 0x000001c2d118c800 'java/lang/invoke/LambdaForm$MH+0x000001c2d118c800'
Event: 14.725 Thread 0x000001c2b9770990 Unloading class 0x000001c2d118c400 'java/lang/invoke/LambdaForm$MH+0x000001c2d118c400'
Event: 14.725 Thread 0x000001c2b9770990 Unloading class 0x000001c2d118c000 'java/lang/invoke/LambdaForm$MH+0x000001c2d118c000'
Event: 14.725 Thread 0x000001c2b9770990 Unloading class 0x000001c2d118bc00 'java/lang/invoke/LambdaForm$BMH+0x000001c2d118bc00'
Event: 14.725 Thread 0x000001c2b9770990 Unloading class 0x000001c2d118b800 'java/lang/invoke/LambdaForm$DMH+0x000001c2d118b800'
Event: 14.725 Thread 0x000001c2b9770990 Unloading class 0x000001c2d118a400 'java/lang/invoke/LambdaForm$DMH+0x000001c2d118a400'

Classes redefined (0 events):
No events

Internal exceptions (20 events):
Event: 17.751 Thread 0x000001c318cc2a20 Exception <a 'java/lang/NoSuchMethodError'{0x00000000d5830ac8}: 'java.lang.Object java.lang.invoke.Invokers$Holder.invoke_MT(java.lang.Object, java.lang.Object, java.lang.Object, java.lang.Object, java.lang.Object, java.lang.Object, java.lang.Object, java.lang.Object, java.lang.Object, java.lang.Object)'> (0x00000000d5830ac8) 
thrown [s\src\hotspot\share\interpreter\linkResolver.cpp, line 773]
Event: 17.751 Thread 0x000001c318cc30b0 Exception <a 'java/lang/NoSuchMethodError'{0x00000000d5835738}: 'java.lang.Object java.lang.invoke.Invokers$Holder.invoke_MT(java.lang.Object, java.lang.Object, java.lang.Object, java.lang.Object, java.lang.Object, java.lang.Object, java.lang.Object, java.lang.Object, java.lang.Object, java.lang.Object)'> (0x00000000d5835738) 
thrown [s\src\hotspot\share\interpreter\linkResolver.cpp, line 773]
Event: 17.761 Thread 0x000001c318cc30b0 Exception <a 'java/lang/NoSuchMethodError'{0x00000000d58b1740}: 'int java.lang.invoke.DirectMethodHandle$Holder.invokeVirtual(java.lang.Object, java.lang.Object, java.lang.Object)'> (0x00000000d58b1740) 
thrown [s\src\hotspot\share\interpreter\linkResolver.cpp, line 773]
Event: 17.762 Thread 0x000001c318cc30b0 Exception <a 'java/lang/NoSuchMethodError'{0x00000000d58b5ae8}: 'int java.lang.invoke.DirectMethodHandle$Holder.invokeStaticInit(java.lang.Object, int, int)'> (0x00000000d58b5ae8) 
thrown [s\src\hotspot\share\interpreter\linkResolver.cpp, line 773]
Event: 17.764 Thread 0x000001c318cc30b0 Exception <a 'java/lang/NoSuchMethodError'{0x00000000d58bd4d8}: 'int java.lang.invoke.DirectMethodHandle$Holder.invokeStaticInit(java.lang.Object, long, long)'> (0x00000000d58bd4d8) 
thrown [s\src\hotspot\share\interpreter\linkResolver.cpp, line 773]
Event: 17.764 Thread 0x000001c318cc30b0 Exception <a 'java/lang/NoSuchMethodError'{0x00000000d58c4220}: 'int java.lang.invoke.DirectMethodHandle$Holder.invokeStaticInit(java.lang.Object, float, float)'> (0x00000000d58c4220) 
thrown [s\src\hotspot\share\interpreter\linkResolver.cpp, line 773]
Event: 17.766 Thread 0x000001c318cc30b0 Exception <a 'java/lang/NoSuchMethodError'{0x00000000d58caf60}: 'int java.lang.invoke.DirectMethodHandle$Holder.invokeStaticInit(java.lang.Object, double, double)'> (0x00000000d58caf60) 
thrown [s\src\hotspot\share\interpreter\linkResolver.cpp, line 773]
Event: 17.766 Thread 0x000001c318cc30b0 Exception <a 'java/lang/NoSuchMethodError'{0x00000000d58cf778}: 'int java.lang.invoke.DirectMethodHandle$Holder.invokeStatic(java.lang.Object, long)'> (0x00000000d58cf778) 
thrown [s\src\hotspot\share\interpreter\linkResolver.cpp, line 773]
Event: 17.772 Thread 0x000001c318cc2a20 Exception <a 'java/lang/NoSuchMethodError'{0x00000000d59037b0}: 'int java.lang.invoke.Invokers$Holder.linkToTargetMethod(java.lang.Object, java.lang.Object)'> (0x00000000d59037b0) 
thrown [s\src\hotspot\share\interpreter\linkResolver.cpp, line 773]
Event: 17.772 Thread 0x000001c318cc30b0 Exception <a 'java/lang/NoSuchMethodError'{0x00000000d58f5bd8}: 'int java.lang.invoke.Invokers$Holder.linkToTargetMethod(java.lang.Object, java.lang.Object)'> (0x00000000d58f5bd8) 
thrown [s\src\hotspot\share\interpreter\linkResolver.cpp, line 773]
Event: 17.772 Thread 0x000001c318cc2390 Exception <a 'java/lang/NoSuchMethodError'{0x00000000d5906148}: 'int java.lang.invoke.Invokers$Holder.linkToTargetMethod(java.lang.Object, java.lang.Object)'> (0x00000000d5906148) 
thrown [s\src\hotspot\share\interpreter\linkResolver.cpp, line 773]
Event: 18.011 Thread 0x000001c318cc30b0 Exception <a 'java/lang/NoSuchMethodError'{0x00000000d63d6df0}: 'int java.lang.invoke.DirectMethodHandle$Holder.invokeSpecial(java.lang.Object, java.lang.Object, java.lang.Object, java.lang.Object)'> (0x00000000d63d6df0) 
thrown [s\src\hotspot\share\interpreter\linkResolver.cpp, line 773]
Event: 18.011 Thread 0x000001c318cc2390 Exception <a 'java/lang/NoSuchMethodError'{0x00000000d63e7340}: 'int java.lang.invoke.DirectMethodHandle$Holder.invokeSpecial(java.lang.Object, java.lang.Object, java.lang.Object, java.lang.Object)'> (0x00000000d63e7340) 
thrown [s\src\hotspot\share\interpreter\linkResolver.cpp, line 773]
Event: 18.013 Thread 0x000001c318cc2390 Exception <a 'java/lang/NoSuchMethodError'{0x00000000d63f5198}: 'java.lang.Object java.lang.invoke.DirectMethodHandle$Holder.invokeStatic(java.lang.Object, int, java.lang.Object, java.lang.Object)'> (0x00000000d63f5198) 
thrown [s\src\hotspot\share\interpreter\linkResolver.cpp, line 773]
Event: 18.013 Thread 0x000001c318cc30b0 Exception <a 'java/lang/NoSuchMethodError'{0x00000000d64091e8}: 'java.lang.Object java.lang.invoke.DirectMethodHandle$Holder.invokeStatic(java.lang.Object, int, java.lang.Object, java.lang.Object)'> (0x00000000d64091e8) 
thrown [s\src\hotspot\share\interpreter\linkResolver.cpp, line 773]
Event: 18.014 Thread 0x000001c318cc2390 Exception <a 'java/lang/NoSuchMethodError'{0x00000000d63f8c48}: 'java.lang.Object java.lang.invoke.DelegatingMethodHandle$Holder.delegate(java.lang.Object, int, java.lang.Object, java.lang.Object)'> (0x00000000d63f8c48) 
thrown [s\src\hotspot\share\interpreter\linkResolver.cpp, line 773]
Event: 18.014 Thread 0x000001c318cc30b0 Exception <a 'java/lang/NoSuchMethodError'{0x00000000d640caa0}: 'java.lang.Object java.lang.invoke.DelegatingMethodHandle$Holder.delegate(java.lang.Object, int, java.lang.Object, java.lang.Object)'> (0x00000000d640caa0) 
thrown [s\src\hotspot\share\interpreter\linkResolver.cpp, line 773]
Event: 18.016 Thread 0x000001c318cc30b0 Implicit null exception at 0x000001c2c4589a80 to 0x000001c2c4589d8c
Event: 18.019 Thread 0x000001c318cc30b0 Exception <a 'java/lang/NoSuchMethodError'{0x00000000d6453d68}: 'int java.lang.invoke.Invokers$Holder.linkToTargetMethod(java.lang.Object, java.lang.Object, java.lang.Object)'> (0x00000000d6453d68) 
thrown [s\src\hotspot\share\interpreter\linkResolver.cpp, line 773]
Event: 18.019 Thread 0x000001c318cc2390 Exception <a 'java/lang/NoSuchMethodError'{0x00000000d6442c80}: 'int java.lang.invoke.Invokers$Holder.linkToTargetMethod(java.lang.Object, java.lang.Object, java.lang.Object)'> (0x00000000d6442c80) 
thrown [s\src\hotspot\share\interpreter\linkResolver.cpp, line 773]

ZGC Phase Switch (0 events):
No events

VM Operations (20 events):
Event: 16.782 Executing VM operation: ParallelGCFailedAllocation (Allocation Failure) done
Event: 16.917 Executing VM operation: HandshakeAllThreads (Deoptimize)
Event: 16.917 Executing VM operation: HandshakeAllThreads (Deoptimize) done
Event: 17.134 Executing VM operation: HandshakeAllThreads (Deoptimize)
Event: 17.134 Executing VM operation: HandshakeAllThreads (Deoptimize) done
Event: 17.473 Executing VM operation: HandshakeAllThreads (Deoptimize)
Event: 17.473 Executing VM operation: HandshakeAllThreads (Deoptimize) done
Event: 17.519 Executing VM operation: HandshakeAllThreads (Deoptimize)
Event: 17.519 Executing VM operation: HandshakeAllThreads (Deoptimize) done
Event: 17.581 Executing VM operation: HandshakeAllThreads (Deoptimize)
Event: 17.581 Executing VM operation: HandshakeAllThreads (Deoptimize) done
Event: 17.582 Executing VM operation: HandshakeAllThreads (Deoptimize)
Event: 17.582 Executing VM operation: HandshakeAllThreads (Deoptimize) done
Event: 17.653 Executing VM operation: ParallelGCFailedAllocation (Allocation Failure)
Event: 17.659 Executing VM operation: ParallelGCFailedAllocation (Allocation Failure) done
Event: 17.912 Executing VM operation: ParallelGCFailedAllocation (Allocation Failure)
Event: 17.918 Executing VM operation: ParallelGCFailedAllocation (Allocation Failure) done
Event: 18.103 Executing VM operation: ParallelGCFailedAllocation (Allocation Failure)
Event: 18.109 Executing VM operation: ParallelGCFailedAllocation (Allocation Failure) done
Event: 18.201 Executing VM operation: ParallelGCFailedAllocation (Allocation Failure)

Memory protections (0 events):
No events

Nmethod flushes (0 events):
No events

Events (20 events):
Event: 13.161 Thread 0x000001c31757fff0 Thread added: 0x000001c317ada8f0
Event: 13.207 Thread 0x000001c31757fff0 Thread added: 0x000001c317c9c040
Event: 13.228 Thread 0x000001c31757fff0 Thread added: 0x000001c317ad07c0
Event: 15.180 Thread 0x000001c31757fff0 Thread added: 0x000001c317ace6f0
Event: 15.296 Thread 0x000001c317ace6f0 Thread exited: 0x000001c317ace6f0
Event: 15.735 Thread 0x000001c2b72fbba0 Thread added: 0x000001c317aced80
Event: 15.735 Thread 0x000001c2b72fbba0 Thread added: 0x000001c317ad14e0
Event: 15.736 Thread 0x000001c2b72fbba0 Thread added: 0x000001c317ad0130
Event: 15.736 Thread 0x000001c2b72fbba0 Thread added: 0x000001c317ad0e50
Event: 15.736 Thread 0x000001c2b72fbba0 Thread added: 0x000001c317acf410
Event: 15.736 Thread 0x000001c2b72fbba0 Thread added: 0x000001c317acfaa0
Event: 15.737 Thread 0x000001c2b72fbba0 Thread added: 0x000001c317ace060
Event: 15.737 Thread 0x000001c2b72fbba0 Thread added: 0x000001c317ace6f0
Event: 15.737 Thread 0x000001c2b72fbba0 Thread added: 0x000001c318cc3dd0
Event: 15.758 Thread 0x000001c2b72fbba0 Thread added: 0x000001c318cc0fe0
Event: 16.168 Thread 0x000001c317c9c040 Thread added: 0x000001c318cc4460
Event: 16.217 Thread 0x000001c2b72fbba0 Thread added: 0x000001c318cc3740
Event: 16.218 Thread 0x000001c2b72fbba0 Thread added: 0x000001c318cc2390
Event: 17.314 Thread 0x000001c318cc2390 Thread added: 0x000001c318cc2a20
Event: 17.317 Thread 0x000001c318cc2390 Thread added: 0x000001c318cc30b0


Dynamic libraries:
0x00007ff6b1bc0000 - 0x00007ff6b1bce000 	c:\Users\muoi\.vscode\extensions\redhat.java-1.46.0-win32-x64\jre\21.0.8-win32-x86_64\bin\java.exe
0x00007ff92ff80000 - 0x00007ff9301e8000 	C:\WINDOWS\SYSTEM32\ntdll.dll
0x00007ff92dfa0000 - 0x00007ff92e069000 	C:\WINDOWS\System32\KERNEL32.DLL
0x00007ff92d460000 - 0x00007ff92d852000 	C:\WINDOWS\System32\KERNELBASE.dll
0x00007ff92d310000 - 0x00007ff92d45b000 	C:\WINDOWS\System32\ucrtbase.dll
0x00007ff91f130000 - 0x00007ff91f148000 	c:\Users\muoi\.vscode\extensions\redhat.java-1.46.0-win32-x64\jre\21.0.8-win32-x86_64\bin\jli.dll
0x00007ff92dd80000 - 0x00007ff92df45000 	C:\WINDOWS\System32\USER32.dll
0x00007ff91f110000 - 0x00007ff91f12e000 	c:\Users\muoi\.vscode\extensions\redhat.java-1.46.0-win32-x64\jre\21.0.8-win32-x86_64\bin\VCRUNTIME140.dll
0x00007ff92db00000 - 0x00007ff92db27000 	C:\WINDOWS\System32\win32u.dll
0x00007ff92f470000 - 0x00007ff92f49b000 	C:\WINDOWS\System32\GDI32.dll
0x00007ff917b00000 - 0x00007ff917d93000 	C:\WINDOWS\WinSxS\amd64_microsoft.windows.common-controls_6595b64144ccf1df_6.0.26100.6899_none_3e0efeeae32e88c1\COMCTL32.dll
0x00007ff92d860000 - 0x00007ff92d98d000 	C:\WINDOWS\System32\gdi32full.dll
0x00007ff92fbe0000 - 0x00007ff92fc89000 	C:\WINDOWS\System32\msvcrt.dll
0x00007ff92d990000 - 0x00007ff92da33000 	C:\WINDOWS\System32\msvcp_win.dll
0x00007ff92fc90000 - 0x00007ff92fcbf000 	C:\WINDOWS\System32\IMM32.DLL
0x00007ff8d6f90000 - 0x00007ff8d6f9c000 	c:\Users\muoi\.vscode\extensions\redhat.java-1.46.0-win32-x64\jre\21.0.8-win32-x86_64\bin\vcruntime140_1.dll
0x00007ff8c1ae0000 - 0x00007ff8c1b6d000 	c:\Users\muoi\.vscode\extensions\redhat.java-1.46.0-win32-x64\jre\21.0.8-win32-x86_64\bin\msvcp140.dll
0x00007ff878140000 - 0x00007ff878ed7000 	c:\Users\muoi\.vscode\extensions\redhat.java-1.46.0-win32-x64\jre\21.0.8-win32-x86_64\bin\server\jvm.dll
0x00007ff92f5b0000 - 0x00007ff92f664000 	C:\WINDOWS\System32\ADVAPI32.dll
0x00007ff92f350000 - 0x00007ff92f3f6000 	C:\WINDOWS\System32\sechost.dll
0x00007ff92e670000 - 0x00007ff92e788000 	C:\WINDOWS\System32\RPCRT4.dll
0x00007ff92fb00000 - 0x00007ff92fb74000 	C:\WINDOWS\System32\WS2_32.dll
0x00007ff92cf70000 - 0x00007ff92cfce000 	C:\WINDOWS\SYSTEM32\POWRPROF.dll
0x00007ff91be60000 - 0x00007ff91be6b000 	C:\WINDOWS\SYSTEM32\VERSION.dll
0x00007ff919500000 - 0x00007ff919535000 	C:\WINDOWS\SYSTEM32\WINMM.dll
0x00007ff92cf50000 - 0x00007ff92cf64000 	C:\WINDOWS\SYSTEM32\UMPDC.dll
0x00007ff92bea0000 - 0x00007ff92bebb000 	C:\WINDOWS\SYSTEM32\kernel.appcore.dll
0x00007ff8d6f80000 - 0x00007ff8d6f8a000 	c:\Users\muoi\.vscode\extensions\redhat.java-1.46.0-win32-x64\jre\21.0.8-win32-x86_64\bin\jimage.dll
0x00007ff927690000 - 0x00007ff9278d2000 	C:\WINDOWS\SYSTEM32\DBGHELP.DLL
0x00007ff92eef0000 - 0x00007ff92f26b000 	C:\WINDOWS\System32\combase.dll
0x00007ff92f270000 - 0x00007ff92f347000 	C:\WINDOWS\System32\OLEAUT32.dll
0x00007ff919430000 - 0x00007ff91946c000 	C:\WINDOWS\SYSTEM32\dbgcore.DLL
0x00007ff92dcb0000 - 0x00007ff92dd48000 	C:\WINDOWS\System32\bcryptPrimitives.dll
0x00007ff8d6f70000 - 0x00007ff8d6f7f000 	c:\Users\muoi\.vscode\extensions\redhat.java-1.46.0-win32-x64\jre\21.0.8-win32-x86_64\bin\instrument.dll
0x00007ff8c1f50000 - 0x00007ff8c1f6f000 	c:\Users\muoi\.vscode\extensions\redhat.java-1.46.0-win32-x64\jre\21.0.8-win32-x86_64\bin\java.dll
0x00007ff92e7a0000 - 0x00007ff92eeed000 	C:\WINDOWS\System32\SHELL32.dll
0x00007ff92d110000 - 0x00007ff92d27b000 	C:\WINDOWS\System32\wintypes.dll
0x00007ff92ad40000 - 0x00007ff92b59d000 	C:\WINDOWS\SYSTEM32\windows.storage.dll
0x00007ff92e080000 - 0x00007ff92e172000 	C:\WINDOWS\System32\SHCORE.dll
0x00007ff92f400000 - 0x00007ff92f462000 	C:\WINDOWS\System32\shlwapi.dll
0x00007ff92d030000 - 0x00007ff92d059000 	C:\WINDOWS\SYSTEM32\profapi.dll
0x00007ff8c1f30000 - 0x00007ff8c1f48000 	c:\Users\muoi\.vscode\extensions\redhat.java-1.46.0-win32-x64\jre\21.0.8-win32-x86_64\bin\zip.dll
0x00007ff8d6f60000 - 0x00007ff8d6f70000 	C:\Users\muoi\.vscode\extensions\redhat.java-1.46.0-win32-x64\jre\21.0.8-win32-x86_64\bin\net.dll
0x00007ff92a740000 - 0x00007ff92a85f000 	C:\WINDOWS\SYSTEM32\WINHTTP.dll
0x00007ff92c3f0000 - 0x00007ff92c45b000 	C:\WINDOWS\system32\mswsock.dll
0x00007ff8c1ac0000 - 0x00007ff8c1ad6000 	C:\Users\muoi\.vscode\extensions\redhat.java-1.46.0-win32-x64\jre\21.0.8-win32-x86_64\bin\nio.dll
0x00007ff89d270000 - 0x00007ff89d280000 	c:\Users\muoi\.vscode\extensions\redhat.java-1.46.0-win32-x64\jre\21.0.8-win32-x86_64\bin\verify.dll
0x00007ff8c1a70000 - 0x00007ff8c1ab4000 	C:\Users\muoi\AppData\Roaming\Code\User\globalStorage\redhat.java\1.46.0\config_ss_win\org.eclipse.equinox.launcher\org.eclipse.equinox.launcher.win32.win32.x86_64_1.2.1400.v20250801-0854\eclipse_11916.dll
0x00007ff92e270000 - 0x00007ff92e408000 	C:\WINDOWS\System32\ole32.dll
0x00007ff92c7d0000 - 0x00007ff92c7eb000 	C:\WINDOWS\SYSTEM32\CRYPTSP.dll
0x00007ff92be00000 - 0x00007ff92be3b000 	C:\WINDOWS\system32\rsaenh.dll
0x00007ff92c490000 - 0x00007ff92c4bb000 	C:\WINDOWS\SYSTEM32\USERENV.dll
0x00007ff92d000000 - 0x00007ff92d026000 	C:\WINDOWS\SYSTEM32\bcrypt.dll
0x00007ff92c630000 - 0x00007ff92c63c000 	C:\WINDOWS\SYSTEM32\CRYPTBASE.dll
0x00007ff92b8f0000 - 0x00007ff92b924000 	C:\WINDOWS\SYSTEM32\IPHLPAPI.DLL
0x00007ff92f5a0000 - 0x00007ff92f5aa000 	C:\WINDOWS\System32\NSI.dll
0x00007ff8933c0000 - 0x00007ff893409000 	C:\Users\muoi\AppData\Local\Temp\jna-3363202\jna11106807960345962579.dll
0x00007ff92e070000 - 0x00007ff92e078000 	C:\WINDOWS\System32\PSAPI.DLL
0x00007ff91eb50000 - 0x00007ff91eb6e000 	C:\WINDOWS\SYSTEM32\dhcpcsvc6.DLL
0x00007ff91e8c0000 - 0x00007ff91e8e3000 	C:\WINDOWS\SYSTEM32\dhcpcsvc.DLL

JVMTI agents:
c:\Users\muoi\.vscode\extensions\redhat.java-1.46.0-win32-x64\lombok\lombok-1.18.39-4050.jar path:c:\Users\muoi\.vscode\extensions\redhat.java-1.46.0-win32-x64\jre\21.0.8-win32-x86_64\bin\instrument.dll, loaded, initialized, instrumentlib options:none

dbghelp: loaded successfully - version: 4.0.5 - missing functions: none
symbol engine: initialized successfully - sym options: 0x614 - pdb path: .;c:\Users\muoi\.vscode\extensions\redhat.java-1.46.0-win32-x64\jre\21.0.8-win32-x86_64\bin;C:\WINDOWS\SYSTEM32;C:\WINDOWS\WinSxS\amd64_microsoft.windows.common-controls_6595b64144ccf1df_6.0.26100.6899_none_3e0efeeae32e88c1;c:\Users\muoi\.vscode\extensions\redhat.java-1.46.0-win32-x64\jre\21.0.8-win32-x86_64\bin\server;C:\Users\muoi\AppData\Roaming\Code\User\globalStorage\redhat.java\1.46.0\config_ss_win\org.eclipse.equinox.launcher\org.eclipse.equinox.launcher.win32.win32.x86_64_1.2.1400.v20250801-0854;C:\Users\muoi\AppData\Local\Temp\jna-3363202

VM Arguments:
jvm_args: --add-modules=ALL-SYSTEM --add-opens=java.base/java.util=ALL-UNNAMED --add-opens=java.base/java.lang=ALL-UNNAMED --add-opens=java.base/sun.nio.fs=ALL-UNNAMED -Declipse.application=org.eclipse.jdt.ls.core.id1 -Dosgi.bundles.defaultStartLevel=4 -Declipse.product=org.eclipse.jdt.ls.core.product -Djava.import.generatesMetadataFilesAtProjectRoot=false -DDetectVMInstallationsJob.disabled=true -Dfile.encoding=utf8 -XX:+UseParallelGC -XX:GCTimeRatio=4 -XX:AdaptiveSizePolicyWeight=90 -Dsun.zip.disableMemoryMapping=true -Xmx2G -Xms100m -Xlog:disable -javaagent:c:\Users\muoi\.vscode\extensions\redhat.java-1.46.0-win32-x64\lombok\lombok-1.18.39-4050.jar 
java_command: c:\Users\muoi\.vscode\extensions\redhat.java-1.46.0-win32-x64\server\plugins\org.eclipse.equinox.launcher_1.7.0.v20250519-0528.jar -configuration c:\Users\muoi\AppData\Roaming\Code\User\globalStorage\redhat.java\1.46.0\config_ss_win -data c:\Users\muoi\AppData\Roaming\Code\User\workspaceStorage\cd43c9eb03e8a2cb58f56214c8b6dfa4\redhat.java\ss_ws --pipe=\\.\pipe\lsp-ac4cd0b622ba5b9569d3e7597921089e-sock
java_class_path (initial): c:\Users\muoi\.vscode\extensions\redhat.java-1.46.0-win32-x64\server\plugins\org.eclipse.equinox.launcher_1.7.0.v20250519-0528.jar
Launcher Type: SUN_STANDARD

[Global flags]
    uintx AdaptiveSizePolicyWeight                 = 90                                        {product} {command line}
     intx CICompilerCount                          = 4                                         {product} {ergonomic}
    uintx GCTimeRatio                              = 4                                         {product} {command line}
   size_t InitialHeapSize                          = 104857600                                 {product} {command line}
   size_t MaxHeapSize                              = 2147483648                                {product} {command line}
   size_t MaxNewSize                               = 715653120                                 {product} {ergonomic}
   size_t MinHeapDeltaBytes                        = 524288                                    {product} {ergonomic}
   size_t MinHeapSize                              = 104857600                                 {product} {command line}
   size_t NewSize                                  = 34603008                                  {product} {ergonomic}
    uintx NonNMethodCodeHeapSize                   = 5839372                                {pd product} {ergonomic}
    uintx NonProfiledCodeHeapSize                  = 122909434                              {pd product} {ergonomic}
   size_t OldSize                                  = 70254592                                  {product} {ergonomic}
    uintx ProfiledCodeHeapSize                     = 122909434                              {pd product} {ergonomic}
    uintx ReservedCodeCacheSize                    = 251658240                              {pd product} {ergonomic}
     bool SegmentedCodeCache                       = true                                      {product} {ergonomic}
   size_t SoftMaxHeapSize                          = 2147483648                             {manageable} {ergonomic}
     bool UseCompressedOops                        = true                           {product lp64_product} {ergonomic}
     bool UseLargePagesIndividualAllocation        = false                                  {pd product} {ergonomic}
     bool UseParallelGC                            = true                                      {product} {command line}

Logging:
Log output configuration:
 #0: stdout all=off uptime,level,tags foldmultilines=false
 #1: stderr all=off uptime,level,tags foldmultilines=false

Environment Variables:
JAVA_HOME=C:\Program Files\Java\jdk-21
PATH=C:\Program Files\Common Files\Oracle\Java\javapath;C:\WINDOWS\system32;C:\WINDOWS;C:\WINDOWS\System32\Wbem;C:\WINDOWS\System32\WindowsPowerShell\v1.0\;C:\WINDOWS\System32\OpenSSH\;c:\Users\muoi\AppData\Local\Programs\cursor\resources\app\bin;C:\Program Files\Git\cmd;C:\Program Files\Java\jdk-21\bin;C:\Users\muoi\AppData\Roaming\nvm;C:\Program Files\nodejs;C:\Users\muoi\Downloads\Auto_Golike_Fram;C:\Program Files\dotnet\;C:\Program Files\Docker\Docker\resources\bin;C:\Users\muoi\Downloads\apache-maven-3.9.11-bin (1)\apache-maven-3.9.11\bin;C:\Users\muoi\Downloads\apache-maven-3.9.11-bin\apache-maven-3.9.11\bin;C:\Users\muoi\AppData\Local\Programs\Python\Python312\Scripts\;C:\Users\muoi\AppData\Local\Programs\Python\Python312\;C:\Users\muoi\AppData\Local\Programs\Python\Launcher\;C:\Users\muoi\AppData\Local\Microsoft\WindowsApps;C:\Users\muoi\AppData\Local\Programs\Microsoft VS Code\bin;C:\Users\muoi\AppData\Local\Programs\cursor\resources\app\bin;C:\Users\muoi\AppData\Roaming\nvm;C:\Program Files\nodejs;C:\platform-tools;C:\Users\muoi\.dotnet\tools
USERNAME=muoi
OS=Windows_NT
PROCESSOR_IDENTIFIER=Intel64 Family 6 Model 142 Stepping 10, GenuineIntel
TMP=C:\Users\muoi\AppData\Local\Temp
TEMP=C:\Users\muoi\AppData\Local\Temp




Periodic native trim disabled

---------------  S Y S T E M  ---------------

OS:
 Windows 11 , 64 bit Build 26100 (10.0.26100.6725)
OS uptime: 0 days 7:42 hours
Hyper-V role detected

CPU: total 8 (initial active 8) (4 cores per cpu, 2 threads per core) family 6 model 142 stepping 10 microcode 0xe0, cx8, cmov, fxsr, ht, mmx, 3dnowpref, sse, sse2, sse3, ssse3, sse4.1, sse4.2, popcnt, lzcnt, tsc, tscinvbit, avx, avx2, aes, erms, clmul, bmi1, bmi2, adx, fma, vzeroupper, clflush, clflushopt, hv, rdtscp, f16c
Processor Information for the first 8 processors :
  Max Mhz: 1801, Current Mhz: 1801, Mhz Limit: 1801

Memory: 4k page, system-wide physical 16243M (2651M free)
TotalPageFile size 16243M (AvailPageFile size 24M)
current process WorkingSet (physical memory assigned to process): 184M, peak: 184M
current process commit charge ("private bytes"): 304M, peak: 307M

vm_info: OpenJDK 64-Bit Server VM (21.0.8+9-LTS) for windows-amd64 JRE (21.0.8+9-LTS), built on 2025-07-15T00:00:00Z by "admin" with MS VC++ 17.7 (VS2022)

END.
