#
# There is insufficient memory for the Java Runtime Environment to continue.
# Native memory allocation (malloc) failed to allocate 1048576 bytes. Error detail: AllocateHeap
# Possible reasons:
#   The system is out of physical RAM or swap space
#   This process is running with CompressedOops enabled, and the Java Heap may be blocking the growth of the native heap
# Possible solutions:
#   Reduce memory load on the system
#   Increase physical memory or swap space
#   Check if swap backing store is full
#   Decrease Java heap size (-Xmx/-Xms)
#   Decrease number of Java threads
#   Decrease Java thread stack sizes (-Xss)
#   Set larger code cache with -XX:ReservedCodeCacheSize=
#   JVM is running with Unscaled Compressed Oops mode in which the Java heap is
#     placed in the first 4GB address space. The Java Heap base address is the
#     maximum limit for the native heap growth. Please use -XX:HeapBaseMinAddress
#     to set the Java Heap base and to place the Java Heap above 4GB virtual address.
# This output file may be truncated or incomplete.
#
#  Out of Memory Error (allocation.cpp:44), pid=20240, tid=16180
#
# JRE version: OpenJDK Runtime Environment Temurin-21.0.8+9 (21.0.8+9) (build 21.0.8+9-LTS)
# Java VM: OpenJDK 64-Bit Server VM Temurin-21.0.8+9 (21.0.8+9-LTS, mixed mode, sharing, tiered, compressed oops, compressed class ptrs, parallel gc, windows-amd64)
# No core dump will be written. Minidumps are not enabled by default on client versions of Windows
#

---------------  S U M M A R Y ------------

Command Line: --add-modules=ALL-SYSTEM --add-opens=java.base/java.util=ALL-UNNAMED --add-opens=java.base/java.lang=ALL-UNNAMED --add-opens=java.base/sun.nio.fs=ALL-UNNAMED -Declipse.application=org.eclipse.jdt.ls.core.id1 -Dosgi.bundles.defaultStartLevel=4 -Declipse.product=org.eclipse.jdt.ls.core.product -Djava.import.generatesMetadataFilesAtProjectRoot=false -DDetectVMInstallationsJob.disabled=true -Dfile.encoding=utf8 -XX:+UseParallelGC -XX:GCTimeRatio=4 -XX:AdaptiveSizePolicyWeight=90 -Dsun.zip.disableMemoryMapping=true -Xmx2G -Xms100m -Xlog:disable -javaagent:c:\Users\muoi\.vscode\extensions\redhat.java-1.46.0-win32-x64\lombok\lombok-1.18.39-4050.jar -XX:+HeapDumpOnOutOfMemoryError -XX:HeapDumpPath=c:\Users\muoi\AppData\Roaming\Code\User\workspaceStorage\cd43c9eb03e8a2cb58f56214c8b6dfa4\redhat.java -Daether.dependencyCollector.impl=bf c:\Users\muoi\.vscode\extensions\redhat.java-1.46.0-win32-x64\server\plugins\org.eclipse.equinox.launcher_1.7.0.v20250519-0528.jar -configuration c:\Users\muoi\AppData\Roaming\Code\User\globalStorage\redhat.java\1.46.0\config_win -data c:\Users\muoi\AppData\Roaming\Code\User\workspaceStorage\cd43c9eb03e8a2cb58f56214c8b6dfa4\redhat.java\jdt_ws --pipe=\\.\pipe\lsp-97ba7aec2679d9c82f486b116fbf88b6-sock

Host: Intel(R) Core(TM) i5-8250U CPU @ 1.60GHz, 8 cores, 15G,  Windows 11 , 64 bit Build 26100 (10.0.26100.5074)
Time: Fri Oct 10 13:39:33 2025 SE Asia Standard Time elapsed time: 3552.561052 seconds (0d 0h 59m 12s)

---------------  T H R E A D  ---------------

Current thread (0x00000246c7884b80):  JavaThread "Attach Listener" daemon [_thread_in_vm, id=16180, stack(0x000000d23f700000,0x000000d23f800000) (1024K)]

Stack: [0x000000d23f700000,0x000000d23f800000]
Native frames: (J=compiled Java code, j=interpreted, Vv=VM code, C=native code)
V  [jvm.dll+0x6d2449]
V  [jvm.dll+0x8ae341]
V  [jvm.dll+0x8b08be]
V  [jvm.dll+0x8b0fa3]
V  [jvm.dll+0x280c96]
V  [jvm.dll+0xc0347]
V  [jvm.dll+0x6d2cf9]
V  [jvm.dll+0x131116]
V  [jvm.dll+0x3f2d16]
V  [jvm.dll+0x857e6b]
V  [jvm.dll+0x6d0b0d]
C  [ucrtbase.dll+0x37b0]
C  [KERNEL32.DLL+0x2e8d7]
C  [ntdll.dll+0x8d9c]


---------------  P R O C E S S  ---------------

Threads class SMR info:
_java_thread_list=0x00000246e57809b0, length=50, elements={
0x00000246c565b1b0, 0x00000246c787e410, 0x00000246c7881b20, 0x00000246c78858a0,
0x00000246c7884b80, 0x00000246c7886c50, 0x00000246c78844f0, 0x00000246c788af40,
0x00000246dfb917a0, 0x00000246c7885f30, 0x00000246c7885210, 0x00000246c78865c0,
0x00000246c78837d0, 0x00000246c7883e60, 0x00000246e425e840, 0x00000246e425f560,
0x00000246e4260280, 0x00000246e4260fa0, 0x00000246e4260910, 0x00000246e4261630,
0x00000246e4261cc0, 0x00000246e425eed0, 0x00000246e4263700, 0x00000246e4263070,
0x00000246e42629e0, 0x00000246e4263d90, 0x00000246e4264ab0, 0x00000246e4264420,
0x00000246e4265140, 0x00000246e42657d0, 0x00000246e6ff0f10, 0x00000246e6ff15a0,
0x00000246e6ff3670, 0x00000246e6ff22c0, 0x00000246e6ff7810, 0x00000246e6ff4a20,
0x00000246e6ff8530, 0x00000246e6ff50b0, 0x00000246f2a098c0, 0x00000246f2a09230,
0x00000246f2a0b990, 0x00000246f2a0a5e0, 0x00000246f2a08ba0, 0x00000246f2a09f50,
0x00000246f2a08510, 0x00000246f2a0e0f0, 0x00000246f2a0ac70, 0x00000246f2a0b300,
0x00000246f2a0d3d0, 0x00000246f2a0c6b0
}

Java Threads: ( => current thread )
  0x00000246c565b1b0 JavaThread "main"                              [_thread_blocked, id=18932, stack(0x000000d23f000000,0x000000d23f100000) (1024K)]
  0x00000246c787e410 JavaThread "Reference Handler"          daemon [_thread_blocked, id=11020, stack(0x000000d23f400000,0x000000d23f500000) (1024K)]
  0x00000246c7881b20 JavaThread "Finalizer"                  daemon [_thread_blocked, id=26564, stack(0x000000d23f500000,0x000000d23f600000) (1024K)]
  0x00000246c78858a0 JavaThread "Signal Dispatcher"          daemon [_thread_blocked, id=14532, stack(0x000000d23f600000,0x000000d23f700000) (1024K)]
=>0x00000246c7884b80 JavaThread "Attach Listener"            daemon [_thread_in_vm, id=16180, stack(0x000000d23f700000,0x000000d23f800000) (1024K)]
  0x00000246c7886c50 JavaThread "Service Thread"             daemon [_thread_blocked, id=23932, stack(0x000000d23f800000,0x000000d23f900000) (1024K)]
  0x00000246c78844f0 JavaThread "Monitor Deflation Thread"   daemon [_thread_blocked, id=25036, stack(0x000000d23f900000,0x000000d23fa00000) (1024K)]
  0x00000246c788af40 JavaThread "C2 CompilerThread0"         daemon [_thread_blocked, id=5524, stack(0x000000d23fa00000,0x000000d23fb00000) (1024K)]
  0x00000246dfb917a0 JavaThread "C1 CompilerThread0"         daemon [_thread_blocked, id=16640, stack(0x000000d23fb00000,0x000000d23fc00000) (1024K)]
  0x00000246c7885f30 JavaThread "Common-Cleaner"             daemon [_thread_blocked, id=12236, stack(0x000000d23fc00000,0x000000d23fd00000) (1024K)]
  0x00000246c7885210 JavaThread "Notification Thread"        daemon [_thread_blocked, id=16896, stack(0x000000d23fe00000,0x000000d23ff00000) (1024K)]
  0x00000246c78865c0 JavaThread "Active Thread: Equinox Container: b4effd4c-59fa-4a33-bb8a-1f8fa6894903"        [_thread_blocked, id=21552, stack(0x000000d240600000,0x000000d240700000) (1024K)]
  0x00000246c78837d0 JavaThread "Refresh Thread: Equinox Container: b4effd4c-59fa-4a33-bb8a-1f8fa6894903" daemon [_thread_blocked, id=18812, stack(0x000000d23fd00000,0x000000d23fe00000) (1024K)]
  0x00000246c7883e60 JavaThread "Framework Event Dispatcher: Equinox Container: b4effd4c-59fa-4a33-bb8a-1f8fa6894903" daemon [_thread_blocked, id=16608, stack(0x000000d240700000,0x000000d240800000) (1024K)]
  0x00000246e425e840 JavaThread "Start Level: Equinox Container: b4effd4c-59fa-4a33-bb8a-1f8fa6894903" daemon [_thread_blocked, id=15748, stack(0x000000d240800000,0x000000d240900000) (1024K)]
  0x00000246e425f560 JavaThread "Bundle File Closer"         daemon [_thread_blocked, id=15108, stack(0x000000d240a00000,0x000000d240b00000) (1024K)]
  0x00000246e4260280 JavaThread "SCR Component Actor"        daemon [_thread_blocked, id=9856, stack(0x000000d240900000,0x000000d240a00000) (1024K)]
  0x00000246e4260fa0 JavaThread "Worker-JM"                         [_thread_blocked, id=17196, stack(0x000000d240d00000,0x000000d240e00000) (1024K)]
  0x00000246e4260910 JavaThread "JNA Cleaner"                daemon [_thread_blocked, id=18056, stack(0x000000d240b00000,0x000000d240c00000) (1024K)]
  0x00000246e4261630 JavaThread "Worker-0"                          [_thread_blocked, id=18416, stack(0x000000d240c00000,0x000000d240d00000) (1024K)]
  0x00000246e4261cc0 JavaThread "Java indexing"              daemon [_thread_blocked, id=9840, stack(0x000000d241200000,0x000000d241300000) (1024K)]
  0x00000246e425eed0 JavaThread "Worker-4"                          [_thread_blocked, id=16288, stack(0x000000d241700000,0x000000d241800000) (1024K)]
  0x00000246e4263700 JavaThread "Thread-1"                   daemon [_thread_in_native, id=19396, stack(0x000000d241800000,0x000000d241900000) (1024K)]
  0x00000246e4263070 JavaThread "Thread-2"                   daemon [_thread_in_native, id=5052, stack(0x000000d241900000,0x000000d241a00000) (1024K)]
  0x00000246e42629e0 JavaThread "Thread-3"                   daemon [_thread_in_native, id=604, stack(0x000000d241a00000,0x000000d241b00000) (1024K)]
  0x00000246e4263d90 JavaThread "Thread-4"                   daemon [_thread_in_native, id=14632, stack(0x000000d241b00000,0x000000d241c00000) (1024K)]
  0x00000246e4264ab0 JavaThread "Thread-5"                   daemon [_thread_in_native, id=23960, stack(0x000000d241c00000,0x000000d241d00000) (1024K)]
  0x00000246e4264420 JavaThread "Thread-6"                   daemon [_thread_in_native, id=4092, stack(0x000000d241d00000,0x000000d241e00000) (1024K)]
  0x00000246e4265140 JavaThread "Thread-7"                   daemon [_thread_in_native, id=11252, stack(0x000000d241e00000,0x000000d241f00000) (1024K)]
  0x00000246e42657d0 JavaThread "Thread-8"                   daemon [_thread_in_native, id=15936, stack(0x000000d241f00000,0x000000d242000000) (1024K)]
  0x00000246e6ff0f10 JavaThread "Thread-9"                   daemon [_thread_in_native, id=20188, stack(0x000000d242000000,0x000000d242100000) (1024K)]
  0x00000246e6ff15a0 JavaThread "pool-2-thread-1"                   [_thread_blocked, id=10580, stack(0x000000d242100000,0x000000d242200000) (1024K)]
  0x00000246e6ff3670 JavaThread "WorkspaceEventsHandler"            [_thread_blocked, id=5308, stack(0x000000d242200000,0x000000d242300000) (1024K)]
  0x00000246e6ff22c0 JavaThread "pool-1-thread-1"                   [_thread_blocked, id=10156, stack(0x000000d242300000,0x000000d242400000) (1024K)]
  0x00000246e6ff7810 JavaThread "Java Debug Server"          daemon [_thread_in_native, id=20868, stack(0x000000d241100000,0x000000d241200000) (1024K)]
  0x00000246e6ff4a20 JavaThread "pool-4-thread-1"                   [_thread_in_native, id=19072, stack(0x000000d242b00000,0x000000d242c00000) (1024K)]
  0x00000246e6ff8530 JavaThread "RxSchedulerPurge-1"         daemon [_thread_blocked, id=14636, stack(0x000000d242c00000,0x000000d242d00000) (1024K)]
  0x00000246e6ff50b0 JavaThread "RxCachedWorkerPoolEvictor-1" daemon [_thread_blocked, id=24964, stack(0x000000d242d00000,0x000000d242e00000) (1024K)]
  0x00000246f2a098c0 JavaThread "RxNewThreadScheduler-1"     daemon [_thread_blocked, id=4696, stack(0x000000d242e00000,0x000000d242f00000) (1024K)]
  0x00000246f2a09230 JavaThread "process reaper (pid 25288)" daemon [_thread_in_native, id=22204, stack(0x000000d23e970000,0x000000d23e990000) (128K)]
  0x00000246f2a0b990 JavaThread "pool-4-thread-2"                   [_thread_in_native, id=15804, stack(0x000000d23ed00000,0x000000d23ee00000) (1024K)]
  0x00000246f2a0a5e0 JavaThread "RxNewThreadScheduler-3"     daemon [_thread_blocked, id=25920, stack(0x000000d23ee00000,0x000000d23ef00000) (1024K)]
  0x00000246f2a08ba0 JavaThread "process reaper (pid 4480)"  daemon [_thread_in_native, id=10992, stack(0x000000d23e990000,0x000000d23e9b0000) (128K)]
  0x00000246f2a09f50 JavaThread "Cleaner-0"                  daemon [_thread_blocked, id=18908, stack(0x000000d242f00000,0x000000d243000000) (1024K)]
  0x00000246f2a08510 JavaThread "pool-4-thread-3"                   [_thread_in_native, id=6296, stack(0x000000d23ef00000,0x000000d23f000000) (1024K)]
  0x00000246f2a0e0f0 JavaThread "RxNewThreadScheduler-5"     daemon [_thread_blocked, id=3920, stack(0x000000d241000000,0x000000d241100000) (1024K)]
  0x00000246f2a0ac70 JavaThread "process reaper (pid 14676)" daemon [_thread_in_native, id=21192, stack(0x000000d23e9b0000,0x000000d23e9d0000) (128K)]
  0x00000246f2a0b300 JavaThread "pool-4-thread-4"                   [_thread_in_native, id=5096, stack(0x000000d240f00000,0x000000d241000000) (1024K)]
  0x00000246f2a0d3d0 JavaThread "RxNewThreadScheduler-7"     daemon [_thread_blocked, id=7560, stack(0x000000d241600000,0x000000d241700000) (1024K)]
  0x00000246f2a0c6b0 JavaThread "process reaper (pid 11220)" daemon [_thread_in_native, id=4876, stack(0x000000d23e9d0000,0x000000d23e9f0000) (128K)]
Total: 50

Other Threads:
  0x00000246c7862d50 VMThread "VM Thread"                           [id=6712, stack(0x000000d23f300000,0x000000d23f400000) (1024K)]
  0x00000246c779ba00 WatcherThread "VM Periodic Task Thread"        [id=7584, stack(0x000000d23f200000,0x000000d23f300000) (1024K)]
  0x00000246c792d060 WorkerThread "GC Thread#0"                     [id=22452, stack(0x000000d23f100000,0x000000d23f200000) (1024K)]
  0x00000246e42e2580 WorkerThread "GC Thread#1"                     [id=11712, stack(0x000000d240000000,0x000000d240100000) (1024K)]
  0x00000246e42e2920 WorkerThread "GC Thread#2"                     [id=1268, stack(0x000000d240100000,0x000000d240200000) (1024K)]
  0x00000246e42e2cc0 WorkerThread "GC Thread#3"                     [id=26068, stack(0x000000d240200000,0x000000d240300000) (1024K)]
  0x00000246e46da580 WorkerThread "GC Thread#4"                     [id=25312, stack(0x000000d240300000,0x000000d240400000) (1024K)]
  0x00000246e46da920 WorkerThread "GC Thread#5"                     [id=20392, stack(0x000000d240400000,0x000000d240500000) (1024K)]
  0x00000246e46dacc0 WorkerThread "GC Thread#6"                     [id=6088, stack(0x000000d240500000,0x000000d240600000) (1024K)]
  0x00000246c78bd020 WorkerThread "GC Thread#7"                     [id=7412, stack(0x000000d23ff00000,0x000000d240000000) (1024K)]
Total: 10

Threads with active compile tasks:
Total: 0

VM state: not at safepoint (normal execution)

VM Mutex/Monitor currently owned by a thread: None

Heap address: 0x0000000080000000, size: 2048 MB, Compressed Oops mode: 32-bit

CDS archive(s) mapped at: [0x0000024680000000-0x0000024680ba0000-0x0000024680ba0000), size 12189696, SharedBaseAddress: 0x0000024680000000, ArchiveRelocationMode: 1.
Compressed class space mapped at: 0x0000024681000000-0x00000246c1000000, reserved size: 1073741824
Narrow klass base: 0x0000024680000000, Narrow klass shift: 0, Narrow klass range: 0x100000000

GC Precious Log:
 CardTable entry size: 512
 CPUs: 8 total, 8 available
 Memory: 16243M
 Large Page Support: Disabled
 NUMA Support: Disabled
 Compressed Oops: Enabled (32-bit)
 Alignments: Space 512K, Generation 512K, Heap 2M
 Heap Min Capacity: 100M
 Heap Initial Capacity: 100M
 Heap Max Capacity: 2G
 Pre-touch: Disabled
 Parallel Workers: 8

Heap:
 PSYoungGen      total 12800K, used 3697K [0x00000000d5580000, 0x00000000d6700000, 0x0000000100000000)
  eden space 12288K, 26% used [0x00000000d5580000,0x00000000d58bc548,0x00000000d6180000)
  from space 512K, 75% used [0x00000000d6180000,0x00000000d61e0040,0x00000000d6200000)
  to   space 2048K, 0% used [0x00000000d6500000,0x00000000d6500000,0x00000000d6700000)
 ParOldGen       total 130560K, used 130068K [0x0000000080000000, 0x0000000087f80000, 0x00000000d5580000)
  object space 130560K, 99% used [0x0000000080000000,0x0000000087f05360,0x0000000087f80000)
 Metaspace       used 73090K, committed 74816K, reserved 1179648K
  class space    used 7805K, committed 8576K, reserved 1048576K

Card table byte_map: [0x00000246c72b0000,0x00000246c76c0000] _byte_map_base: 0x00000246c6eb0000

Marking Bits: (ParMarkBitMap*) 0x00007ffbf88ca340
 Begin Bits: [0x00000246d9db0000, 0x00000246dbdb0000)
 End Bits:   [0x00000246dbdb0000, 0x00000246dddb0000)

Polling page: 0x00000246c58b0000

Metaspace:

Usage:
  Non-class:     63.76 MB used.
      Class:      7.62 MB used.
       Both:     71.38 MB used.

Virtual space:
  Non-class space:      128.00 MB reserved,      64.69 MB ( 51%) committed,  2 nodes.
      Class space:        1.00 GB reserved,       8.38 MB ( <1%) committed,  1 nodes.
             Both:        1.12 GB reserved,      73.06 MB (  6%) committed. 

Chunk freelists:
   Non-Class:  15.23 MB
       Class:  7.66 MB
        Both:  22.90 MB

MaxMetaspaceSize: unlimited
CompressedClassSpaceSize: 1.00 GB
Initial GC threshold: 21.00 MB
Current GC threshold: 98.12 MB
CDS: on
 - commit_granule_bytes: 65536.
 - commit_granule_words: 8192.
 - virtual_space_node_default_size: 8388608.
 - enlarge_chunks_in_place: 1.
 - use_allocation_guard: 0.


Internal statistics:

num_allocs_failed_limit: 15.
num_arena_births: 1396.
num_arena_deaths: 20.
num_vsnodes_births: 3.
num_vsnodes_deaths: 0.
num_space_committed: 1169.
num_space_uncommitted: 0.
num_chunks_returned_to_freelist: 38.
num_chunks_taken_from_freelist: 4979.
num_chunk_merges: 19.
num_chunk_splits: 3040.
num_chunks_enlarged: 1674.
num_inconsistent_stats: 0.

CodeHeap 'non-profiled nmethods': size=120000Kb used=12565Kb max_used=12565Kb free=107435Kb
 bounds [0x00000246d25d0000, 0x00000246d3220000, 0x00000246d9b00000]
CodeHeap 'profiled nmethods': size=120000Kb used=31808Kb max_used=31808Kb free=88191Kb
 bounds [0x00000246cab00000, 0x00000246cca20000, 0x00000246d2030000]
CodeHeap 'non-nmethods': size=5760Kb used=1455Kb max_used=1576Kb free=4304Kb
 bounds [0x00000246d2030000, 0x00000246d22a0000, 0x00000246d25d0000]
CodeCache: size=245760Kb, used=45828Kb, max_used=45949Kb, free=199930Kb
 total_blobs=14591, nmethods=13812, adapters=684, full_count=0
Compilation: enabled, stopped_count=0, restarted_count=0

Compilation events (20 events):
Event: 2839.505 Thread 0x00000246c788af40 14660   !   4       java.util.concurrent.locks.AbstractQueuedSynchronizer::tryInitializeHead (66 bytes)
Event: 2839.508 Thread 0x00000246c788af40 nmethod 14660 0x00000246d3213610 code [0x00000246d32137a0, 0x00000246d3213978]
Event: 2888.965 Thread 0x00000246dfb917a0 14661       3       java.util.concurrent.locks.AbstractQueuedSynchronizer$ConditionObject::await (207 bytes)
Event: 2888.967 Thread 0x00000246dfb917a0 nmethod 14661 0x00000246cca08310 code [0x00000246cca08600, 0x00000246cca09480]
Event: 2948.968 Thread 0x00000246dfb917a0 14662       3       java.lang.ref.ReferenceQueue::await (15 bytes)
Event: 2948.968 Thread 0x00000246dfb917a0 nmethod 14662 0x00000246cca09a90 code [0x00000246cca09c40, 0x00000246cca09de0]
Event: 3024.940 Thread 0x00000246dfb917a0 14663       3       org.eclipse.core.internal.jobs.JobManager::startJob (89 bytes)
Event: 3024.943 Thread 0x00000246dfb917a0 nmethod 14663 0x00000246cca09f10 code [0x00000246cca0a1c0, 0x00000246cca0b020]
Event: 3024.943 Thread 0x00000246dfb917a0 14664   !   3       org.eclipse.core.internal.jobs.JobManager::nextJob (291 bytes)
Event: 3024.949 Thread 0x00000246dfb917a0 nmethod 14664 0x00000246cca0b490 code [0x00000246cca0b920, 0x00000246cca0da58]
Event: 3024.998 Thread 0x00000246dfb917a0 14665   !   3       org.eclipse.core.internal.jobs.JobManager::sleepHint (67 bytes)
Event: 3024.999 Thread 0x00000246c788af40 14667       4       java.util.HashMap$Node::setValue (12 bytes)
Event: 3025.000 Thread 0x00000246c788af40 nmethod 14667 0x00000246d3213a90 code [0x00000246d3213c20, 0x00000246d3213cc8]
Event: 3025.000 Thread 0x00000246c788af40 14668       4       org.eclipse.core.internal.utils.StringPool::add (50 bytes)
Event: 3025.000 Thread 0x00000246dfb917a0 nmethod 14665 0x00000246cca0eb90 code [0x00000246cca0ee00, 0x00000246cca0f8d0]
Event: 3025.000 Thread 0x00000246dfb917a0 14666       3       org.eclipse.core.internal.jobs.JobQueue::isEmpty (18 bytes)
Event: 3025.001 Thread 0x00000246dfb917a0 nmethod 14666 0x00000246cca0fd90 code [0x00000246cca0ff40, 0x00000246cca100d0]
Event: 3025.022 Thread 0x00000246c788af40 nmethod 14668 0x00000246d3213d90 code [0x00000246d3213fe0, 0x00000246d3214998]
Event: 3513.158 Thread 0x00000246dfb917a0 14669       1       org.eclipse.osgi.internal.location.BasicLocation::isReadOnly (5 bytes)
Event: 3513.158 Thread 0x00000246dfb917a0 nmethod 14669 0x00000246d3215110 code [0x00000246d32152a0, 0x00000246d3215370]

GC Heap History (20 events):
Event: 129.399 GC heap before
{Heap before GC invocations=131 (full 3):
 PSYoungGen      total 17408K, used 17108K [0x00000000d5580000, 0x00000000d6800000, 0x0000000100000000)
  eden space 16384K, 100% used [0x00000000d5580000,0x00000000d6580000,0x00000000d6580000)
  from space 1024K, 70% used [0x00000000d6580000,0x00000000d6635200,0x00000000d6680000)
  to   space 1024K, 0% used [0x00000000d6700000,0x00000000d6700000,0x00000000d6800000)
 ParOldGen       total 117760K, used 117739K [0x0000000080000000, 0x0000000087300000, 0x00000000d5580000)
  object space 117760K, 99% used [0x0000000080000000,0x00000000872fac88,0x0000000087300000)
 Metaspace       used 72892K, committed 74560K, reserved 1179648K
  class space    used 7796K, committed 8576K, reserved 1048576K
}
Event: 129.401 GC heap after
{Heap after GC invocations=131 (full 3):
 PSYoungGen      total 16896K, used 1024K [0x00000000d5580000, 0x00000000d6980000, 0x0000000100000000)
  eden space 15872K, 0% used [0x00000000d5580000,0x00000000d5580000,0x00000000d6500000)
  from space 1024K, 100% used [0x00000000d6700000,0x00000000d6800000,0x00000000d6800000)
  to   space 2048K, 0% used [0x00000000d6500000,0x00000000d6500000,0x00000000d6700000)
 ParOldGen       total 118784K, used 118479K [0x0000000080000000, 0x0000000087400000, 0x00000000d5580000)
  object space 118784K, 99% used [0x0000000080000000,0x00000000873b3e88,0x0000000087400000)
 Metaspace       used 72892K, committed 74560K, reserved 1179648K
  class space    used 7796K, committed 8576K, reserved 1048576K
}
Event: 129.520 GC heap before
{Heap before GC invocations=132 (full 3):
 PSYoungGen      total 16896K, used 16887K [0x00000000d5580000, 0x00000000d6980000, 0x0000000100000000)
  eden space 15872K, 99% used [0x00000000d5580000,0x00000000d64fddc0,0x00000000d6500000)
  from space 1024K, 100% used [0x00000000d6700000,0x00000000d6800000,0x00000000d6800000)
  to   space 2048K, 0% used [0x00000000d6500000,0x00000000d6500000,0x00000000d6700000)
 ParOldGen       total 118784K, used 118479K [0x0000000080000000, 0x0000000087400000, 0x00000000d5580000)
  object space 118784K, 99% used [0x0000000080000000,0x00000000873b3e88,0x0000000087400000)
 Metaspace       used 72902K, committed 74560K, reserved 1179648K
  class space    used 7796K, committed 8576K, reserved 1048576K
}
Event: 129.522 GC heap after
{Heap after GC invocations=132 (full 3):
 PSYoungGen      total 17920K, used 1696K [0x00000000d5580000, 0x00000000d6900000, 0x0000000100000000)
  eden space 15872K, 0% used [0x00000000d5580000,0x00000000d5580000,0x00000000d6500000)
  from space 2048K, 82% used [0x00000000d6500000,0x00000000d66a8000,0x00000000d6700000)
  to   space 2048K, 0% used [0x00000000d6700000,0x00000000d6700000,0x00000000d6900000)
 ParOldGen       total 119808K, used 119391K [0x0000000080000000, 0x0000000087500000, 0x00000000d5580000)
  object space 119808K, 99% used [0x0000000080000000,0x0000000087497ed8,0x0000000087500000)
 Metaspace       used 72902K, committed 74560K, reserved 1179648K
  class space    used 7796K, committed 8576K, reserved 1048576K
}
Event: 129.672 GC heap before
{Heap before GC invocations=133 (full 3):
 PSYoungGen      total 17920K, used 17568K [0x00000000d5580000, 0x00000000d6900000, 0x0000000100000000)
  eden space 15872K, 100% used [0x00000000d5580000,0x00000000d6500000,0x00000000d6500000)
  from space 2048K, 82% used [0x00000000d6500000,0x00000000d66a8000,0x00000000d6700000)
  to   space 2048K, 0% used [0x00000000d6700000,0x00000000d6700000,0x00000000d6900000)
 ParOldGen       total 119808K, used 119391K [0x0000000080000000, 0x0000000087500000, 0x00000000d5580000)
  object space 119808K, 99% used [0x0000000080000000,0x0000000087497ed8,0x0000000087500000)
 Metaspace       used 72910K, committed 74560K, reserved 1179648K
  class space    used 7796K, committed 8576K, reserved 1048576K
}
Event: 129.675 GC heap after
{Heap after GC invocations=133 (full 3):
 PSYoungGen      total 17920K, used 1728K [0x00000000d5580000, 0x00000000d6900000, 0x0000000100000000)
  eden space 15872K, 0% used [0x00000000d5580000,0x00000000d5580000,0x00000000d6500000)
  from space 2048K, 84% used [0x00000000d6700000,0x00000000d68b0000,0x00000000d6900000)
  to   space 2048K, 0% used [0x00000000d6500000,0x00000000d6500000,0x00000000d6700000)
 ParOldGen       total 121344K, used 120983K [0x0000000080000000, 0x0000000087680000, 0x00000000d5580000)
  object space 121344K, 99% used [0x0000000080000000,0x0000000087625ed8,0x0000000087680000)
 Metaspace       used 72910K, committed 74560K, reserved 1179648K
  class space    used 7796K, committed 8576K, reserved 1048576K
}
Event: 129.827 GC heap before
{Heap before GC invocations=134 (full 3):
 PSYoungGen      total 17920K, used 17600K [0x00000000d5580000, 0x00000000d6900000, 0x0000000100000000)
  eden space 15872K, 100% used [0x00000000d5580000,0x00000000d6500000,0x00000000d6500000)
  from space 2048K, 84% used [0x00000000d6700000,0x00000000d68b0000,0x00000000d6900000)
  to   space 2048K, 0% used [0x00000000d6500000,0x00000000d6500000,0x00000000d6700000)
 ParOldGen       total 121344K, used 120983K [0x0000000080000000, 0x0000000087680000, 0x00000000d5580000)
  object space 121344K, 99% used [0x0000000080000000,0x0000000087625ed8,0x0000000087680000)
 Metaspace       used 72918K, committed 74560K, reserved 1179648K
  class space    used 7796K, committed 8576K, reserved 1048576K
}
Event: 129.831 GC heap after
{Heap after GC invocations=134 (full 3):
 PSYoungGen      total 17920K, used 1504K [0x00000000d5580000, 0x00000000d6900000, 0x0000000100000000)
  eden space 15872K, 0% used [0x00000000d5580000,0x00000000d5580000,0x00000000d6500000)
  from space 2048K, 73% used [0x00000000d6500000,0x00000000d6678000,0x00000000d6700000)
  to   space 2048K, 0% used [0x00000000d6700000,0x00000000d6700000,0x00000000d6900000)
 ParOldGen       total 122368K, used 122336K [0x0000000080000000, 0x0000000087780000, 0x00000000d5580000)
  object space 122368K, 99% used [0x0000000080000000,0x0000000087778230,0x0000000087780000)
 Metaspace       used 72918K, committed 74560K, reserved 1179648K
  class space    used 7796K, committed 8576K, reserved 1048576K
}
Event: 129.909 GC heap before
{Heap before GC invocations=135 (full 3):
 PSYoungGen      total 17920K, used 17376K [0x00000000d5580000, 0x00000000d6900000, 0x0000000100000000)
  eden space 15872K, 100% used [0x00000000d5580000,0x00000000d6500000,0x00000000d6500000)
  from space 2048K, 73% used [0x00000000d6500000,0x00000000d6678000,0x00000000d6700000)
  to   space 2048K, 0% used [0x00000000d6700000,0x00000000d6700000,0x00000000d6900000)
 ParOldGen       total 122368K, used 122336K [0x0000000080000000, 0x0000000087780000, 0x00000000d5580000)
  object space 122368K, 99% used [0x0000000080000000,0x0000000087778230,0x0000000087780000)
 Metaspace       used 72922K, committed 74560K, reserved 1179648K
  class space    used 7796K, committed 8576K, reserved 1048576K
}
Event: 129.912 GC heap after
{Heap after GC invocations=135 (full 3):
 PSYoungGen      total 17920K, used 1920K [0x00000000d5580000, 0x00000000d6900000, 0x0000000100000000)
  eden space 15872K, 0% used [0x00000000d5580000,0x00000000d5580000,0x00000000d6500000)
  from space 2048K, 93% used [0x00000000d6700000,0x00000000d68e0000,0x00000000d6900000)
  to   space 2048K, 0% used [0x00000000d6500000,0x00000000d6500000,0x00000000d6700000)
 ParOldGen       total 123904K, used 123733K [0x0000000080000000, 0x0000000087900000, 0x00000000d5580000)
  object space 123904K, 99% used [0x0000000080000000,0x00000000878d5638,0x0000000087900000)
 Metaspace       used 72922K, committed 74560K, reserved 1179648K
  class space    used 7796K, committed 8576K, reserved 1048576K
}
Event: 130.012 GC heap before
{Heap before GC invocations=136 (full 3):
 PSYoungGen      total 17920K, used 17792K [0x00000000d5580000, 0x00000000d6900000, 0x0000000100000000)
  eden space 15872K, 100% used [0x00000000d5580000,0x00000000d6500000,0x00000000d6500000)
  from space 2048K, 93% used [0x00000000d6700000,0x00000000d68e0000,0x00000000d6900000)
  to   space 2048K, 0% used [0x00000000d6500000,0x00000000d6500000,0x00000000d6700000)
 ParOldGen       total 123904K, used 123733K [0x0000000080000000, 0x0000000087900000, 0x00000000d5580000)
  object space 123904K, 99% used [0x0000000080000000,0x00000000878d5638,0x0000000087900000)
 Metaspace       used 72937K, committed 74624K, reserved 1179648K
  class space    used 7797K, committed 8576K, reserved 1048576K
}
Event: 130.016 GC heap after
{Heap after GC invocations=136 (full 3):
 PSYoungGen      total 17920K, used 1344K [0x00000000d5580000, 0x00000000d6900000, 0x0000000100000000)
  eden space 15872K, 0% used [0x00000000d5580000,0x00000000d5580000,0x00000000d6500000)
  from space 2048K, 65% used [0x00000000d6500000,0x00000000d6650000,0x00000000d6700000)
  to   space 2048K, 0% used [0x00000000d6700000,0x00000000d6700000,0x00000000d6900000)
 ParOldGen       total 124928K, used 124817K [0x0000000080000000, 0x0000000087a00000, 0x00000000d5580000)
  object space 124928K, 99% used [0x0000000080000000,0x00000000879e4648,0x0000000087a00000)
 Metaspace       used 72937K, committed 74624K, reserved 1179648K
  class space    used 7797K, committed 8576K, reserved 1048576K
}
Event: 130.059 GC heap before
{Heap before GC invocations=137 (full 3):
 PSYoungGen      total 17920K, used 17216K [0x00000000d5580000, 0x00000000d6900000, 0x0000000100000000)
  eden space 15872K, 100% used [0x00000000d5580000,0x00000000d6500000,0x00000000d6500000)
  from space 2048K, 65% used [0x00000000d6500000,0x00000000d6650000,0x00000000d6700000)
  to   space 2048K, 0% used [0x00000000d6700000,0x00000000d6700000,0x00000000d6900000)
 ParOldGen       total 124928K, used 124817K [0x0000000080000000, 0x0000000087a00000, 0x00000000d5580000)
  object space 124928K, 99% used [0x0000000080000000,0x00000000879e4648,0x0000000087a00000)
 Metaspace       used 72961K, committed 74624K, reserved 1179648K
  class space    used 7797K, committed 8576K, reserved 1048576K
}
Event: 130.061 GC heap after
{Heap after GC invocations=137 (full 3):
 PSYoungGen      total 17408K, used 1136K [0x00000000d5580000, 0x00000000d6880000, 0x0000000100000000)
  eden space 15872K, 0% used [0x00000000d5580000,0x00000000d5580000,0x00000000d6500000)
  from space 1536K, 73% used [0x00000000d6700000,0x00000000d681c010,0x00000000d6880000)
  to   space 1536K, 0% used [0x00000000d6580000,0x00000000d6580000,0x00000000d6700000)
 ParOldGen       total 125952K, used 125837K [0x0000000080000000, 0x0000000087b00000, 0x00000000d5580000)
  object space 125952K, 99% used [0x0000000080000000,0x0000000087ae3760,0x0000000087b00000)
 Metaspace       used 72961K, committed 74624K, reserved 1179648K
  class space    used 7797K, committed 8576K, reserved 1048576K
}
Event: 130.100 GC heap before
{Heap before GC invocations=138 (full 3):
 PSYoungGen      total 17408K, used 17008K [0x00000000d5580000, 0x00000000d6880000, 0x0000000100000000)
  eden space 15872K, 100% used [0x00000000d5580000,0x00000000d6500000,0x00000000d6500000)
  from space 1536K, 73% used [0x00000000d6700000,0x00000000d681c010,0x00000000d6880000)
  to   space 1536K, 0% used [0x00000000d6580000,0x00000000d6580000,0x00000000d6700000)
 ParOldGen       total 125952K, used 125837K [0x0000000080000000, 0x0000000087b00000, 0x00000000d5580000)
  object space 125952K, 99% used [0x0000000080000000,0x0000000087ae3760,0x0000000087b00000)
 Metaspace       used 72968K, committed 74624K, reserved 1179648K
  class space    used 7797K, committed 8576K, reserved 1048576K
}
Event: 130.102 GC heap after
{Heap after GC invocations=138 (full 3):
 PSYoungGen      total 16896K, used 896K [0x00000000d5580000, 0x00000000d6780000, 0x0000000100000000)
  eden space 15872K, 0% used [0x00000000d5580000,0x00000000d5580000,0x00000000d6500000)
  from space 1024K, 87% used [0x00000000d6580000,0x00000000d6660000,0x00000000d6680000)
  to   space 1024K, 0% used [0x00000000d6680000,0x00000000d6680000,0x00000000d6780000)
 ParOldGen       total 126976K, used 126485K [0x0000000080000000, 0x0000000087c00000, 0x00000000d5580000)
  object space 126976K, 99% used [0x0000000080000000,0x0000000087b85760,0x0000000087c00000)
 Metaspace       used 72968K, committed 74624K, reserved 1179648K
  class space    used 7797K, committed 8576K, reserved 1048576K
}
Event: 130.295 GC heap before
{Heap before GC invocations=139 (full 3):
 PSYoungGen      total 16896K, used 16763K [0x00000000d5580000, 0x00000000d6780000, 0x0000000100000000)
  eden space 15872K, 99% used [0x00000000d5580000,0x00000000d64fee98,0x00000000d6500000)
  from space 1024K, 87% used [0x00000000d6580000,0x00000000d6660000,0x00000000d6680000)
  to   space 1024K, 0% used [0x00000000d6680000,0x00000000d6680000,0x00000000d6780000)
 ParOldGen       total 126976K, used 126485K [0x0000000080000000, 0x0000000087c00000, 0x00000000d5580000)
  object space 126976K, 99% used [0x0000000080000000,0x0000000087b85760,0x0000000087c00000)
 Metaspace       used 72983K, committed 74624K, reserved 1179648K
  class space    used 7797K, committed 8576K, reserved 1048576K
}
Event: 130.299 GC heap after
{Heap after GC invocations=139 (full 3):
 PSYoungGen      total 13312K, used 1021K [0x00000000d5580000, 0x00000000d6f00000, 0x0000000100000000)
  eden space 12288K, 0% used [0x00000000d5580000,0x00000000d5580000,0x00000000d6180000)
  from space 1024K, 99% used [0x00000000d6680000,0x00000000d677f700,0x00000000d6780000)
  to   space 5120K, 0% used [0x00000000d6180000,0x00000000d6180000,0x00000000d6680000)
 ParOldGen       total 130048K, used 129800K [0x0000000080000000, 0x0000000087f00000, 0x00000000d5580000)
  object space 130048K, 99% used [0x0000000080000000,0x0000000087ec2350,0x0000000087f00000)
 Metaspace       used 72983K, committed 74624K, reserved 1179648K
  class space    used 7797K, committed 8576K, reserved 1048576K
}
Event: 514.505 GC heap before
{Heap before GC invocations=140 (full 3):
 PSYoungGen      total 13312K, used 13309K [0x00000000d5580000, 0x00000000d6f00000, 0x0000000100000000)
  eden space 12288K, 100% used [0x00000000d5580000,0x00000000d6180000,0x00000000d6180000)
  from space 1024K, 99% used [0x00000000d6680000,0x00000000d677f700,0x00000000d6780000)
  to   space 5120K, 0% used [0x00000000d6180000,0x00000000d6180000,0x00000000d6680000)
 ParOldGen       total 130048K, used 129800K [0x0000000080000000, 0x0000000087f00000, 0x00000000d5580000)
  object space 130048K, 99% used [0x0000000080000000,0x0000000087ec2350,0x0000000087f00000)
 Metaspace       used 73029K, committed 74688K, reserved 1179648K
  class space    used 7800K, committed 8576K, reserved 1048576K
}
Event: 514.508 GC heap after
{Heap after GC invocations=140 (full 3):
 PSYoungGen      total 12800K, used 384K [0x00000000d5580000, 0x00000000d6700000, 0x0000000100000000)
  eden space 12288K, 0% used [0x00000000d5580000,0x00000000d5580000,0x00000000d6180000)
  from space 512K, 75% used [0x00000000d6180000,0x00000000d61e0040,0x00000000d6200000)
  to   space 2048K, 0% used [0x00000000d6500000,0x00000000d6500000,0x00000000d6700000)
 ParOldGen       total 130560K, used 130068K [0x0000000080000000, 0x0000000087f80000, 0x00000000d5580000)
  object space 130560K, 99% used [0x0000000080000000,0x0000000087f05360,0x0000000087f80000)
 Metaspace       used 73029K, committed 74688K, reserved 1179648K
  class space    used 7800K, committed 8576K, reserved 1048576K
}

Dll operation events (11 events):
Event: 0.019 Loaded shared library c:\Users\muoi\.vscode\extensions\redhat.java-1.46.0-win32-x64\jre\21.0.8-win32-x86_64\bin\java.dll
Event: 0.242 Loaded shared library c:\Users\muoi\.vscode\extensions\redhat.java-1.46.0-win32-x64\jre\21.0.8-win32-x86_64\bin\zip.dll
Event: 0.302 Loaded shared library C:\Users\muoi\.vscode\extensions\redhat.java-1.46.0-win32-x64\jre\21.0.8-win32-x86_64\bin\instrument.dll
Event: 0.314 Loaded shared library C:\Users\muoi\.vscode\extensions\redhat.java-1.46.0-win32-x64\jre\21.0.8-win32-x86_64\bin\net.dll
Event: 0.320 Loaded shared library C:\Users\muoi\.vscode\extensions\redhat.java-1.46.0-win32-x64\jre\21.0.8-win32-x86_64\bin\nio.dll
Event: 0.325 Loaded shared library C:\Users\muoi\.vscode\extensions\redhat.java-1.46.0-win32-x64\jre\21.0.8-win32-x86_64\bin\zip.dll
Event: 0.356 Loaded shared library C:\Users\muoi\.vscode\extensions\redhat.java-1.46.0-win32-x64\jre\21.0.8-win32-x86_64\bin\jimage.dll
Event: 0.474 Loaded shared library c:\Users\muoi\.vscode\extensions\redhat.java-1.46.0-win32-x64\jre\21.0.8-win32-x86_64\bin\verify.dll
Event: 8.583 Loaded shared library C:\Users\muoi\AppData\Roaming\Code\User\globalStorage\redhat.java\1.46.0\config_win\org.eclipse.equinox.launcher\org.eclipse.equinox.launcher.win32.win32.x86_64_1.2.1400.v20250801-0854\eclipse_11916.dll
Event: 24.469 Loaded shared library C:\Users\muoi\AppData\Local\Temp\jna-3363202\jna3186779705541038428.dll
Event: 53.254 Loaded shared library C:\Users\muoi\.vscode\extensions\redhat.java-1.46.0-win32-x64\jre\21.0.8-win32-x86_64\bin\extnet.dll

Deoptimization events (20 events):
Event: 129.980 Thread 0x00000246f2a0b300 Uncommon trap: trap_request=0xffffffbe fr.pc=0x00000246d31dbedc relative=0x00000000000021bc
Event: 129.980 Thread 0x00000246f2a0b300 Uncommon trap: reason=profile_predicate action=maybe_recompile pc=0x00000246d31dbedc method=org.apache.maven.model.management.DefaultDependencyManagementInjector$ManagementModelMerger.mergeManagedDependencies(Lorg/apache/maven/model/Model;)V @ 95 c2
Event: 129.980 Thread 0x00000246f2a0b300 DEOPT PACKING pc=0x00000246d31dbedc sp=0x000000d2432fd940
Event: 129.980 Thread 0x00000246f2a0b300 DEOPT UNPACKING pc=0x00000246d2083aa2 sp=0x000000d2432fd918 mode 2
Event: 129.982 Thread 0x00000246f2a0b300 Uncommon trap: trap_request=0xffffffbe fr.pc=0x00000246d31dbedc relative=0x00000000000021bc
Event: 129.982 Thread 0x00000246f2a0b300 Uncommon trap: reason=profile_predicate action=maybe_recompile pc=0x00000246d31dbedc method=org.apache.maven.model.management.DefaultDependencyManagementInjector$ManagementModelMerger.mergeManagedDependencies(Lorg/apache/maven/model/Model;)V @ 95 c2
Event: 129.982 Thread 0x00000246f2a0b300 DEOPT PACKING pc=0x00000246d31dbedc sp=0x000000d2432fd940
Event: 129.982 Thread 0x00000246f2a0b300 DEOPT UNPACKING pc=0x00000246d2083aa2 sp=0x000000d2432fd918 mode 2
Event: 129.985 Thread 0x00000246f2a0b300 Uncommon trap: trap_request=0xffffffbe fr.pc=0x00000246d31dbedc relative=0x00000000000021bc
Event: 129.985 Thread 0x00000246f2a0b300 Uncommon trap: reason=profile_predicate action=maybe_recompile pc=0x00000246d31dbedc method=org.apache.maven.model.management.DefaultDependencyManagementInjector$ManagementModelMerger.mergeManagedDependencies(Lorg/apache/maven/model/Model;)V @ 95 c2
Event: 129.985 Thread 0x00000246f2a0b300 DEOPT PACKING pc=0x00000246d31dbedc sp=0x000000d2432fd940
Event: 129.985 Thread 0x00000246f2a0b300 DEOPT UNPACKING pc=0x00000246d2083aa2 sp=0x000000d2432fd918 mode 2
Event: 129.989 Thread 0x00000246f2a0b300 Uncommon trap: trap_request=0xffffffbe fr.pc=0x00000246d311d774 relative=0x0000000000000f34
Event: 129.989 Thread 0x00000246f2a0b300 Uncommon trap: reason=profile_predicate action=maybe_recompile pc=0x00000246d311d774 method=org.apache.maven.model.management.DefaultDependencyManagementInjector$ManagementModelMerger.mergeManagedDependencies(Lorg/apache/maven/model/Model;)V @ 88 c2
Event: 129.989 Thread 0x00000246f2a0b300 DEOPT PACKING pc=0x00000246d311d774 sp=0x000000d2432fdf50
Event: 129.990 Thread 0x00000246f2a0b300 DEOPT UNPACKING pc=0x00000246d2083aa2 sp=0x000000d2432fdf30 mode 2
Event: 129.990 Thread 0x00000246f2a0b300 Uncommon trap: trap_request=0xffffffbe fr.pc=0x00000246d311d774 relative=0x0000000000000f34
Event: 129.990 Thread 0x00000246f2a0b300 Uncommon trap: reason=profile_predicate action=maybe_recompile pc=0x00000246d311d774 method=org.apache.maven.model.management.DefaultDependencyManagementInjector$ManagementModelMerger.mergeManagedDependencies(Lorg/apache/maven/model/Model;)V @ 88 c2
Event: 129.990 Thread 0x00000246f2a0b300 DEOPT PACKING pc=0x00000246d311d774 sp=0x000000d2432fdf50
Event: 129.990 Thread 0x00000246f2a0b300 DEOPT UNPACKING pc=0x00000246d2083aa2 sp=0x000000d2432fdf30 mode 2

Classes loaded (20 events):
Event: 53.933 Loading class java/util/concurrent/CompletableFuture$UniCompose
Event: 53.933 Loading class java/util/concurrent/CompletableFuture$UniCompose done
Event: 53.934 Loading class java/util/concurrent/CompletableFuture$UniRelay
Event: 53.934 Loading class java/util/concurrent/CompletableFuture$UniRelay done
Event: 54.493 Loading class java/util/concurrent/ScheduledThreadPoolExecutor$DelayedWorkQueue$Itr
Event: 54.493 Loading class java/util/concurrent/ScheduledThreadPoolExecutor$DelayedWorkQueue$Itr done
Event: 56.060 Loading class java/lang/ProcessHandleImpl$ExitCompletion
Event: 56.060 Loading class java/lang/ProcessHandleImpl$ExitCompletion done
Event: 56.060 Loading class java/lang/ProcessHandleImpl$1
Event: 56.061 Loading class java/lang/ProcessHandleImpl$1 done
Event: 56.062 Loading class java/util/concurrent/CompletableFuture$UniHandle
Event: 56.062 Loading class java/util/concurrent/CompletableFuture$UniHandle done
Event: 81.697 Loading class jdk/internal/ref/CleanerImpl$InnocuousThreadFactory
Event: 81.698 Loading class jdk/internal/ref/CleanerImpl$InnocuousThreadFactory done
Event: 636.245 Loading class java/util/stream/DistinctOps
Event: 636.245 Loading class java/util/stream/DistinctOps done
Event: 636.245 Loading class java/util/stream/DistinctOps$1
Event: 636.246 Loading class java/util/stream/DistinctOps$1 done
Event: 636.247 Loading class java/util/stream/DistinctOps$1$2
Event: 636.247 Loading class java/util/stream/DistinctOps$1$2 done

Classes unloaded (10 events):
Event: 25.436 Thread 0x00000246c7862d50 Unloading class 0x00000246811aa000 'java/lang/invoke/LambdaForm$MH+0x00000246811aa000'
Event: 25.436 Thread 0x00000246c7862d50 Unloading class 0x00000246811a9c00 'java/lang/invoke/LambdaForm$MH+0x00000246811a9c00'
Event: 25.436 Thread 0x00000246c7862d50 Unloading class 0x00000246811a9800 'java/lang/invoke/LambdaForm$MH+0x00000246811a9800'
Event: 25.436 Thread 0x00000246c7862d50 Unloading class 0x00000246811a9400 'java/lang/invoke/LambdaForm$MH+0x00000246811a9400'
Event: 25.436 Thread 0x00000246c7862d50 Unloading class 0x00000246811a9000 'java/lang/invoke/LambdaForm$BMH+0x00000246811a9000'
Event: 25.436 Thread 0x00000246c7862d50 Unloading class 0x00000246811a8c00 'java/lang/invoke/LambdaForm$DMH+0x00000246811a8c00'
Event: 25.436 Thread 0x00000246c7862d50 Unloading class 0x00000246811a3800 'java/lang/invoke/LambdaForm$DMH+0x00000246811a3800'
Event: 46.804 Thread 0x00000246c7862d50 Unloading class 0x00000246816da000 'java/lang/invoke/LambdaForm$DMH+0x00000246816da000'
Event: 46.804 Thread 0x00000246c7862d50 Unloading class 0x00000246816d9c00 'java/lang/invoke/LambdaForm$DMH+0x00000246816d9c00'
Event: 46.804 Thread 0x00000246c7862d50 Unloading class 0x00000246816d9800 'java/lang/invoke/LambdaForm$DMH+0x00000246816d9800'

Classes redefined (0 events):
No events

Internal exceptions (20 events):
Event: 84.052 Thread 0x00000246e6ff1c30 Exception <a 'sun/nio/fs/WindowsException'{0x00000000d648d4a8}> (0x00000000d648d4a8) 
thrown [s\src\hotspot\share\prims\jni.cpp, line 520]
Event: 84.052 Thread 0x00000246e6ff1c30 Exception <a 'sun/nio/fs/WindowsException'{0x00000000d648dd88}> (0x00000000d648dd88) 
thrown [s\src\hotspot\share\prims\jni.cpp, line 520]
Event: 84.053 Thread 0x00000246e6ff1c30 Exception <a 'sun/nio/fs/WindowsException'{0x00000000d648f4e0}> (0x00000000d648f4e0) 
thrown [s\src\hotspot\share\prims\jni.cpp, line 520]
Event: 84.053 Thread 0x00000246e6ff1c30 Exception <a 'sun/nio/fs/WindowsException'{0x00000000d648fb10}> (0x00000000d648fb10) 
thrown [s\src\hotspot\share\prims\jni.cpp, line 520]
Event: 84.214 Thread 0x00000246e6ff1c30 Implicit null exception at 0x00000246d2f689d5 to 0x00000246d2f6a2f0
Event: 84.374 Thread 0x00000246e6ff1c30 Implicit null exception at 0x00000246d2f689d5 to 0x00000246d2f6a2f0
Event: 86.520 Thread 0x00000246e6ff1c30 Exception <a 'sun/nio/fs/WindowsException'{0x00000000d565a128}> (0x00000000d565a128) 
thrown [s\src\hotspot\share\prims\jni.cpp, line 520]
Event: 86.520 Thread 0x00000246e6ff1c30 Exception <a 'sun/nio/fs/WindowsException'{0x00000000d565aa08}> (0x00000000d565aa08) 
thrown [s\src\hotspot\share\prims\jni.cpp, line 520]
Event: 87.116 Thread 0x00000246f2a0e0f0 Exception <a 'sun/nio/fs/WindowsException'{0x00000000d575eb68}> (0x00000000d575eb68) 
thrown [s\src\hotspot\share\prims\jni.cpp, line 520]
Event: 87.117 Thread 0x00000246f2a0e0f0 Exception <a 'sun/nio/fs/WindowsException'{0x00000000d575f1d8}> (0x00000000d575f1d8) 
thrown [s\src\hotspot\share\prims\jni.cpp, line 520]
Event: 129.355 Thread 0x00000246e6ff2950 Exception <a 'sun/nio/fs/WindowsException'{0x00000000d609a4d0}> (0x00000000d609a4d0) 
thrown [s\src\hotspot\share\prims\jni.cpp, line 520]
Event: 129.355 Thread 0x00000246e6ff2950 Exception <a 'sun/nio/fs/WindowsException'{0x00000000d609adb0}> (0x00000000d609adb0) 
thrown [s\src\hotspot\share\prims\jni.cpp, line 520]
Event: 129.356 Thread 0x00000246e6ff2950 Exception <a 'sun/nio/fs/WindowsException'{0x00000000d609baf8}> (0x00000000d609baf8) 
thrown [s\src\hotspot\share\prims\jni.cpp, line 520]
Event: 129.356 Thread 0x00000246e6ff2950 Exception <a 'sun/nio/fs/WindowsException'{0x00000000d609c3d8}> (0x00000000d609c3d8) 
thrown [s\src\hotspot\share\prims\jni.cpp, line 520]
Event: 129.356 Thread 0x00000246e6ff2950 Exception <a 'sun/nio/fs/WindowsException'{0x00000000d609dd90}> (0x00000000d609dd90) 
thrown [s\src\hotspot\share\prims\jni.cpp, line 520]
Event: 129.356 Thread 0x00000246e6ff2950 Exception <a 'sun/nio/fs/WindowsException'{0x00000000d609e3c0}> (0x00000000d609e3c0) 
thrown [s\src\hotspot\share\prims\jni.cpp, line 520]
Event: 130.259 Thread 0x00000246e6ff2950 Exception <a 'sun/nio/fs/WindowsException'{0x00000000d5d07c00}> (0x00000000d5d07c00) 
thrown [s\src\hotspot\share\prims\jni.cpp, line 520]
Event: 130.259 Thread 0x00000246e6ff2950 Exception <a 'sun/nio/fs/WindowsException'{0x00000000d5d084e0}> (0x00000000d5d084e0) 
thrown [s\src\hotspot\share\prims\jni.cpp, line 520]
Event: 130.714 Thread 0x00000246f2a0d3d0 Exception <a 'sun/nio/fs/WindowsException'{0x00000000d5fae110}> (0x00000000d5fae110) 
thrown [s\src\hotspot\share\prims\jni.cpp, line 520]
Event: 130.715 Thread 0x00000246f2a0d3d0 Exception <a 'sun/nio/fs/WindowsException'{0x00000000d5fae780}> (0x00000000d5fae780) 
thrown [s\src\hotspot\share\prims\jni.cpp, line 520]

ZGC Phase Switch (0 events):
No events

VM Operations (20 events):
Event: 3006.360 Executing VM operation: RendezvousGCThreads
Event: 3006.360 Executing VM operation: RendezvousGCThreads done
Event: 3025.370 Executing VM operation: Cleanup
Event: 3025.371 Executing VM operation: Cleanup done
Event: 3066.568 Executing VM operation: HandshakeAllThreads (HandshakeForDeflation)
Event: 3066.568 Executing VM operation: HandshakeAllThreads (HandshakeForDeflation) done
Event: 3066.568 Executing VM operation: RendezvousGCThreads
Event: 3066.568 Executing VM operation: RendezvousGCThreads done
Event: 3126.606 Executing VM operation: HandshakeAllThreads (HandshakeForDeflation)
Event: 3126.606 Executing VM operation: HandshakeAllThreads (HandshakeForDeflation) done
Event: 3126.606 Executing VM operation: RendezvousGCThreads
Event: 3126.606 Executing VM operation: RendezvousGCThreads done
Event: 3186.760 Executing VM operation: HandshakeAllThreads (HandshakeForDeflation)
Event: 3186.760 Executing VM operation: HandshakeAllThreads (HandshakeForDeflation) done
Event: 3186.760 Executing VM operation: RendezvousGCThreads
Event: 3186.760 Executing VM operation: RendezvousGCThreads done
Event: 3307.029 Executing VM operation: HandshakeAllThreads (HandshakeForDeflation)
Event: 3307.029 Executing VM operation: HandshakeAllThreads (HandshakeForDeflation) done
Event: 3307.029 Executing VM operation: RendezvousGCThreads
Event: 3307.029 Executing VM operation: RendezvousGCThreads done

Memory protections (0 events):
No events

Nmethod flushes (20 events):
Event: 46.837 Thread 0x00000246c7862d50 flushing  nmethod 0x00000246cb310310
Event: 46.837 Thread 0x00000246c7862d50 flushing  nmethod 0x00000246cb31af10
Event: 46.837 Thread 0x00000246c7862d50 flushing osr nmethod 0x00000246cb353090
Event: 46.837 Thread 0x00000246c7862d50 flushing  nmethod 0x00000246cb36cf10
Event: 46.837 Thread 0x00000246c7862d50 flushing  nmethod 0x00000246cb381890
Event: 46.837 Thread 0x00000246c7862d50 flushing  nmethod 0x00000246cb382410
Event: 46.837 Thread 0x00000246c7862d50 flushing  nmethod 0x00000246cb382b90
Event: 46.837 Thread 0x00000246c7862d50 flushing  nmethod 0x00000246cb384690
Event: 46.837 Thread 0x00000246c7862d50 flushing  nmethod 0x00000246cb3b3290
Event: 46.837 Thread 0x00000246c7862d50 flushing  nmethod 0x00000246cb3d1b90
Event: 46.837 Thread 0x00000246c7862d50 flushing  nmethod 0x00000246cb3dd010
Event: 46.837 Thread 0x00000246c7862d50 flushing  nmethod 0x00000246cb3dd990
Event: 46.837 Thread 0x00000246c7862d50 flushing  nmethod 0x00000246cb40eb90
Event: 46.837 Thread 0x00000246c7862d50 flushing  nmethod 0x00000246cb40f190
Event: 46.837 Thread 0x00000246c7862d50 flushing  nmethod 0x00000246cb410010
Event: 46.837 Thread 0x00000246c7862d50 flushing  nmethod 0x00000246cb412590
Event: 46.837 Thread 0x00000246c7862d50 flushing  nmethod 0x00000246cb41ef90
Event: 46.837 Thread 0x00000246c7862d50 flushing  nmethod 0x00000246cb423690
Event: 46.837 Thread 0x00000246c7862d50 flushing  nmethod 0x00000246cb45a790
Event: 46.837 Thread 0x00000246c7862d50 flushing  nmethod 0x00000246cb47f710

Events (20 events):
Event: 130.119 Thread 0x00000246f2a0e780 Thread exited: 0x00000246f2a0e780
Event: 130.119 Thread 0x00000246f2a0b300 Thread exited: 0x00000246f2a0b300
Event: 130.119 Thread 0x00000246f2a0c020 Thread exited: 0x00000246f2a0c020
Event: 130.396 Thread 0x00000246e4bc4370 Thread exited: 0x00000246e4bc4370
Event: 130.507 Thread 0x00000246e4bc5eb0 Thread exited: 0x00000246e4bc5eb0
Event: 130.704 Thread 0x00000246e6ff7810 Thread added: 0x00000246f2a0b300
Event: 130.708 Thread 0x00000246f2a0b300 Thread added: 0x00000246f2a0d3d0
Event: 130.716 Thread 0x00000246f2a0d3d0 Thread added: 0x00000246f2a0c6b0
Event: 131.680 Thread 0x00000246f2a0b300 Thread added: 0x00000246f2a0e780
Event: 131.681 Thread 0x00000246f2a0c6b0 Thread exited: 0x00000246f2a0c6b0
Event: 132.202 Thread 0x00000246f2a0e780 Thread added: 0x00000246f2a0c6b0
Event: 132.204 Thread 0x00000246f2a0e780 Thread exited: 0x00000246f2a0e780
Event: 188.662 Thread 0x00000246e425fbf0 Thread exited: 0x00000246e425fbf0
Event: 271.646 Thread 0x00000246e6ff2950 Thread exited: 0x00000246e6ff2950
Event: 331.661 Thread 0x00000246e6ff1c30 Thread exited: 0x00000246e6ff1c30
Event: 391.674 Thread 0x00000246e6ff2fe0 Thread exited: 0x00000246e6ff2fe0
Event: 451.675 Thread 0x00000246e6ff3d00 Thread exited: 0x00000246e6ff3d00
Event: 511.682 Thread 0x00000246e6ff4390 Thread exited: 0x00000246e6ff4390
Event: 571.684 Thread 0x00000246e6ff5740 Thread exited: 0x00000246e6ff5740
Event: 631.690 Thread 0x00000246e6ff7ea0 Thread exited: 0x00000246e6ff7ea0


Dynamic libraries:
0x00007ff7ede70000 - 0x00007ff7ede7e000 	c:\Users\muoi\.vscode\extensions\redhat.java-1.46.0-win32-x64\jre\21.0.8-win32-x86_64\bin\java.exe
0x00007ffc60f80000 - 0x00007ffc611e9000 	C:\WINDOWS\SYSTEM32\ntdll.dll
0x00007ffc5f440000 - 0x00007ffc5f509000 	C:\WINDOWS\System32\KERNEL32.DLL
0x00007ffc5e110000 - 0x00007ffc5e503000 	C:\WINDOWS\System32\KERNELBASE.dll
0x00007ffc5e7c0000 - 0x00007ffc5e90b000 	C:\WINDOWS\System32\ucrtbase.dll
0x00007ffc500e0000 - 0x00007ffc500f8000 	c:\Users\muoi\.vscode\extensions\redhat.java-1.46.0-win32-x64\jre\21.0.8-win32-x86_64\bin\jli.dll
0x00007ffc5ff70000 - 0x00007ffc60134000 	C:\WINDOWS\System32\USER32.dll
0x00007ffc5e660000 - 0x00007ffc5e687000 	C:\WINDOWS\System32\win32u.dll
0x00007ffc50100000 - 0x00007ffc5011e000 	c:\Users\muoi\.vscode\extensions\redhat.java-1.46.0-win32-x64\jre\21.0.8-win32-x86_64\bin\VCRUNTIME140.dll
0x00007ffc5f0d0000 - 0x00007ffc5f0fb000 	C:\WINDOWS\System32\GDI32.dll
0x00007ffc48f60000 - 0x00007ffc491f3000 	C:\WINDOWS\WinSxS\amd64_microsoft.windows.common-controls_6595b64144ccf1df_6.0.26100.5074_none_3e0d6f78e32fd63f\COMCTL32.dll
0x00007ffc5e690000 - 0x00007ffc5e7bd000 	C:\WINDOWS\System32\gdi32full.dll
0x00007ffc601d0000 - 0x00007ffc60279000 	C:\WINDOWS\System32\msvcrt.dll
0x00007ffc5e5b0000 - 0x00007ffc5e653000 	C:\WINDOWS\System32\msvcp_win.dll
0x00007ffc5eee0000 - 0x00007ffc5ef0f000 	C:\WINDOWS\System32\IMM32.DLL
0x00007ffc576c0000 - 0x00007ffc576cc000 	c:\Users\muoi\.vscode\extensions\redhat.java-1.46.0-win32-x64\jre\21.0.8-win32-x86_64\bin\vcruntime140_1.dll
0x00007ffc46f00000 - 0x00007ffc46f8d000 	c:\Users\muoi\.vscode\extensions\redhat.java-1.46.0-win32-x64\jre\21.0.8-win32-x86_64\bin\msvcp140.dll
0x00007ffbf7c10000 - 0x00007ffbf89a7000 	c:\Users\muoi\.vscode\extensions\redhat.java-1.46.0-win32-x64\jre\21.0.8-win32-x86_64\bin\server\jvm.dll
0x00007ffc60280000 - 0x00007ffc60334000 	C:\WINDOWS\System32\ADVAPI32.dll
0x00007ffc5ed50000 - 0x00007ffc5edf6000 	C:\WINDOWS\System32\sechost.dll
0x00007ffc5ef20000 - 0x00007ffc5f038000 	C:\WINDOWS\System32\RPCRT4.dll
0x00007ffc5f700000 - 0x00007ffc5f774000 	C:\WINDOWS\System32\WS2_32.dll
0x00007ffc5df70000 - 0x00007ffc5dfce000 	C:\WINDOWS\SYSTEM32\POWRPROF.dll
0x00007ffc4a040000 - 0x00007ffc4a075000 	C:\WINDOWS\SYSTEM32\WINMM.dll
0x00007ffc50830000 - 0x00007ffc5083b000 	C:\WINDOWS\SYSTEM32\VERSION.dll
0x00007ffc5df50000 - 0x00007ffc5df64000 	C:\WINDOWS\SYSTEM32\UMPDC.dll
0x00007ffc5ceb0000 - 0x00007ffc5cecb000 	C:\WINDOWS\SYSTEM32\kernel.appcore.dll
0x00007ffc54780000 - 0x00007ffc5478a000 	c:\Users\muoi\.vscode\extensions\redhat.java-1.46.0-win32-x64\jre\21.0.8-win32-x86_64\bin\jimage.dll
0x00007ffc586b0000 - 0x00007ffc588f2000 	C:\WINDOWS\SYSTEM32\DBGHELP.DLL
0x00007ffc5fa80000 - 0x00007ffc5fdfb000 	C:\WINDOWS\System32\combase.dll
0x00007ffc5ee00000 - 0x00007ffc5eed7000 	C:\WINDOWS\System32\OLEAUT32.dll
0x00007ffc48430000 - 0x00007ffc4846d000 	C:\WINDOWS\SYSTEM32\dbgcore.DLL
0x00007ffc5e510000 - 0x00007ffc5e5a9000 	C:\WINDOWS\System32\bcryptPrimitives.dll
0x00007ffc50750000 - 0x00007ffc5075f000 	c:\Users\muoi\.vscode\extensions\redhat.java-1.46.0-win32-x64\jre\21.0.8-win32-x86_64\bin\instrument.dll
0x00007ffc500c0000 - 0x00007ffc500df000 	c:\Users\muoi\.vscode\extensions\redhat.java-1.46.0-win32-x64\jre\21.0.8-win32-x86_64\bin\java.dll
0x00007ffc607f0000 - 0x00007ffc60f3d000 	C:\WINDOWS\System32\SHELL32.dll
0x00007ffc5eb50000 - 0x00007ffc5ecbc000 	C:\WINDOWS\System32\wintypes.dll
0x00007ffc5bd50000 - 0x00007ffc5c5a9000 	C:\WINDOWS\SYSTEM32\windows.storage.dll
0x00007ffc5f340000 - 0x00007ffc5f430000 	C:\WINDOWS\System32\SHCORE.dll
0x00007ffc5f7f0000 - 0x00007ffc5f852000 	C:\WINDOWS\System32\shlwapi.dll
0x00007ffc5e030000 - 0x00007ffc5e059000 	C:\WINDOWS\SYSTEM32\profapi.dll
0x00007ffc4f4f0000 - 0x00007ffc4f508000 	c:\Users\muoi\.vscode\extensions\redhat.java-1.46.0-win32-x64\jre\21.0.8-win32-x86_64\bin\zip.dll
0x00007ffc502c0000 - 0x00007ffc502d0000 	C:\Users\muoi\.vscode\extensions\redhat.java-1.46.0-win32-x64\jre\21.0.8-win32-x86_64\bin\net.dll
0x00007ffc5b510000 - 0x00007ffc5b62f000 	C:\WINDOWS\SYSTEM32\WINHTTP.dll
0x00007ffc5d410000 - 0x00007ffc5d47b000 	C:\WINDOWS\system32\mswsock.dll
0x00007ffc49f40000 - 0x00007ffc49f56000 	C:\Users\muoi\.vscode\extensions\redhat.java-1.46.0-win32-x64\jre\21.0.8-win32-x86_64\bin\nio.dll
0x00007ffc501e0000 - 0x00007ffc501f0000 	c:\Users\muoi\.vscode\extensions\redhat.java-1.46.0-win32-x64\jre\21.0.8-win32-x86_64\bin\verify.dll
0x00007ffc36370000 - 0x00007ffc363b4000 	C:\Users\muoi\AppData\Roaming\Code\User\globalStorage\redhat.java\1.46.0\config_win\org.eclipse.equinox.launcher\org.eclipse.equinox.launcher.win32.win32.x86_64_1.2.1400.v20250801-0854\eclipse_11916.dll
0x00007ffc5f8e0000 - 0x00007ffc5fa78000 	C:\WINDOWS\System32\ole32.dll
0x00007ffc5d7e0000 - 0x00007ffc5d7fb000 	C:\WINDOWS\SYSTEM32\CRYPTSP.dll
0x00007ffc5ce10000 - 0x00007ffc5ce4b000 	C:\WINDOWS\system32\rsaenh.dll
0x00007ffc5d4b0000 - 0x00007ffc5d4db000 	C:\WINDOWS\SYSTEM32\USERENV.dll
0x00007ffc5e000000 - 0x00007ffc5e026000 	C:\WINDOWS\SYSTEM32\bcrypt.dll
0x00007ffc5d640000 - 0x00007ffc5d64c000 	C:\WINDOWS\SYSTEM32\CRYPTBASE.dll
0x00007ffc5c900000 - 0x00007ffc5c934000 	C:\WINDOWS\SYSTEM32\IPHLPAPI.DLL
0x00007ffc5f2e0000 - 0x00007ffc5f2ea000 	C:\WINDOWS\System32\NSI.dll
0x00007ffc464d0000 - 0x00007ffc46519000 	C:\Users\muoi\AppData\Local\Temp\jna-3363202\jna3186779705541038428.dll
0x00007ffc5f040000 - 0x00007ffc5f048000 	C:\WINDOWS\System32\PSAPI.DLL
0x00007ffc507b0000 - 0x00007ffc507ce000 	C:\WINDOWS\SYSTEM32\dhcpcsvc6.DLL
0x00007ffc4fd40000 - 0x00007ffc4fd63000 	C:\WINDOWS\SYSTEM32\dhcpcsvc.DLL
0x00007ffc485f0000 - 0x00007ffc485f9000 	C:\Users\muoi\.vscode\extensions\redhat.java-1.46.0-win32-x64\jre\21.0.8-win32-x86_64\bin\extnet.dll

JVMTI agents:
c:\Users\muoi\.vscode\extensions\redhat.java-1.46.0-win32-x64\lombok\lombok-1.18.39-4050.jar path:c:\Users\muoi\.vscode\extensions\redhat.java-1.46.0-win32-x64\jre\21.0.8-win32-x86_64\bin\instrument.dll, loaded, initialized, instrumentlib options:none

dbghelp: loaded successfully - version: 4.0.5 - missing functions: none
symbol engine: initialized successfully - sym options: 0x614 - pdb path: .;c:\Users\muoi\.vscode\extensions\redhat.java-1.46.0-win32-x64\jre\21.0.8-win32-x86_64\bin;C:\WINDOWS\SYSTEM32;C:\WINDOWS\WinSxS\amd64_microsoft.windows.common-controls_6595b64144ccf1df_6.0.26100.5074_none_3e0d6f78e32fd63f;c:\Users\muoi\.vscode\extensions\redhat.java-1.46.0-win32-x64\jre\21.0.8-win32-x86_64\bin\server;C:\Users\muoi\AppData\Roaming\Code\User\globalStorage\redhat.java\1.46.0\config_win\org.eclipse.equinox.launcher\org.eclipse.equinox.launcher.win32.win32.x86_64_1.2.1400.v20250801-0854;C:\Users\muoi\AppData\Local\Temp\jna-3363202

VM Arguments:
jvm_args: --add-modules=ALL-SYSTEM --add-opens=java.base/java.util=ALL-UNNAMED --add-opens=java.base/java.lang=ALL-UNNAMED --add-opens=java.base/sun.nio.fs=ALL-UNNAMED -Declipse.application=org.eclipse.jdt.ls.core.id1 -Dosgi.bundles.defaultStartLevel=4 -Declipse.product=org.eclipse.jdt.ls.core.product -Djava.import.generatesMetadataFilesAtProjectRoot=false -DDetectVMInstallationsJob.disabled=true -Dfile.encoding=utf8 -XX:+UseParallelGC -XX:GCTimeRatio=4 -XX:AdaptiveSizePolicyWeight=90 -Dsun.zip.disableMemoryMapping=true -Xmx2G -Xms100m -Xlog:disable -javaagent:c:\Users\muoi\.vscode\extensions\redhat.java-1.46.0-win32-x64\lombok\lombok-1.18.39-4050.jar -XX:+HeapDumpOnOutOfMemoryError -XX:HeapDumpPath=c:\Users\muoi\AppData\Roaming\Code\User\workspaceStorage\cd43c9eb03e8a2cb58f56214c8b6dfa4\redhat.java -Daether.dependencyCollector.impl=bf 
java_command: c:\Users\muoi\.vscode\extensions\redhat.java-1.46.0-win32-x64\server\plugins\org.eclipse.equinox.launcher_1.7.0.v20250519-0528.jar -configuration c:\Users\muoi\AppData\Roaming\Code\User\globalStorage\redhat.java\1.46.0\config_win -data c:\Users\muoi\AppData\Roaming\Code\User\workspaceStorage\cd43c9eb03e8a2cb58f56214c8b6dfa4\redhat.java\jdt_ws --pipe=\\.\pipe\lsp-97ba7aec2679d9c82f486b116fbf88b6-sock
java_class_path (initial): c:\Users\muoi\.vscode\extensions\redhat.java-1.46.0-win32-x64\server\plugins\org.eclipse.equinox.launcher_1.7.0.v20250519-0528.jar
Launcher Type: SUN_STANDARD

[Global flags]
    uintx AdaptiveSizePolicyWeight                 = 90                                        {product} {command line}
     intx CICompilerCount                          = 4                                         {product} {ergonomic}
    uintx GCTimeRatio                              = 4                                         {product} {command line}
     bool HeapDumpOnOutOfMemoryError               = true                                   {manageable} {command line}
    ccstr HeapDumpPath                             = c:\Users\muoi\AppData\Roaming\Code\User\workspaceStorage\cd43c9eb03e8a2cb58f56214c8b6dfa4\redhat.java         {manageable} {command line}
   size_t InitialHeapSize                          = 104857600                                 {product} {command line}
   size_t MaxHeapSize                              = 2147483648                                {product} {command line}
   size_t MaxNewSize                               = 715653120                                 {product} {ergonomic}
   size_t MinHeapDeltaBytes                        = 524288                                    {product} {ergonomic}
   size_t MinHeapSize                              = 104857600                                 {product} {command line}
   size_t NewSize                                  = 34603008                                  {product} {ergonomic}
    uintx NonNMethodCodeHeapSize                   = 5839372                                {pd product} {ergonomic}
    uintx NonProfiledCodeHeapSize                  = 122909434                              {pd product} {ergonomic}
   size_t OldSize                                  = 70254592                                  {product} {ergonomic}
    uintx ProfiledCodeHeapSize                     = 122909434                              {pd product} {ergonomic}
    uintx ReservedCodeCacheSize                    = 251658240                              {pd product} {ergonomic}
     bool SegmentedCodeCache                       = true                                      {product} {ergonomic}
   size_t SoftMaxHeapSize                          = 2147483648                             {manageable} {ergonomic}
     bool UseCompressedOops                        = true                           {product lp64_product} {ergonomic}
     bool UseLargePagesIndividualAllocation        = false                                  {pd product} {ergonomic}
     bool UseParallelGC                            = true                                      {product} {command line}

Logging:
Log output configuration:
 #0: stdout all=off uptime,level,tags foldmultilines=false
 #1: stderr all=off uptime,level,tags foldmultilines=false

Environment Variables:
JAVA_HOME=C:\Program Files\Java\jdk-21
PATH=C:\Program Files\Common Files\Oracle\Java\javapath;C:\WINDOWS\system32;C:\WINDOWS;C:\WINDOWS\System32\Wbem;C:\WINDOWS\System32\WindowsPowerShell\v1.0\;C:\WINDOWS\System32\OpenSSH\;c:\Users\muoi\AppData\Local\Programs\cursor\resources\app\bin;C:\Program Files\Git\cmd;C:\Program Files\Java\jdk-21\bin;C:\Users\muoi\AppData\Roaming\nvm;C:\Program Files\nodejs;C:\Users\muoi\Downloads\Auto_Golike_Fram;C:\Program Files\dotnet\;C:\Program Files\Docker\Docker\resources\bin;C:\Users\muoi\Downloads\apache-maven-3.9.11-bin (1)\apache-maven-3.9.11\bin;C:\Users\muoi\Downloads\apache-maven-3.9.11-bin\apache-maven-3.9.11\bin;C:\Users\muoi\AppData\Local\Programs\Python\Python312\Scripts\;C:\Users\muoi\AppData\Local\Programs\Python\Python312\;C:\Users\muoi\AppData\Local\Programs\Python\Launcher\;C:\Users\muoi\AppData\Local\Microsoft\WindowsApps;C:\Users\muoi\AppData\Local\Programs\Microsoft VS Code\bin;C:\Users\muoi\AppData\Local\Programs\cursor\resources\app\bin;C:\Users\muoi\AppData\Roaming\nvm;C:\Program Files\nodejs;C:\platform-tools;C:\Users\muoi\.dotnet\tools
USERNAME=muoi
OS=Windows_NT
PROCESSOR_IDENTIFIER=Intel64 Family 6 Model 142 Stepping 10, GenuineIntel
TMP=C:\Users\muoi\AppData\Local\Temp
TEMP=C:\Users\muoi\AppData\Local\Temp




Periodic native trim disabled

---------------  S Y S T E M  ---------------

OS:
 Windows 11 , 64 bit Build 26100 (10.0.26100.5074)
OS uptime: 0 days 1:48 hours
Hyper-V role detected

CPU: total 8 (initial active 8) (4 cores per cpu, 2 threads per core) family 6 model 142 stepping 10 microcode 0xe0, cx8, cmov, fxsr, ht, mmx, 3dnowpref, sse, sse2, sse3, ssse3, sse4.1, sse4.2, popcnt, lzcnt, tsc, tscinvbit, avx, avx2, aes, erms, clmul, bmi1, bmi2, adx, fma, vzeroupper, clflush, clflushopt, hv, rdtscp, f16c
Processor Information for the first 8 processors :
  Max Mhz: 1801, Current Mhz: 1801, Mhz Limit: 1801

Memory: 4k page, system-wide physical 16243M (4927M free)
TotalPageFile size 16243M (AvailPageFile size 62M)
current process WorkingSet (physical memory assigned to process): 90M, peak: 409M
current process commit charge ("private bytes"): 442M, peak: 487M

vm_info: OpenJDK 64-Bit Server VM (21.0.8+9-LTS) for windows-amd64 JRE (21.0.8+9-LTS), built on 2025-07-15T00:00:00Z by "admin" with MS VC++ 17.7 (VS2022)

END.
