#
# There is insufficient memory for the Java Runtime Environment to continue.
# Native memory allocation (malloc) failed to allocate 1048576 bytes. Error detail: AllocateHeap
# Possible reasons:
#   The system is out of physical RAM or swap space
#   This process is running with CompressedOops enabled, and the Java Heap may be blocking the growth of the native heap
# Possible solutions:
#   Reduce memory load on the system
#   Increase physical memory or swap space
#   Check if swap backing store is full
#   Decrease Java heap size (-Xmx/-Xms)
#   Decrease number of Java threads
#   Decrease Java thread stack sizes (-Xss)
#   Set larger code cache with -XX:ReservedCodeCacheSize=
#   JVM is running with Unscaled Compressed Oops mode in which the Java heap is
#     placed in the first 4GB address space. The Java Heap base address is the
#     maximum limit for the native heap growth. Please use -XX:HeapBaseMinAddress
#     to set the Java Heap base and to place the Java Heap above 4GB virtual address.
# This output file may be truncated or incomplete.
#
#  Out of Memory Error (allocation.cpp:44), pid=7068, tid=13616
#
# JRE version: OpenJDK Runtime Environment Temurin-21.0.8+9 (21.0.8+9) (build 21.0.8+9-LTS)
# Java VM: OpenJDK 64-Bit Server VM Temurin-21.0.8+9 (21.0.8+9-LTS, mixed mode, sharing, tiered, compressed oops, compressed class ptrs, parallel gc, windows-amd64)
# No core dump will be written. Minidumps are not enabled by default on client versions of Windows
#

---------------  S U M M A R Y ------------

Command Line: --add-modules=ALL-SYSTEM --add-opens=java.base/java.util=ALL-UNNAMED --add-opens=java.base/java.lang=ALL-UNNAMED --add-opens=java.base/sun.nio.fs=ALL-UNNAMED -Declipse.application=org.eclipse.jdt.ls.core.id1 -Dosgi.bundles.defaultStartLevel=4 -Declipse.product=org.eclipse.jdt.ls.core.product -Djava.import.generatesMetadataFilesAtProjectRoot=false -DDetectVMInstallationsJob.disabled=true -Dfile.encoding=utf8 -XX:+UseParallelGC -XX:GCTimeRatio=4 -XX:AdaptiveSizePolicyWeight=90 -Dsun.zip.disableMemoryMapping=true -Xmx2G -Xms100m -Xlog:disable -javaagent:c:\Users\muoi\.vscode\extensions\redhat.java-1.46.0-win32-x64\lombok\lombok-1.18.39-4050.jar -XX:+HeapDumpOnOutOfMemoryError -XX:HeapDumpPath=c:\Users\muoi\AppData\Roaming\Code\User\workspaceStorage\cd43c9eb03e8a2cb58f56214c8b6dfa4\redhat.java -Daether.dependencyCollector.impl=bf c:\Users\muoi\.vscode\extensions\redhat.java-1.46.0-win32-x64\server\plugins\org.eclipse.equinox.launcher_1.7.0.v20250519-0528.jar -configuration c:\Users\muoi\AppData\Roaming\Code\User\globalStorage\redhat.java\1.46.0\config_win -data c:\Users\muoi\AppData\Roaming\Code\User\workspaceStorage\cd43c9eb03e8a2cb58f56214c8b6dfa4\redhat.java\jdt_ws --pipe=\\.\pipe\lsp-650629e6c826bc2c043238289763c6d4-sock

Host: Intel(R) Core(TM) i5-8250U CPU @ 1.60GHz, 8 cores, 15G,  Windows 11 , 64 bit Build 26100 (10.0.26100.6725)
Time: Fri Oct 17 14:58:12 2025 SE Asia Standard Time elapsed time: 3929.204232 seconds (0d 1h 5m 29s)

---------------  T H R E A D  ---------------

Current thread (0x0000022f44673c90):  JavaThread "Attach Listener" daemon [_thread_in_vm, id=13616, stack(0x00000079ec000000,0x00000079ec100000) (1024K)]

Stack: [0x00000079ec000000,0x00000079ec100000]
Native frames: (J=compiled Java code, j=interpreted, Vv=VM code, C=native code)
V  [jvm.dll+0x6d2449]
V  [jvm.dll+0x8ae341]
V  [jvm.dll+0x8b08be]
V  [jvm.dll+0x8b0fa3]
V  [jvm.dll+0x280c96]
V  [jvm.dll+0xc0347]
V  [jvm.dll+0x6d2cf9]
V  [jvm.dll+0x131116]
V  [jvm.dll+0x3f2d16]
V  [jvm.dll+0x857e6b]
V  [jvm.dll+0x6d0b0d]
C  [ucrtbase.dll+0x37b0]
C  [KERNEL32.DLL+0x2e8d7]
C  [ntdll.dll+0x8c53c]


---------------  P R O C E S S  ---------------

Threads class SMR info:
_java_thread_list=0x0000022f66332580, length=61, elements={
0x0000022f44701b30, 0x0000022f447adda0, 0x0000022f4466c6d0, 0x0000022f44670eb0,
0x0000022f44673c90, 0x0000022f446746e0, 0x0000022f44675130, 0x0000022f44678330,
0x0000022f5c938120, 0x0000022f5ca1ee20, 0x0000022f5cae8320, 0x0000022f5cc84820,
0x0000022f61856900, 0x0000022f61268570, 0x0000022f5cb16f10, 0x0000022f61dae970,
0x0000022f616461a0, 0x0000022f61abb050, 0x0000022f5cabced0, 0x0000022f617876f0,
0x0000022f617869d0, 0x0000022f63793c20, 0x0000022f63795660, 0x0000022f63795cf0,
0x0000022f63796380, 0x0000022f63792f00, 0x0000022f637942b0, 0x0000022f63794940,
0x0000022f63796a10, 0x0000022f63793590, 0x0000022f637970a0, 0x0000022f63797730,
0x0000022f64e3f0e0, 0x0000022f64e3b5d0, 0x0000022f64e3fe00, 0x0000022f64e411b0,
0x0000022f706012a0, 0x0000022f6379a520, 0x0000022f61788aa0, 0x0000022f65c4da60,
0x0000022f65c4e0f0, 0x0000022f65c4f4a0, 0x0000022f65c4d3d0, 0x0000022f65c4b990,
0x0000022f65c4fb30, 0x0000022f65c501c0, 0x0000022f62505f80, 0x0000022f62504bd0,
0x0000022f64e3dd30, 0x0000022f64e3ea50, 0x0000022f64e3f770, 0x0000022f61789130,
0x0000022f62504540, 0x0000022f62500a30, 0x0000022f6f3e3ac0, 0x0000022f65c4ee10,
0x0000022f65c52920, 0x0000022f65c51c00, 0x0000022f6f3e5500, 0x0000022f6f3e6220,
0x0000022f6f3e7c60
}

Java Threads: ( => current thread )
  0x0000022f44701b30 JavaThread "main"                              [_thread_blocked, id=8896, stack(0x00000079eb900000,0x00000079eba00000) (1024K)]
  0x0000022f447adda0 JavaThread "Reference Handler"          daemon [_thread_blocked, id=15800, stack(0x00000079ebd00000,0x00000079ebe00000) (1024K)]
  0x0000022f4466c6d0 JavaThread "Finalizer"                  daemon [_thread_blocked, id=15864, stack(0x00000079ebe00000,0x00000079ebf00000) (1024K)]
  0x0000022f44670eb0 JavaThread "Signal Dispatcher"          daemon [_thread_blocked, id=9192, stack(0x00000079ebf00000,0x00000079ec000000) (1024K)]
=>0x0000022f44673c90 JavaThread "Attach Listener"            daemon [_thread_in_vm, id=13616, stack(0x00000079ec000000,0x00000079ec100000) (1024K)]
  0x0000022f446746e0 JavaThread "Service Thread"             daemon [_thread_blocked, id=1712, stack(0x00000079ec100000,0x00000079ec200000) (1024K)]
  0x0000022f44675130 JavaThread "Monitor Deflation Thread"   daemon [_thread_blocked, id=15708, stack(0x00000079ec200000,0x00000079ec300000) (1024K)]
  0x0000022f44678330 JavaThread "C2 CompilerThread0"         daemon [_thread_blocked, id=14704, stack(0x00000079ec300000,0x00000079ec400000) (1024K)]
  0x0000022f5c938120 JavaThread "C1 CompilerThread0"         daemon [_thread_blocked, id=5884, stack(0x00000079ec400000,0x00000079ec500000) (1024K)]
  0x0000022f5ca1ee20 JavaThread "Common-Cleaner"             daemon [_thread_blocked, id=1092, stack(0x00000079ec500000,0x00000079ec600000) (1024K)]
  0x0000022f5cae8320 JavaThread "Notification Thread"        daemon [_thread_blocked, id=16276, stack(0x00000079ec600000,0x00000079ec700000) (1024K)]
  0x0000022f5cc84820 JavaThread "Active Thread: Equinox Container: d37ebe85-0c31-4d32-a916-1068649e856c"        [_thread_blocked, id=9504, stack(0x00000079ec700000,0x00000079ec800000) (1024K)]
  0x0000022f61856900 JavaThread "Refresh Thread: Equinox Container: d37ebe85-0c31-4d32-a916-1068649e856c" daemon [_thread_blocked, id=8508, stack(0x00000079ece00000,0x00000079ecf00000) (1024K)]
  0x0000022f61268570 JavaThread "Framework Event Dispatcher: Equinox Container: d37ebe85-0c31-4d32-a916-1068649e856c" daemon [_thread_blocked, id=9832, stack(0x00000079ed000000,0x00000079ed100000) (1024K)]
  0x0000022f5cb16f10 JavaThread "Start Level: Equinox Container: d37ebe85-0c31-4d32-a916-1068649e856c" daemon [_thread_blocked, id=16364, stack(0x00000079ed100000,0x00000079ed200000) (1024K)]
  0x0000022f61dae970 JavaThread "Bundle File Closer"         daemon [_thread_blocked, id=12380, stack(0x00000079ed300000,0x00000079ed400000) (1024K)]
  0x0000022f616461a0 JavaThread "SCR Component Actor"        daemon [_thread_blocked, id=12608, stack(0x00000079ed200000,0x00000079ed300000) (1024K)]
  0x0000022f61abb050 JavaThread "Worker-JM"                         [_thread_blocked, id=14764, stack(0x00000079ed600000,0x00000079ed700000) (1024K)]
  0x0000022f5cabced0 JavaThread "JNA Cleaner"                daemon [_thread_blocked, id=14824, stack(0x00000079ed500000,0x00000079ed600000) (1024K)]
  0x0000022f617876f0 JavaThread "Java indexing"              daemon [_thread_blocked, id=13392, stack(0x00000079eda00000,0x00000079edb00000) (1024K)]
  0x0000022f617869d0 JavaThread "Thread-1"                   daemon [_thread_in_native, id=4624, stack(0x00000079ee100000,0x00000079ee200000) (1024K)]
  0x0000022f63793c20 JavaThread "Thread-2"                   daemon [_thread_in_native, id=6760, stack(0x00000079ee200000,0x00000079ee300000) (1024K)]
  0x0000022f63795660 JavaThread "Thread-3"                   daemon [_thread_in_native, id=9740, stack(0x00000079ee300000,0x00000079ee400000) (1024K)]
  0x0000022f63795cf0 JavaThread "Thread-4"                   daemon [_thread_in_native, id=9864, stack(0x00000079ee400000,0x00000079ee500000) (1024K)]
  0x0000022f63796380 JavaThread "Thread-5"                   daemon [_thread_in_native, id=6884, stack(0x00000079ee500000,0x00000079ee600000) (1024K)]
  0x0000022f63792f00 JavaThread "Thread-6"                   daemon [_thread_in_native, id=3120, stack(0x00000079ee600000,0x00000079ee700000) (1024K)]
  0x0000022f637942b0 JavaThread "Thread-7"                   daemon [_thread_in_native, id=8452, stack(0x00000079ee700000,0x00000079ee800000) (1024K)]
  0x0000022f63794940 JavaThread "Thread-8"                   daemon [_thread_in_native, id=1312, stack(0x00000079ee800000,0x00000079ee900000) (1024K)]
  0x0000022f63796a10 JavaThread "Thread-9"                   daemon [_thread_in_native, id=9392, stack(0x00000079ee900000,0x00000079eea00000) (1024K)]
  0x0000022f63793590 JavaThread "pool-2-thread-1"                   [_thread_blocked, id=6344, stack(0x00000079eea00000,0x00000079eeb00000) (1024K)]
  0x0000022f637970a0 JavaThread "WorkspaceEventsHandler"            [_thread_blocked, id=9164, stack(0x00000079eec00000,0x00000079eed00000) (1024K)]
  0x0000022f63797730 JavaThread "pool-1-thread-1"                   [_thread_blocked, id=8248, stack(0x00000079eed00000,0x00000079eee00000) (1024K)]
  0x0000022f64e3f0e0 JavaThread "Cleaner-0"                  daemon [_thread_blocked, id=16124, stack(0x00000079eb800000,0x00000079eb900000) (1024K)]
  0x0000022f64e3b5d0 JavaThread "Java Debug Server"          daemon [_thread_in_native, id=6456, stack(0x00000079edc00000,0x00000079edd00000) (1024K)]
  0x0000022f64e3fe00 JavaThread "pool-6-thread-1"                   [_thread_in_native, id=4120, stack(0x00000079edf00000,0x00000079ee000000) (1024K)]
  0x0000022f64e411b0 JavaThread "RxSchedulerPurge-1"         daemon [_thread_blocked, id=6500, stack(0x00000079ef200000,0x00000079ef300000) (1024K)]
  0x0000022f706012a0 JavaThread "RxCachedWorkerPoolEvictor-1" daemon [_thread_blocked, id=11860, stack(0x00000079ef600000,0x00000079ef700000) (1024K)]
  0x0000022f6379a520 JavaThread "process reaper (pid 4676)"  daemon [_thread_in_native, id=4560, stack(0x00000079eb350000,0x00000079eb370000) (128K)]
  0x0000022f61788aa0 JavaThread "pool-6-thread-2"                   [_thread_in_native, id=9140, stack(0x00000079eeb00000,0x00000079eec00000) (1024K)]
  0x0000022f65c4da60 JavaThread "RxNewThreadScheduler-3"     daemon [_thread_blocked, id=8152, stack(0x00000079ef800000,0x00000079ef900000) (1024K)]
  0x0000022f65c4e0f0 JavaThread "process reaper (pid 3368)"  daemon [_thread_in_native, id=13000, stack(0x00000079eb370000,0x00000079eb390000) (128K)]
  0x0000022f65c4f4a0 JavaThread "process reaper (pid 10612)" daemon [_thread_in_native, id=14296, stack(0x00000079eb390000,0x00000079eb3b0000) (128K)]
  0x0000022f65c4d3d0 JavaThread "pool-6-thread-4"                   [_thread_in_native, id=15680, stack(0x00000079efb00000,0x00000079efc00000) (1024K)]
  0x0000022f65c4b990 JavaThread "pool-6-thread-6"                   [_thread_in_native, id=16168, stack(0x00000079ed900000,0x00000079eda00000) (1024K)]
  0x0000022f65c4fb30 JavaThread "RxNewThreadScheduler-11"    daemon [_thread_blocked, id=10168, stack(0x00000079ee000000,0x00000079ee100000) (1024K)]
  0x0000022f65c501c0 JavaThread "process reaper (pid 13556)" daemon [_thread_in_native, id=9624, stack(0x00000079eb3d0000,0x00000079eb3f0000) (128K)]
  0x0000022f62505f80 JavaThread "pool-6-thread-9"                   [_thread_in_native, id=10332, stack(0x00000079eb700000,0x00000079eb800000) (1024K)]
  0x0000022f62504bd0 JavaThread "process reaper (pid 5916)"  daemon [_thread_in_native, id=10788, stack(0x00000079eb3b0000,0x00000079eb3d0000) (128K)]
  0x0000022f64e3dd30 JavaThread "ForkJoinPool.commonPool-worker-13" daemon [_thread_blocked, id=16928, stack(0x00000079ed400000,0x00000079ed500000) (1024K)]
  0x0000022f64e3ea50 JavaThread "ForkJoinPool.commonPool-worker-17" daemon [_thread_blocked, id=11368, stack(0x00000079eee00000,0x00000079eef00000) (1024K)]
  0x0000022f64e3f770 JavaThread "ForkJoinPool.commonPool-worker-18" daemon [_thread_blocked, id=5372, stack(0x00000079eef00000,0x00000079ef000000) (1024K)]
  0x0000022f61789130 JavaThread "RxNewThreadScheduler-29"    daemon [_thread_blocked, id=1884, stack(0x00000079ef700000,0x00000079ef800000) (1024K)]
  0x0000022f62504540 JavaThread "RxNewThreadScheduler-37"    daemon [_thread_blocked, id=16960, stack(0x00000079ef900000,0x00000079efa00000) (1024K)]
  0x0000022f62500a30 JavaThread "ForkJoinPool.commonPool-worker-19" daemon [_thread_blocked, id=2560, stack(0x00000079eb600000,0x00000079eb700000) (1024K)]
  0x0000022f6f3e3ac0 JavaThread "Worker-30"                         [_thread_blocked, id=7584, stack(0x00000079ed800000,0x00000079ed900000) (1024K)]
  0x0000022f65c4ee10 JavaThread "Compiler Source File Reader" daemon [_thread_blocked, id=6156, stack(0x00000079edd00000,0x00000079ede00000) (1024K)]
  0x0000022f65c52920 JavaThread "ForkJoinPool.commonPool-worker-20" daemon [_thread_blocked, id=10284, stack(0x00000079ef100000,0x00000079ef200000) (1024K)]
  0x0000022f65c51c00 JavaThread "ForkJoinPool.commonPool-worker-21" daemon [_thread_blocked, id=7448, stack(0x00000079ef400000,0x00000079ef500000) (1024K)]
  0x0000022f6f3e5500 JavaThread "Worker-31"                         [_thread_blocked, id=3076, stack(0x00000079efc00000,0x00000079efd00000) (1024K)]
  0x0000022f6f3e6220 JavaThread "Compiler Source File Reader" daemon [_thread_blocked, id=12820, stack(0x00000079efd00000,0x00000079efe00000) (1024K)]
  0x0000022f6f3e7c60 JavaThread "RxNewThreadScheduler-41"    daemon [_thread_blocked, id=11960, stack(0x00000079ede00000,0x00000079edf00000) (1024K)]
Total: 61

Other Threads:
  0x0000022f446634b0 VMThread "VM Thread"                           [id=7288, stack(0x00000079ebc00000,0x00000079ebd00000) (1024K)]
  0x0000022f4457ca00 WatcherThread "VM Periodic Task Thread"        [id=4244, stack(0x00000079ebb00000,0x00000079ebc00000) (1024K)]
  0x0000022f44716d40 WorkerThread "GC Thread#0"                     [id=5368, stack(0x00000079eba00000,0x00000079ebb00000) (1024K)]
  0x0000022f61a13e00 WorkerThread "GC Thread#1"                     [id=10504, stack(0x00000079ec800000,0x00000079ec900000) (1024K)]
  0x0000022f613d18c0 WorkerThread "GC Thread#2"                     [id=2932, stack(0x00000079ec900000,0x00000079eca00000) (1024K)]
  0x0000022f613d1c60 WorkerThread "GC Thread#3"                     [id=14760, stack(0x00000079eca00000,0x00000079ecb00000) (1024K)]
  0x0000022f613d2000 WorkerThread "GC Thread#4"                     [id=13364, stack(0x00000079ecb00000,0x00000079ecc00000) (1024K)]
  0x0000022f613d23a0 WorkerThread "GC Thread#5"                     [id=10404, stack(0x00000079ecc00000,0x00000079ecd00000) (1024K)]
  0x0000022f6186a930 WorkerThread "GC Thread#6"                     [id=344, stack(0x00000079ecd00000,0x00000079ece00000) (1024K)]
  0x0000022f61860b00 WorkerThread "GC Thread#7"                     [id=14540, stack(0x00000079ecf00000,0x00000079ed000000) (1024K)]
Total: 10

Threads with active compile tasks:
Total: 0

VM state: not at safepoint (normal execution)

VM Mutex/Monitor currently owned by a thread: None

Heap address: 0x0000000080000000, size: 2048 MB, Compressed Oops mode: 32-bit

CDS archive(s) mapped at: [0x0000022f00000000-0x0000022f00ba0000-0x0000022f00ba0000), size 12189696, SharedBaseAddress: 0x0000022f00000000, ArchiveRelocationMode: 1.
Compressed class space mapped at: 0x0000022f01000000-0x0000022f41000000, reserved size: 1073741824
Narrow klass base: 0x0000022f00000000, Narrow klass shift: 0, Narrow klass range: 0x100000000

GC Precious Log:
 CardTable entry size: 512
 CPUs: 8 total, 8 available
 Memory: 16243M
 Large Page Support: Disabled
 NUMA Support: Disabled
 Compressed Oops: Enabled (32-bit)
 Alignments: Space 512K, Generation 512K, Heap 2M
 Heap Min Capacity: 100M
 Heap Initial Capacity: 100M
 Heap Max Capacity: 2G
 Pre-touch: Disabled
 Parallel Workers: 8

Heap:
 PSYoungGen      total 8704K, used 4237K [0x00000000d5580000, 0x00000000d6100000, 0x0000000100000000)
  eden space 7680K, 42% used [0x00000000d5580000,0x00000000d58ab7b0,0x00000000d5d00000)
  from space 1024K, 96% used [0x00000000d5d00000,0x00000000d5df8000,0x00000000d5e00000)
  to   space 1536K, 0% used [0x00000000d5f80000,0x00000000d5f80000,0x00000000d6100000)
 ParOldGen       total 912896K, used 912727K [0x0000000080000000, 0x00000000b7b80000, 0x00000000d5580000)
  object space 912896K, 99% used [0x0000000080000000,0x00000000b7b55d48,0x00000000b7b80000)
 Metaspace       used 100490K, committed 102272K, reserved 1179648K
  class space    used 10000K, committed 10944K, reserved 1048576K

Card table byte_map: [0x0000022f44090000,0x0000022f444a0000] _byte_map_base: 0x0000022f43c90000

Marking Bits: (ParMarkBitMap*) 0x00007ffa1776a340
 Begin Bits: [0x0000022f56b90000, 0x0000022f58b90000)
 End Bits:   [0x0000022f58b90000, 0x0000022f5ab90000)

Polling page: 0x0000022f42500000

Metaspace:

Usage:
  Non-class:     88.37 MB used.
      Class:      9.77 MB used.
       Both:     98.14 MB used.

Virtual space:
  Non-class space:      128.00 MB reserved,      89.19 MB ( 70%) committed,  2 nodes.
      Class space:        1.00 GB reserved,      10.69 MB (  1%) committed,  1 nodes.
             Both:        1.12 GB reserved,      99.88 MB (  9%) committed. 

Chunk freelists:
   Non-Class:  6.02 MB
       Class:  5.32 MB
        Both:  11.33 MB

MaxMetaspaceSize: unlimited
CompressedClassSpaceSize: 1.00 GB
Initial GC threshold: 21.00 MB
Current GC threshold: 166.19 MB
CDS: on
 - commit_granule_bytes: 65536.
 - commit_granule_words: 8192.
 - virtual_space_node_default_size: 8388608.
 - enlarge_chunks_in_place: 1.
 - use_allocation_guard: 0.


Internal statistics:

num_allocs_failed_limit: 9.
num_arena_births: 2110.
num_arena_deaths: 496.
num_vsnodes_births: 3.
num_vsnodes_deaths: 0.
num_space_committed: 1598.
num_space_uncommitted: 0.
num_chunks_returned_to_freelist: 594.
num_chunks_taken_from_freelist: 7542.
num_chunk_merges: 163.
num_chunk_splits: 4227.
num_chunks_enlarged: 2209.
num_inconsistent_stats: 0.

CodeHeap 'non-profiled nmethods': size=120000Kb used=30776Kb max_used=30776Kb free=89223Kb
 bounds [0x0000022f4f3b0000, 0x0000022f511d0000, 0x0000022f568e0000]
CodeHeap 'profiled nmethods': size=120000Kb used=40047Kb max_used=53862Kb free=79953Kb
 bounds [0x0000022f478e0000, 0x0000022f4ae00000, 0x0000022f4ee10000]
CodeHeap 'non-nmethods': size=5760Kb used=1547Kb max_used=1711Kb free=4212Kb
 bounds [0x0000022f4ee10000, 0x0000022f4f080000, 0x0000022f4f3b0000]
CodeCache: size=245760Kb, used=72370Kb, max_used=86349Kb, free=173388Kb
 total_blobs=19256, nmethods=18389, adapters=767, full_count=0
Compilation: enabled, stopped_count=0, restarted_count=0

Compilation events (20 events):
Event: 3768.728 Thread 0x0000022f5c938120 34848       3       io.reactivex.internal.queue.SpscLinkedArrayQueue::calcDirectOffset (2 bytes)
Event: 3768.728 Thread 0x0000022f5c938120 nmethod 34848 0x0000022f47c3fc10 code [0x0000022f47c3fda0, 0x0000022f47c3fe90]
Event: 3796.881 Thread 0x0000022f44678330 34849       4       org.eclipse.jdt.internal.compiler.lookup.MethodVerifier::isParameterSubsignature (10 bytes)
Event: 3796.889 Thread 0x0000022f44678330 nmethod 34849 0x0000022f509bdb90 code [0x0000022f509bdd20, 0x0000022f509bde30]
Event: 3797.507 Thread 0x0000022f44678330 34850       4       org.eclipse.jdt.internal.compiler.lookup.RecordComponentBinding::sourceRecordComponent (67 bytes)
Event: 3797.510 Thread 0x0000022f44678330 nmethod 34850 0x0000022f509bd610 code [0x0000022f509bd7c0, 0x0000022f509bd980]
Event: 3797.519 Thread 0x0000022f44678330 34851       4       org.eclipse.jdt.internal.compiler.ast.IntLiteral::literalType (4 bytes)
Event: 3797.520 Thread 0x0000022f44678330 nmethod 34851 0x0000022f509bd310 code [0x0000022f509bd4a0, 0x0000022f509bd530]
Event: 3797.525 Thread 0x0000022f5c938120 34852       3       org.eclipse.jdt.internal.core.LambdaFactory::createLambdaMethod (177 bytes)
Event: 3797.526 Thread 0x0000022f5c938120 nmethod 34852 0x0000022f491a0490 code [0x0000022f491a07a0, 0x0000022f491a1eb8]
Event: 3797.526 Thread 0x0000022f5c938120 34853       3       org.eclipse.jdt.internal.core.LambdaMethod::<init> (55 bytes)
Event: 3797.526 Thread 0x0000022f5c938120 nmethod 34853 0x0000022f494c2d90 code [0x0000022f494c2f40, 0x0000022f494c3180]
Event: 3820.933 Thread 0x0000022f5c938120 34854       3       sun.nio.fs.NativeBuffer$Deallocator::run (11 bytes)
Event: 3820.935 Thread 0x0000022f5c938120 nmethod 34854 0x0000022f4966ae10 code [0x0000022f4966afe0, 0x0000022f4966b300]
Event: 3820.935 Thread 0x0000022f5c938120 34855       3       sun.nio.fs.NativeBuffer::free (10 bytes)
Event: 3820.936 Thread 0x0000022f5c938120 nmethod 34855 0x0000022f4825b910 code [0x0000022f4825bb00, 0x0000022f4825bf00]
Event: 3869.727 Thread 0x0000022f5c938120 34856       1       com.sun.jna.internal.Cleaner::access$200 (5 bytes)
Event: 3869.727 Thread 0x0000022f5c938120 nmethod 34856 0x0000022f509bd010 code [0x0000022f509bd1a0, 0x0000022f509bd250]
Event: 3888.395 Thread 0x0000022f5c938120 34857       3       org.eclipse.jdt.internal.core.JavaElementDelta::insertDeltaTree (24 bytes)
Event: 3888.395 Thread 0x0000022f5c938120 nmethod 34857 0x0000022f495d3710 code [0x0000022f495d38e0, 0x0000022f495d3b08]

GC Heap History (20 events):
Event: 3796.906 GC heap before
{Heap before GC invocations=7519 (full 11):
 PSYoungGen      total 6656K, used 6336K [0x00000000d5580000, 0x00000000d5d00000, 0x0000000100000000)
  eden space 5632K, 100% used [0x00000000d5580000,0x00000000d5b00000,0x00000000d5b00000)
  from space 1024K, 68% used [0x00000000d5b00000,0x00000000d5bb0000,0x00000000d5c00000)
  to   space 1024K, 0% used [0x00000000d5c00000,0x00000000d5c00000,0x00000000d5d00000)
 ParOldGen       total 900096K, used 899784K [0x0000000080000000, 0x00000000b6f00000, 0x00000000d5580000)
  object space 900096K, 99% used [0x0000000080000000,0x00000000b6eb22d8,0x00000000b6f00000)
 Metaspace       used 100488K, committed 102272K, reserved 1179648K
  class space    used 10000K, committed 10944K, reserved 1048576K
}
Event: 3796.909 GC heap after
{Heap after GC invocations=7519 (full 11):
 PSYoungGen      total 6656K, used 660K [0x00000000d5580000, 0x00000000d5d00000, 0x0000000100000000)
  eden space 5632K, 0% used [0x00000000d5580000,0x00000000d5580000,0x00000000d5b00000)
  from space 1024K, 64% used [0x00000000d5c00000,0x00000000d5ca5200,0x00000000d5d00000)
  to   space 1024K, 0% used [0x00000000d5b00000,0x00000000d5b00000,0x00000000d5c00000)
 ParOldGen       total 900608K, used 900412K [0x0000000080000000, 0x00000000b6f80000, 0x00000000d5580000)
  object space 900608K, 99% used [0x0000000080000000,0x00000000b6f4f348,0x00000000b6f80000)
 Metaspace       used 100488K, committed 102272K, reserved 1179648K
  class space    used 10000K, committed 10944K, reserved 1048576K
}
Event: 3796.918 GC heap before
{Heap before GC invocations=7520 (full 11):
 PSYoungGen      total 6656K, used 6292K [0x00000000d5580000, 0x00000000d5d00000, 0x0000000100000000)
  eden space 5632K, 100% used [0x00000000d5580000,0x00000000d5b00000,0x00000000d5b00000)
  from space 1024K, 64% used [0x00000000d5c00000,0x00000000d5ca5200,0x00000000d5d00000)
  to   space 1024K, 0% used [0x00000000d5b00000,0x00000000d5b00000,0x00000000d5c00000)
 ParOldGen       total 900608K, used 900412K [0x0000000080000000, 0x00000000b6f80000, 0x00000000d5580000)
  object space 900608K, 99% used [0x0000000080000000,0x00000000b6f4f348,0x00000000b6f80000)
 Metaspace       used 100488K, committed 102272K, reserved 1179648K
  class space    used 10000K, committed 10944K, reserved 1048576K
}
Event: 3796.920 GC heap after
{Heap after GC invocations=7520 (full 11):
 PSYoungGen      total 6656K, used 672K [0x00000000d5580000, 0x00000000d5d00000, 0x0000000100000000)
  eden space 5632K, 0% used [0x00000000d5580000,0x00000000d5580000,0x00000000d5b00000)
  from space 1024K, 65% used [0x00000000d5b00000,0x00000000d5ba8000,0x00000000d5c00000)
  to   space 1024K, 0% used [0x00000000d5c00000,0x00000000d5c00000,0x00000000d5d00000)
 ParOldGen       total 901120K, used 900937K [0x0000000080000000, 0x00000000b7000000, 0x00000000d5580000)
  object space 901120K, 99% used [0x0000000080000000,0x00000000b6fd2548,0x00000000b7000000)
 Metaspace       used 100488K, committed 102272K, reserved 1179648K
  class space    used 10000K, committed 10944K, reserved 1048576K
}
Event: 3797.418 GC heap before
{Heap before GC invocations=7521 (full 11):
 PSYoungGen      total 6656K, used 6304K [0x00000000d5580000, 0x00000000d5d00000, 0x0000000100000000)
  eden space 5632K, 100% used [0x00000000d5580000,0x00000000d5b00000,0x00000000d5b00000)
  from space 1024K, 65% used [0x00000000d5b00000,0x00000000d5ba8000,0x00000000d5c00000)
  to   space 1024K, 0% used [0x00000000d5c00000,0x00000000d5c00000,0x00000000d5d00000)
 ParOldGen       total 901120K, used 900937K [0x0000000080000000, 0x00000000b7000000, 0x00000000d5580000)
  object space 901120K, 99% used [0x0000000080000000,0x00000000b6fd2548,0x00000000b7000000)
 Metaspace       used 100488K, committed 102272K, reserved 1179648K
  class space    used 10000K, committed 10944K, reserved 1048576K
}
Event: 3797.421 GC heap after
{Heap after GC invocations=7521 (full 11):
 PSYoungGen      total 6656K, used 762K [0x00000000d5580000, 0x00000000d5d00000, 0x0000000100000000)
  eden space 5632K, 0% used [0x00000000d5580000,0x00000000d5580000,0x00000000d5b00000)
  from space 1024K, 74% used [0x00000000d5c00000,0x00000000d5cbe900,0x00000000d5d00000)
  to   space 1024K, 0% used [0x00000000d5b00000,0x00000000d5b00000,0x00000000d5c00000)
 ParOldGen       total 901632K, used 901509K [0x0000000080000000, 0x00000000b7080000, 0x00000000d5580000)
  object space 901632K, 99% used [0x0000000080000000,0x00000000b70615b8,0x00000000b7080000)
 Metaspace       used 100488K, committed 102272K, reserved 1179648K
  class space    used 10000K, committed 10944K, reserved 1048576K
}
Event: 3797.432 GC heap before
{Heap before GC invocations=7522 (full 11):
 PSYoungGen      total 6656K, used 6394K [0x00000000d5580000, 0x00000000d5d00000, 0x0000000100000000)
  eden space 5632K, 100% used [0x00000000d5580000,0x00000000d5b00000,0x00000000d5b00000)
  from space 1024K, 74% used [0x00000000d5c00000,0x00000000d5cbe900,0x00000000d5d00000)
  to   space 1024K, 0% used [0x00000000d5b00000,0x00000000d5b00000,0x00000000d5c00000)
 ParOldGen       total 901632K, used 901509K [0x0000000080000000, 0x00000000b7080000, 0x00000000d5580000)
  object space 901632K, 99% used [0x0000000080000000,0x00000000b70615b8,0x00000000b7080000)
 Metaspace       used 100488K, committed 102272K, reserved 1179648K
  class space    used 10000K, committed 10944K, reserved 1048576K
}
Event: 3797.434 GC heap after
{Heap after GC invocations=7522 (full 11):
 PSYoungGen      total 6656K, used 640K [0x00000000d5580000, 0x00000000d5d00000, 0x0000000100000000)
  eden space 5632K, 0% used [0x00000000d5580000,0x00000000d5580000,0x00000000d5b00000)
  from space 1024K, 62% used [0x00000000d5b00000,0x00000000d5ba0000,0x00000000d5c00000)
  to   space 1024K, 0% used [0x00000000d5c00000,0x00000000d5c00000,0x00000000d5d00000)
 ParOldGen       total 902144K, used 902109K [0x0000000080000000, 0x00000000b7100000, 0x00000000d5580000)
  object space 902144K, 99% used [0x0000000080000000,0x00000000b70f77d8,0x00000000b7100000)
 Metaspace       used 100488K, committed 102272K, reserved 1179648K
  class space    used 10000K, committed 10944K, reserved 1048576K
}
Event: 3797.449 GC heap before
{Heap before GC invocations=7523 (full 11):
 PSYoungGen      total 6656K, used 6272K [0x00000000d5580000, 0x00000000d5d00000, 0x0000000100000000)
  eden space 5632K, 100% used [0x00000000d5580000,0x00000000d5b00000,0x00000000d5b00000)
  from space 1024K, 62% used [0x00000000d5b00000,0x00000000d5ba0000,0x00000000d5c00000)
  to   space 1024K, 0% used [0x00000000d5c00000,0x00000000d5c00000,0x00000000d5d00000)
 ParOldGen       total 902144K, used 902109K [0x0000000080000000, 0x00000000b7100000, 0x00000000d5580000)
  object space 902144K, 99% used [0x0000000080000000,0x00000000b70f77d8,0x00000000b7100000)
 Metaspace       used 100488K, committed 102272K, reserved 1179648K
  class space    used 10000K, committed 10944K, reserved 1048576K
}
Event: 3797.453 GC heap after
{Heap after GC invocations=7523 (full 11):
 PSYoungGen      total 5120K, used 1019K [0x00000000d5580000, 0x00000000d6000000, 0x0000000100000000)
  eden space 4096K, 0% used [0x00000000d5580000,0x00000000d5580000,0x00000000d5980000)
  from space 1024K, 99% used [0x00000000d5c00000,0x00000000d5cfeda8,0x00000000d5d00000)
  to   space 2560K, 0% used [0x00000000d5980000,0x00000000d5980000,0x00000000d5c00000)
 ParOldGen       total 903168K, used 903067K [0x0000000080000000, 0x00000000b7200000, 0x00000000d5580000)
  object space 903168K, 99% used [0x0000000080000000,0x00000000b71e6cb0,0x00000000b7200000)
 Metaspace       used 100488K, committed 102272K, reserved 1179648K
  class space    used 10000K, committed 10944K, reserved 1048576K
}
Event: 3797.467 GC heap before
{Heap before GC invocations=7524 (full 11):
 PSYoungGen      total 5120K, used 5115K [0x00000000d5580000, 0x00000000d6000000, 0x0000000100000000)
  eden space 4096K, 100% used [0x00000000d5580000,0x00000000d5980000,0x00000000d5980000)
  from space 1024K, 99% used [0x00000000d5c00000,0x00000000d5cfeda8,0x00000000d5d00000)
  to   space 2560K, 0% used [0x00000000d5980000,0x00000000d5980000,0x00000000d5c00000)
 ParOldGen       total 903168K, used 903067K [0x0000000080000000, 0x00000000b7200000, 0x00000000d5580000)
  object space 903168K, 99% used [0x0000000080000000,0x00000000b71e6cb0,0x00000000b7200000)
 Metaspace       used 100488K, committed 102272K, reserved 1179648K
  class space    used 10000K, committed 10944K, reserved 1048576K
}
Event: 3797.473 GC heap after
{Heap after GC invocations=7524 (full 11):
 PSYoungGen      total 6656K, used 2560K [0x00000000d5580000, 0x00000000d6580000, 0x0000000100000000)
  eden space 4096K, 0% used [0x00000000d5580000,0x00000000d5580000,0x00000000d5980000)
  from space 2560K, 100% used [0x00000000d5980000,0x00000000d5c00000,0x00000000d5c00000)
  to   space 6144K, 0% used [0x00000000d5f80000,0x00000000d5f80000,0x00000000d6580000)
 ParOldGen       total 905728K, used 905638K [0x0000000080000000, 0x00000000b7480000, 0x00000000d5580000)
  object space 905728K, 99% used [0x0000000080000000,0x00000000b7469af8,0x00000000b7480000)
 Metaspace       used 100488K, committed 102272K, reserved 1179648K
  class space    used 10000K, committed 10944K, reserved 1048576K
}
Event: 3797.484 GC heap before
{Heap before GC invocations=7525 (full 11):
 PSYoungGen      total 6656K, used 6656K [0x00000000d5580000, 0x00000000d6580000, 0x0000000100000000)
  eden space 4096K, 100% used [0x00000000d5580000,0x00000000d5980000,0x00000000d5980000)
  from space 2560K, 100% used [0x00000000d5980000,0x00000000d5c00000,0x00000000d5c00000)
  to   space 6144K, 0% used [0x00000000d5f80000,0x00000000d5f80000,0x00000000d6580000)
 ParOldGen       total 905728K, used 905638K [0x0000000080000000, 0x00000000b7480000, 0x00000000d5580000)
  object space 905728K, 99% used [0x0000000080000000,0x00000000b7469af8,0x00000000b7480000)
 Metaspace       used 100488K, committed 102272K, reserved 1179648K
  class space    used 10000K, committed 10944K, reserved 1048576K
}
Event: 3797.489 GC heap after
{Heap after GC invocations=7525 (full 11):
 PSYoungGen      total 8704K, used 3520K [0x00000000d5580000, 0x00000000d6300000, 0x0000000100000000)
  eden space 5120K, 0% used [0x00000000d5580000,0x00000000d5580000,0x00000000d5a80000)
  from space 3584K, 98% used [0x00000000d5f80000,0x00000000d62f0000,0x00000000d6300000)
  to   space 4096K, 0% used [0x00000000d5b00000,0x00000000d5b00000,0x00000000d5f00000)
 ParOldGen       total 908288K, used 908254K [0x0000000080000000, 0x00000000b7700000, 0x00000000d5580000)
  object space 908288K, 99% used [0x0000000080000000,0x00000000b76f7af8,0x00000000b7700000)
 Metaspace       used 100488K, committed 102272K, reserved 1179648K
  class space    used 10000K, committed 10944K, reserved 1048576K
}
Event: 3797.498 GC heap before
{Heap before GC invocations=7526 (full 11):
 PSYoungGen      total 8704K, used 8640K [0x00000000d5580000, 0x00000000d6300000, 0x0000000100000000)
  eden space 5120K, 100% used [0x00000000d5580000,0x00000000d5a80000,0x00000000d5a80000)
  from space 3584K, 98% used [0x00000000d5f80000,0x00000000d62f0000,0x00000000d6300000)
  to   space 4096K, 0% used [0x00000000d5b00000,0x00000000d5b00000,0x00000000d5f00000)
 ParOldGen       total 908288K, used 908254K [0x0000000080000000, 0x00000000b7700000, 0x00000000d5580000)
  object space 908288K, 99% used [0x0000000080000000,0x00000000b76f7af8,0x00000000b7700000)
 Metaspace       used 100488K, committed 102272K, reserved 1179648K
  class space    used 10000K, committed 10944K, reserved 1048576K
}
Event: 3797.503 GC heap after
{Heap after GC invocations=7526 (full 11):
 PSYoungGen      total 6656K, used 730K [0x00000000d5580000, 0x00000000d6000000, 0x0000000100000000)
  eden space 5632K, 0% used [0x00000000d5580000,0x00000000d5580000,0x00000000d5b00000)
  from space 1024K, 71% used [0x00000000d5b00000,0x00000000d5bb6900,0x00000000d5c00000)
  to   space 2048K, 0% used [0x00000000d5e00000,0x00000000d5e00000,0x00000000d6000000)
 ParOldGen       total 911872K, used 911614K [0x0000000080000000, 0x00000000b7a80000, 0x00000000d5580000)
  object space 911872K, 99% used [0x0000000080000000,0x00000000b7a3faf8,0x00000000b7a80000)
 Metaspace       used 100488K, committed 102272K, reserved 1179648K
  class space    used 10000K, committed 10944K, reserved 1048576K
}
Event: 3797.512 GC heap before
{Heap before GC invocations=7527 (full 11):
 PSYoungGen      total 6656K, used 6362K [0x00000000d5580000, 0x00000000d6000000, 0x0000000100000000)
  eden space 5632K, 100% used [0x00000000d5580000,0x00000000d5b00000,0x00000000d5b00000)
  from space 1024K, 71% used [0x00000000d5b00000,0x00000000d5bb6900,0x00000000d5c00000)
  to   space 2048K, 0% used [0x00000000d5e00000,0x00000000d5e00000,0x00000000d6000000)
 ParOldGen       total 911872K, used 911614K [0x0000000080000000, 0x00000000b7a80000, 0x00000000d5580000)
  object space 911872K, 99% used [0x0000000080000000,0x00000000b7a3faf8,0x00000000b7a80000)
 Metaspace       used 100488K, committed 102272K, reserved 1179648K
  class space    used 10000K, committed 10944K, reserved 1048576K
}
Event: 3797.515 GC heap after
{Heap after GC invocations=7527 (full 11):
 PSYoungGen      total 8192K, used 544K [0x00000000d5580000, 0x00000000d5f00000, 0x0000000100000000)
  eden space 7168K, 0% used [0x00000000d5580000,0x00000000d5580000,0x00000000d5c80000)
  from space 1024K, 53% used [0x00000000d5e00000,0x00000000d5e88000,0x00000000d5f00000)
  to   space 1024K, 0% used [0x00000000d5d00000,0x00000000d5d00000,0x00000000d5e00000)
 ParOldGen       total 912384K, used 912275K [0x0000000080000000, 0x00000000b7b00000, 0x00000000d5580000)
  object space 912384K, 99% used [0x0000000080000000,0x00000000b7ae4d38,0x00000000b7b00000)
 Metaspace       used 100488K, committed 102272K, reserved 1179648K
  class space    used 10000K, committed 10944K, reserved 1048576K
}
Event: 3797.530 GC heap before
{Heap before GC invocations=7528 (full 11):
 PSYoungGen      total 8192K, used 7712K [0x00000000d5580000, 0x00000000d5f00000, 0x0000000100000000)
  eden space 7168K, 100% used [0x00000000d5580000,0x00000000d5c80000,0x00000000d5c80000)
  from space 1024K, 53% used [0x00000000d5e00000,0x00000000d5e88000,0x00000000d5f00000)
  to   space 1024K, 0% used [0x00000000d5d00000,0x00000000d5d00000,0x00000000d5e00000)
 ParOldGen       total 912384K, used 912275K [0x0000000080000000, 0x00000000b7b00000, 0x00000000d5580000)
  object space 912384K, 99% used [0x0000000080000000,0x00000000b7ae4d38,0x00000000b7b00000)
 Metaspace       used 100490K, committed 102272K, reserved 1179648K
  class space    used 10000K, committed 10944K, reserved 1048576K
}
Event: 3797.533 GC heap after
{Heap after GC invocations=7528 (full 11):
 PSYoungGen      total 8704K, used 992K [0x00000000d5580000, 0x00000000d6100000, 0x0000000100000000)
  eden space 7680K, 0% used [0x00000000d5580000,0x00000000d5580000,0x00000000d5d00000)
  from space 1024K, 96% used [0x00000000d5d00000,0x00000000d5df8000,0x00000000d5e00000)
  to   space 1536K, 0% used [0x00000000d5f80000,0x00000000d5f80000,0x00000000d6100000)
 ParOldGen       total 912896K, used 912727K [0x0000000080000000, 0x00000000b7b80000, 0x00000000d5580000)
  object space 912896K, 99% used [0x0000000080000000,0x00000000b7b55d48,0x00000000b7b80000)
 Metaspace       used 100490K, committed 102272K, reserved 1179648K
  class space    used 10000K, committed 10944K, reserved 1048576K
}

Dll operation events (12 events):
Event: 0.031 Loaded shared library c:\Users\muoi\.vscode\extensions\redhat.java-1.46.0-win32-x64\jre\21.0.8-win32-x86_64\bin\java.dll
Event: 0.243 Loaded shared library c:\Users\muoi\.vscode\extensions\redhat.java-1.46.0-win32-x64\jre\21.0.8-win32-x86_64\bin\zip.dll
Event: 0.305 Loaded shared library C:\Users\muoi\.vscode\extensions\redhat.java-1.46.0-win32-x64\jre\21.0.8-win32-x86_64\bin\instrument.dll
Event: 0.352 Loaded shared library C:\Users\muoi\.vscode\extensions\redhat.java-1.46.0-win32-x64\jre\21.0.8-win32-x86_64\bin\net.dll
Event: 0.358 Loaded shared library C:\Users\muoi\.vscode\extensions\redhat.java-1.46.0-win32-x64\jre\21.0.8-win32-x86_64\bin\nio.dll
Event: 0.368 Loaded shared library C:\Users\muoi\.vscode\extensions\redhat.java-1.46.0-win32-x64\jre\21.0.8-win32-x86_64\bin\zip.dll
Event: 0.420 Loaded shared library C:\Users\muoi\.vscode\extensions\redhat.java-1.46.0-win32-x64\jre\21.0.8-win32-x86_64\bin\jimage.dll
Event: 0.643 Loaded shared library c:\Users\muoi\.vscode\extensions\redhat.java-1.46.0-win32-x64\jre\21.0.8-win32-x86_64\bin\verify.dll
Event: 10.032 Loaded shared library C:\Users\muoi\AppData\Roaming\Code\User\globalStorage\redhat.java\1.46.0\config_win\org.eclipse.equinox.launcher\org.eclipse.equinox.launcher.win32.win32.x86_64_1.2.1400.v20250801-0854\eclipse_11916.dll
Event: 26.289 Loaded shared library C:\Users\muoi\AppData\Local\Temp\jna-3363202\jna15780417895728717787.dll
Event: 28.754 Loaded shared library C:\Users\muoi\.vscode\extensions\redhat.java-1.46.0-win32-x64\jre\21.0.8-win32-x86_64\bin\sunmscapi.dll
Event: 29.546 Loaded shared library C:\Users\muoi\.vscode\extensions\redhat.java-1.46.0-win32-x64\jre\21.0.8-win32-x86_64\bin\extnet.dll

Deoptimization events (20 events):
Event: 3760.525 Thread 0x0000022f64e40490 Uncommon trap: trap_request=0xffffffc6 fr.pc=0x0000022f4fc57428 relative=0x0000000000001868
Event: 3760.525 Thread 0x0000022f64e40490 Uncommon trap: reason=bimorphic_or_optimized_type_check action=maybe_recompile pc=0x0000022f4fc57428 method=org.eclipse.text.edits.TextEdit.addChild(Lorg/eclipse/text/edits/TextEdit;)V @ 2 c2
Event: 3760.525 Thread 0x0000022f64e40490 DEOPT PACKING pc=0x0000022f4fc57428 sp=0x00000079edbfd800
Event: 3760.525 Thread 0x0000022f64e40490 DEOPT UNPACKING pc=0x0000022f4ee63aa2 sp=0x00000079edbfd718 mode 2
Event: 3761.048 Thread 0x0000022f64e40490 Uncommon trap: trap_request=0xffffffbe fr.pc=0x0000022f4fa31168 relative=0x0000000000003188
Event: 3761.048 Thread 0x0000022f64e40490 Uncommon trap: reason=profile_predicate action=maybe_recompile pc=0x0000022f4fa31168 method=org.eclipse.jdt.internal.compiler.lookup.Scope.findMethod0(Lorg/eclipse/jdt/internal/compiler/lookup/ReferenceBinding;[C[Lorg/eclipse/jdt/internal/compiler/lookup/
Event: 3761.048 Thread 0x0000022f64e40490 DEOPT PACKING pc=0x0000022f4fa31168 sp=0x00000079edbfcfd0
Event: 3761.048 Thread 0x0000022f64e40490 DEOPT UNPACKING pc=0x0000022f4ee63aa2 sp=0x00000079edbfcf48 mode 2
Event: 3761.048 Thread 0x0000022f64e40490 Uncommon trap: trap_request=0xffffffbe fr.pc=0x0000022f4fa31168 relative=0x0000000000003188
Event: 3761.048 Thread 0x0000022f64e40490 Uncommon trap: reason=profile_predicate action=maybe_recompile pc=0x0000022f4fa31168 method=org.eclipse.jdt.internal.compiler.lookup.Scope.findMethod0(Lorg/eclipse/jdt/internal/compiler/lookup/ReferenceBinding;[C[Lorg/eclipse/jdt/internal/compiler/lookup/
Event: 3761.048 Thread 0x0000022f64e40490 DEOPT PACKING pc=0x0000022f4fa31168 sp=0x00000079edbfd6f0
Event: 3761.048 Thread 0x0000022f64e40490 DEOPT UNPACKING pc=0x0000022f4ee63aa2 sp=0x00000079edbfd668 mode 2
Event: 3761.048 Thread 0x0000022f64e40490 Uncommon trap: trap_request=0xffffffbe fr.pc=0x0000022f4fa31168 relative=0x0000000000003188
Event: 3761.048 Thread 0x0000022f64e40490 Uncommon trap: reason=profile_predicate action=maybe_recompile pc=0x0000022f4fa31168 method=org.eclipse.jdt.internal.compiler.lookup.Scope.findMethod0(Lorg/eclipse/jdt/internal/compiler/lookup/ReferenceBinding;[C[Lorg/eclipse/jdt/internal/compiler/lookup/
Event: 3761.048 Thread 0x0000022f64e40490 DEOPT PACKING pc=0x0000022f4fa31168 sp=0x00000079edbfd000
Event: 3761.048 Thread 0x0000022f64e40490 DEOPT UNPACKING pc=0x0000022f4ee63aa2 sp=0x00000079edbfcf78 mode 2
Event: 3761.048 Thread 0x0000022f64e40490 Uncommon trap: trap_request=0xffffffbe fr.pc=0x0000022f4fa31168 relative=0x0000000000003188
Event: 3761.048 Thread 0x0000022f64e40490 Uncommon trap: reason=profile_predicate action=maybe_recompile pc=0x0000022f4fa31168 method=org.eclipse.jdt.internal.compiler.lookup.Scope.findMethod0(Lorg/eclipse/jdt/internal/compiler/lookup/ReferenceBinding;[C[Lorg/eclipse/jdt/internal/compiler/lookup/
Event: 3761.048 Thread 0x0000022f64e40490 DEOPT PACKING pc=0x0000022f4fa31168 sp=0x00000079edbfd720
Event: 3761.048 Thread 0x0000022f64e40490 DEOPT UNPACKING pc=0x0000022f4ee63aa2 sp=0x00000079edbfd698 mode 2

Classes loaded (20 events):
Event: 2958.602 Loading class jdk/internal/module/IllegalAccessLogger
Event: 2958.602 Loading class jdk/internal/module/IllegalAccessLogger done
Event: 2962.310 Loading class jdk/internal/module/IllegalAccessLogger
Event: 2962.310 Loading class jdk/internal/module/IllegalAccessLogger done
Event: 3126.954 Loading class jdk/internal/module/IllegalAccessLogger
Event: 3126.954 Loading class jdk/internal/module/IllegalAccessLogger done
Event: 3136.217 Loading class jdk/internal/module/IllegalAccessLogger
Event: 3136.217 Loading class jdk/internal/module/IllegalAccessLogger done
Event: 3257.759 Loading class jdk/internal/module/IllegalAccessLogger
Event: 3257.759 Loading class jdk/internal/module/IllegalAccessLogger done
Event: 3449.688 Loading class jdk/internal/module/IllegalAccessLogger
Event: 3449.688 Loading class jdk/internal/module/IllegalAccessLogger done
Event: 3461.271 Loading class jdk/internal/module/IllegalAccessLogger
Event: 3461.271 Loading class jdk/internal/module/IllegalAccessLogger done
Event: 3596.593 Loading class jdk/internal/module/IllegalAccessLogger
Event: 3596.593 Loading class jdk/internal/module/IllegalAccessLogger done
Event: 3752.192 Loading class jdk/internal/module/IllegalAccessLogger
Event: 3752.192 Loading class jdk/internal/module/IllegalAccessLogger done
Event: 3760.839 Loading class jdk/internal/module/IllegalAccessLogger
Event: 3760.839 Loading class jdk/internal/module/IllegalAccessLogger done

Classes unloaded (20 events):
Event: 2573.709 Thread 0x0000022f446634b0 Unloading class 0x0000022f01014800 'java/lang/invoke/LambdaForm$MH+0x0000022f01014800'
Event: 2573.709 Thread 0x0000022f446634b0 Unloading class 0x0000022f0100d800 'java/lang/invoke/LambdaForm$MH+0x0000022f0100d800'
Event: 2573.709 Thread 0x0000022f446634b0 Unloading class 0x0000022f0100d400 'java/lang/invoke/LambdaForm$MH+0x0000022f0100d400'
Event: 2573.709 Thread 0x0000022f446634b0 Unloading class 0x0000022f0100d000 'java/lang/invoke/LambdaForm$MH+0x0000022f0100d000'
Event: 2573.709 Thread 0x0000022f446634b0 Unloading class 0x0000022f0100cc00 'java/lang/invoke/LambdaForm$MH+0x0000022f0100cc00'
Event: 2573.709 Thread 0x0000022f446634b0 Unloading class 0x0000022f0100c800 'java/lang/invoke/LambdaForm$BMH+0x0000022f0100c800'
Event: 2573.709 Thread 0x0000022f446634b0 Unloading class 0x0000022f0100c000 'java/lang/invoke/LambdaForm$DMH+0x0000022f0100c000'
Event: 2573.709 Thread 0x0000022f446634b0 Unloading class 0x0000022f01008c00 'java/lang/invoke/LambdaForm$MH+0x0000022f01008c00'
Event: 2573.709 Thread 0x0000022f446634b0 Unloading class 0x0000022f01008800 'java/lang/invoke/LambdaForm$MH+0x0000022f01008800'
Event: 2573.709 Thread 0x0000022f446634b0 Unloading class 0x0000022f01008400 'java/lang/invoke/LambdaForm$MH+0x0000022f01008400'
Event: 2573.709 Thread 0x0000022f446634b0 Unloading class 0x0000022f01007000 'java/lang/invoke/LambdaForm$MH+0x0000022f01007000'
Event: 2573.709 Thread 0x0000022f446634b0 Unloading class 0x0000022f01006800 'java/lang/invoke/LambdaForm$MH+0x0000022f01006800'
Event: 2573.709 Thread 0x0000022f446634b0 Unloading class 0x0000022f01006400 'java/lang/invoke/LambdaForm$MH+0x0000022f01006400'
Event: 2573.709 Thread 0x0000022f446634b0 Unloading class 0x0000022f01006000 'java/lang/invoke/LambdaForm$MH+0x0000022f01006000'
Event: 2573.709 Thread 0x0000022f446634b0 Unloading class 0x0000022f01005c00 'java/lang/invoke/LambdaForm$BMH+0x0000022f01005c00'
Event: 2573.709 Thread 0x0000022f446634b0 Unloading class 0x0000022f01004800 'java/lang/invoke/LambdaForm$DMH+0x0000022f01004800'
Event: 2573.709 Thread 0x0000022f446634b0 Unloading class 0x0000022f01002400 'java/lang/invoke/LambdaForm$MH+0x0000022f01002400'
Event: 2573.709 Thread 0x0000022f446634b0 Unloading class 0x0000022f01002000 'java/lang/invoke/LambdaForm$MH+0x0000022f01002000'
Event: 2573.709 Thread 0x0000022f446634b0 Unloading class 0x0000022f01001800 'java/lang/invoke/LambdaForm$MH+0x0000022f01001800'
Event: 2573.709 Thread 0x0000022f446634b0 Unloading class 0x0000022f01000400 'java/lang/invoke/LambdaForm$MH+0x0000022f01000400'

Classes redefined (0 events):
No events

Internal exceptions (20 events):
Event: 3749.514 Thread 0x0000022f63799e90 Exception <a 'sun/nio/fs/WindowsException'{0x00000000d5e29898}> (0x00000000d5e29898) 
thrown [s\src\hotspot\share\prims\jni.cpp, line 520]
Event: 3749.514 Thread 0x0000022f63799e90 Exception <a 'sun/nio/fs/WindowsException'{0x00000000d5e2a178}> (0x00000000d5e2a178) 
thrown [s\src\hotspot\share\prims\jni.cpp, line 520]
Event: 3749.515 Thread 0x0000022f63799e90 Exception <a 'sun/nio/fs/WindowsException'{0x00000000d5e2c000}> (0x00000000d5e2c000) 
thrown [s\src\hotspot\share\prims\jni.cpp, line 520]
Event: 3749.515 Thread 0x0000022f63799e90 Exception <a 'sun/nio/fs/WindowsException'{0x00000000d5e2c8e0}> (0x00000000d5e2c8e0) 
thrown [s\src\hotspot\share\prims\jni.cpp, line 520]
Event: 3749.515 Thread 0x0000022f63799e90 Exception <a 'sun/nio/fs/WindowsException'{0x00000000d5e2df50}> (0x00000000d5e2df50) 
thrown [s\src\hotspot\share\prims\jni.cpp, line 520]
Event: 3749.516 Thread 0x0000022f63799e90 Exception <a 'sun/nio/fs/WindowsException'{0x00000000d5e2e830}> (0x00000000d5e2e830) 
thrown [s\src\hotspot\share\prims\jni.cpp, line 520]
Event: 3749.516 Thread 0x0000022f63799e90 Exception <a 'sun/nio/fs/WindowsException'{0x00000000d5e2fd48}> (0x00000000d5e2fd48) 
thrown [s\src\hotspot\share\prims\jni.cpp, line 520]
Event: 3749.516 Thread 0x0000022f63799e90 Exception <a 'sun/nio/fs/WindowsException'{0x00000000d5e30628}> (0x00000000d5e30628) 
thrown [s\src\hotspot\share\prims\jni.cpp, line 520]
Event: 3749.517 Thread 0x0000022f63799e90 Exception <a 'sun/nio/fs/WindowsException'{0x00000000d5e31b40}> (0x00000000d5e31b40) 
thrown [s\src\hotspot\share\prims\jni.cpp, line 520]
Event: 3749.517 Thread 0x0000022f63799e90 Exception <a 'sun/nio/fs/WindowsException'{0x00000000d5e32420}> (0x00000000d5e32420) 
thrown [s\src\hotspot\share\prims\jni.cpp, line 520]
Event: 3749.517 Thread 0x0000022f63799e90 Exception <a 'sun/nio/fs/WindowsException'{0x00000000d5e33c20}> (0x00000000d5e33c20) 
thrown [s\src\hotspot\share\prims\jni.cpp, line 520]
Event: 3749.517 Thread 0x0000022f63799e90 Exception <a 'sun/nio/fs/WindowsException'{0x00000000d5e34500}> (0x00000000d5e34500) 
thrown [s\src\hotspot\share\prims\jni.cpp, line 520]
Event: 3749.518 Thread 0x0000022f63799e90 Exception <a 'sun/nio/fs/WindowsException'{0x00000000d5e35a18}> (0x00000000d5e35a18) 
thrown [s\src\hotspot\share\prims\jni.cpp, line 520]
Event: 3749.518 Thread 0x0000022f63799e90 Exception <a 'sun/nio/fs/WindowsException'{0x00000000d5e362f8}> (0x00000000d5e362f8) 
thrown [s\src\hotspot\share\prims\jni.cpp, line 520]
Event: 3751.961 Thread 0x0000022f617876f0 Exception <a 'sun/nio/fs/WindowsException'{0x00000000d59edc10}> (0x00000000d59edc10) 
thrown [s\src\hotspot\share\prims\jni.cpp, line 520]
Event: 3752.221 Thread 0x0000022f617876f0 Exception <a 'sun/nio/fs/WindowsException'{0x00000000d57990b8}> (0x00000000d57990b8) 
thrown [s\src\hotspot\share\prims\jni.cpp, line 520]
Event: 3760.640 Thread 0x0000022f617876f0 Exception <a 'sun/nio/fs/WindowsException'{0x00000000d5706378}> (0x00000000d5706378) 
thrown [s\src\hotspot\share\prims\jni.cpp, line 520]
Event: 3760.921 Thread 0x0000022f617876f0 Exception <a 'sun/nio/fs/WindowsException'{0x00000000d565cca8}> (0x00000000d565cca8) 
thrown [s\src\hotspot\share\prims\jni.cpp, line 520]
Event: 3768.504 Thread 0x0000022f6f3e7c60 Exception <a 'sun/nio/fs/WindowsException'{0x00000000d5a12588}> (0x00000000d5a12588) 
thrown [s\src\hotspot\share\prims\jni.cpp, line 520]
Event: 3768.504 Thread 0x0000022f6f3e7c60 Exception <a 'sun/nio/fs/WindowsException'{0x00000000d5a12bf8}> (0x00000000d5a12bf8) 
thrown [s\src\hotspot\share\prims\jni.cpp, line 520]

ZGC Phase Switch (0 events):
No events

VM Operations (20 events):
Event: 3796.918 Executing VM operation: ParallelGCFailedAllocation (Allocation Failure)
Event: 3796.920 Executing VM operation: ParallelGCFailedAllocation (Allocation Failure) done
Event: 3797.418 Executing VM operation: ParallelGCFailedAllocation (Allocation Failure)
Event: 3797.421 Executing VM operation: ParallelGCFailedAllocation (Allocation Failure) done
Event: 3797.432 Executing VM operation: ParallelGCFailedAllocation (Allocation Failure)
Event: 3797.434 Executing VM operation: ParallelGCFailedAllocation (Allocation Failure) done
Event: 3797.449 Executing VM operation: ParallelGCFailedAllocation (Allocation Failure)
Event: 3797.453 Executing VM operation: ParallelGCFailedAllocation (Allocation Failure) done
Event: 3797.467 Executing VM operation: ParallelGCFailedAllocation (Allocation Failure)
Event: 3797.473 Executing VM operation: ParallelGCFailedAllocation (Allocation Failure) done
Event: 3797.484 Executing VM operation: ParallelGCFailedAllocation (Allocation Failure)
Event: 3797.489 Executing VM operation: ParallelGCFailedAllocation (Allocation Failure) done
Event: 3797.498 Executing VM operation: ParallelGCFailedAllocation (Allocation Failure)
Event: 3797.503 Executing VM operation: ParallelGCFailedAllocation (Allocation Failure) done
Event: 3797.512 Executing VM operation: ParallelGCFailedAllocation (Allocation Failure)
Event: 3797.515 Executing VM operation: ParallelGCFailedAllocation (Allocation Failure) done
Event: 3797.530 Executing VM operation: ParallelGCFailedAllocation (Allocation Failure)
Event: 3797.533 Executing VM operation: ParallelGCFailedAllocation (Allocation Failure) done
Event: 3927.243 Executing VM operation: Cleanup
Event: 3927.243 Executing VM operation: Cleanup done

Memory protections (0 events):
No events

Nmethod flushes (20 events):
Event: 3443.437 Thread 0x0000022f446634b0 flushing  nmethod 0x0000022f4aa2a010
Event: 3443.437 Thread 0x0000022f446634b0 flushing  nmethod 0x0000022f4aa41110
Event: 3443.437 Thread 0x0000022f446634b0 flushing  nmethod 0x0000022f4aa4b090
Event: 3443.437 Thread 0x0000022f446634b0 flushing  nmethod 0x0000022f4aa52690
Event: 3443.437 Thread 0x0000022f446634b0 flushing  nmethod 0x0000022f4aa64410
Event: 3443.437 Thread 0x0000022f446634b0 flushing  nmethod 0x0000022f4aa64b10
Event: 3443.437 Thread 0x0000022f446634b0 flushing  nmethod 0x0000022f4aa67e10
Event: 3443.437 Thread 0x0000022f446634b0 flushing  nmethod 0x0000022f4aa85390
Event: 3443.437 Thread 0x0000022f446634b0 flushing  nmethod 0x0000022f4aa8d690
Event: 3443.437 Thread 0x0000022f446634b0 flushing  nmethod 0x0000022f4aa92e10
Event: 3443.437 Thread 0x0000022f446634b0 flushing  nmethod 0x0000022f4aa9d610
Event: 3443.437 Thread 0x0000022f446634b0 flushing  nmethod 0x0000022f4aab0510
Event: 3443.437 Thread 0x0000022f446634b0 flushing  nmethod 0x0000022f4ab0de90
Event: 3443.437 Thread 0x0000022f446634b0 flushing  nmethod 0x0000022f4abcca90
Event: 3443.437 Thread 0x0000022f446634b0 flushing  nmethod 0x0000022f4abcdf90
Event: 3443.437 Thread 0x0000022f446634b0 flushing  nmethod 0x0000022f4abceb90
Event: 3443.437 Thread 0x0000022f446634b0 flushing  nmethod 0x0000022f4ad35310
Event: 3443.437 Thread 0x0000022f446634b0 flushing  nmethod 0x0000022f4ad36190
Event: 3443.437 Thread 0x0000022f446634b0 flushing  nmethod 0x0000022f4ad36a90
Event: 3443.437 Thread 0x0000022f446634b0 flushing  nmethod 0x0000022f4ad60490

Events (20 events):
Event: 3749.520 Thread 0x0000022f6f3e6220 Thread exited: 0x0000022f6f3e6220
Event: 3749.668 Thread 0x0000022f63794fd0 Thread exited: 0x0000022f63794fd0
Event: 3752.177 Thread 0x0000022f63799e90 Thread added: 0x0000022f65c4ee10
Event: 3752.193 Thread 0x0000022f63799e90 Thread added: 0x0000022f65c4e780
Event: 3754.408 Thread 0x0000022f62500a30 Thread added: 0x0000022f65c52920
Event: 3754.409 Thread 0x0000022f64e40490 Thread added: 0x0000022f65c51c00
Event: 3760.741 Thread 0x0000022f6f3e3ac0 Thread added: 0x0000022f6f3e5500
Event: 3760.820 Thread 0x0000022f62506610 Thread added: 0x0000022f6f3e6220
Event: 3761.253 Thread 0x0000022f63798ae0 Thread exited: 0x0000022f63798ae0
Event: 3768.170 Thread 0x0000022f625079c0 Thread exited: 0x0000022f625079c0
Event: 3768.499 Thread 0x0000022f62505f80 Thread added: 0x0000022f6f3e7c60
Event: 3768.505 Thread 0x0000022f6f3e7c60 Thread added: 0x0000022f6f3e47e0
Event: 3768.510 Thread 0x0000022f62505f80 Thread added: 0x0000022f6f3e8980
Event: 3768.510 Thread 0x0000022f6f3e47e0 Thread exited: 0x0000022f6f3e47e0
Event: 3768.728 Thread 0x0000022f6f3e8980 Thread exited: 0x0000022f6f3e8980
Event: 3820.852 Thread 0x0000022f65c4e780 Thread exited: 0x0000022f65c4e780
Event: 3820.933 Thread 0x0000022f62506610 Thread exited: 0x0000022f62506610
Event: 3820.933 Thread 0x0000022f63799e90 Thread exited: 0x0000022f63799e90
Event: 3857.555 Thread 0x0000022f64e40490 Thread exited: 0x0000022f64e40490
Event: 3896.590 Thread 0x0000022f62503190 Thread exited: 0x0000022f62503190


Dynamic libraries:
0x00007ff6e5e40000 - 0x00007ff6e5e4e000 	c:\Users\muoi\.vscode\extensions\redhat.java-1.46.0-win32-x64\jre\21.0.8-win32-x86_64\bin\java.exe
0x00007ffaadfc0000 - 0x00007ffaae228000 	C:\WINDOWS\SYSTEM32\ntdll.dll
0x00007ffaac6f0000 - 0x00007ffaac7b9000 	C:\WINDOWS\System32\KERNEL32.DLL
0x00007ffaab6f0000 - 0x00007ffaabae2000 	C:\WINDOWS\System32\KERNELBASE.dll
0x00007ffaa7f80000 - 0x00007ffaa801f000 	C:\WINDOWS\SYSTEM32\apphelp.dll
0x00007ffaab230000 - 0x00007ffaab37b000 	C:\WINDOWS\System32\ucrtbase.dll
0x00007ffa97ab0000 - 0x00007ffa97ac8000 	c:\Users\muoi\.vscode\extensions\redhat.java-1.46.0-win32-x64\jre\21.0.8-win32-x86_64\bin\jli.dll
0x00007ffaad820000 - 0x00007ffaad9e5000 	C:\WINDOWS\System32\USER32.dll
0x00007ffaab200000 - 0x00007ffaab227000 	C:\WINDOWS\System32\win32u.dll
0x00007ffaabe00000 - 0x00007ffaabe2b000 	C:\WINDOWS\System32\GDI32.dll
0x00007ffaabc60000 - 0x00007ffaabd8d000 	C:\WINDOWS\System32\gdi32full.dll
0x00007ffaab150000 - 0x00007ffaab1f3000 	C:\WINDOWS\System32\msvcp_win.dll
0x00007ffa56a10000 - 0x00007ffa56a2e000 	c:\Users\muoi\.vscode\extensions\redhat.java-1.46.0-win32-x64\jre\21.0.8-win32-x86_64\bin\VCRUNTIME140.dll
0x00007ffa95eb0000 - 0x00007ffa96143000 	C:\WINDOWS\WinSxS\amd64_microsoft.windows.common-controls_6595b64144ccf1df_6.0.26100.6899_none_3e0efeeae32e88c1\COMCTL32.dll
0x00007ffaaded0000 - 0x00007ffaadf79000 	C:\WINDOWS\System32\msvcrt.dll
0x00007ffaad9f0000 - 0x00007ffaada1f000 	C:\WINDOWS\System32\IMM32.DLL
0x00007ffa96d70000 - 0x00007ffa96d7c000 	c:\Users\muoi\.vscode\extensions\redhat.java-1.46.0-win32-x64\jre\21.0.8-win32-x86_64\bin\vcruntime140_1.dll
0x00007ffa17850000 - 0x00007ffa178dd000 	c:\Users\muoi\.vscode\extensions\redhat.java-1.46.0-win32-x64\jre\21.0.8-win32-x86_64\bin\msvcp140.dll
0x00007ffa16ab0000 - 0x00007ffa17847000 	c:\Users\muoi\.vscode\extensions\redhat.java-1.46.0-win32-x64\jre\21.0.8-win32-x86_64\bin\server\jvm.dll
0x00007ffaabeb0000 - 0x00007ffaabf64000 	C:\WINDOWS\System32\ADVAPI32.dll
0x00007ffaac5a0000 - 0x00007ffaac646000 	C:\WINDOWS\System32\sechost.dll
0x00007ffaada30000 - 0x00007ffaadb48000 	C:\WINDOWS\System32\RPCRT4.dll
0x00007ffaabe30000 - 0x00007ffaabea4000 	C:\WINDOWS\System32\WS2_32.dll
0x00007ffaaafb0000 - 0x00007ffaab00e000 	C:\WINDOWS\SYSTEM32\POWRPROF.dll
0x00007ffa970d0000 - 0x00007ffa97105000 	C:\WINDOWS\SYSTEM32\WINMM.dll
0x00007ffa9cc10000 - 0x00007ffa9cc1b000 	C:\WINDOWS\SYSTEM32\VERSION.dll
0x00007ffaaaf90000 - 0x00007ffaaafa4000 	C:\WINDOWS\SYSTEM32\UMPDC.dll
0x00007ffaa9ee0000 - 0x00007ffaa9efb000 	C:\WINDOWS\SYSTEM32\kernel.appcore.dll
0x00007ffa968b0000 - 0x00007ffa968ba000 	c:\Users\muoi\.vscode\extensions\redhat.java-1.46.0-win32-x64\jre\21.0.8-win32-x86_64\bin\jimage.dll
0x00007ffaa56d0000 - 0x00007ffaa5912000 	C:\WINDOWS\SYSTEM32\DBGHELP.DLL
0x00007ffaac160000 - 0x00007ffaac4db000 	C:\WINDOWS\System32\combase.dll
0x00007ffaac9b0000 - 0x00007ffaaca87000 	C:\WINDOWS\System32\OLEAUT32.dll
0x00007ffa96950000 - 0x00007ffa9698c000 	C:\WINDOWS\SYSTEM32\dbgcore.DLL
0x00007ffaab500000 - 0x00007ffaab598000 	C:\WINDOWS\System32\bcryptPrimitives.dll
0x00007ffa96600000 - 0x00007ffa9660f000 	c:\Users\muoi\.vscode\extensions\redhat.java-1.46.0-win32-x64\jre\21.0.8-win32-x86_64\bin\instrument.dll
0x00007ffa53740000 - 0x00007ffa5375f000 	c:\Users\muoi\.vscode\extensions\redhat.java-1.46.0-win32-x64\jre\21.0.8-win32-x86_64\bin\java.dll
0x00007ffaacac0000 - 0x00007ffaad20d000 	C:\WINDOWS\System32\SHELL32.dll
0x00007ffaabaf0000 - 0x00007ffaabc5b000 	C:\WINDOWS\System32\wintypes.dll
0x00007ffaa8d80000 - 0x00007ffaa95dd000 	C:\WINDOWS\SYSTEM32\windows.storage.dll
0x00007ffaac7c0000 - 0x00007ffaac8b2000 	C:\WINDOWS\System32\SHCORE.dll
0x00007ffaabd90000 - 0x00007ffaabdf2000 	C:\WINDOWS\System32\shlwapi.dll
0x00007ffaab070000 - 0x00007ffaab099000 	C:\WINDOWS\SYSTEM32\profapi.dll
0x00007ffa44e50000 - 0x00007ffa44e68000 	c:\Users\muoi\.vscode\extensions\redhat.java-1.46.0-win32-x64\jre\21.0.8-win32-x86_64\bin\zip.dll
0x00007ffa91390000 - 0x00007ffa913a0000 	C:\Users\muoi\.vscode\extensions\redhat.java-1.46.0-win32-x64\jre\21.0.8-win32-x86_64\bin\net.dll
0x00007ffaa83e0000 - 0x00007ffaa84ff000 	C:\WINDOWS\SYSTEM32\WINHTTP.dll
0x00007ffaaa430000 - 0x00007ffaaa49b000 	C:\WINDOWS\system32\mswsock.dll
0x00007ffa3bb20000 - 0x00007ffa3bb36000 	C:\Users\muoi\.vscode\extensions\redhat.java-1.46.0-win32-x64\jre\21.0.8-win32-x86_64\bin\nio.dll
0x00007ffa95500000 - 0x00007ffa95510000 	c:\Users\muoi\.vscode\extensions\redhat.java-1.46.0-win32-x64\jre\21.0.8-win32-x86_64\bin\verify.dll
0x00007ffa22180000 - 0x00007ffa221c4000 	C:\Users\muoi\AppData\Roaming\Code\User\globalStorage\redhat.java\1.46.0\config_win\org.eclipse.equinox.launcher\org.eclipse.equinox.launcher.win32.win32.x86_64_1.2.1400.v20250801-0854\eclipse_11916.dll
0x00007ffaadcd0000 - 0x00007ffaade68000 	C:\WINDOWS\System32\ole32.dll
0x00007ffaaa810000 - 0x00007ffaaa82b000 	C:\WINDOWS\SYSTEM32\CRYPTSP.dll
0x00007ffaa9e40000 - 0x00007ffaa9e7b000 	C:\WINDOWS\system32\rsaenh.dll
0x00007ffaaa4d0000 - 0x00007ffaaa4fb000 	C:\WINDOWS\SYSTEM32\USERENV.dll
0x00007ffaab040000 - 0x00007ffaab066000 	C:\WINDOWS\SYSTEM32\bcrypt.dll
0x00007ffaaa670000 - 0x00007ffaaa67c000 	C:\WINDOWS\SYSTEM32\CRYPTBASE.dll
0x00007ffaa9930000 - 0x00007ffaa9964000 	C:\WINDOWS\SYSTEM32\IPHLPAPI.DLL
0x00007ffaadec0000 - 0x00007ffaadeca000 	C:\WINDOWS\System32\NSI.dll
0x00007ffa862d0000 - 0x00007ffa86319000 	C:\Users\muoi\AppData\Local\Temp\jna-3363202\jna15780417895728717787.dll
0x00007ffaac9a0000 - 0x00007ffaac9a8000 	C:\WINDOWS\System32\PSAPI.DLL
0x00007ffa9cc20000 - 0x00007ffa9cc3e000 	C:\WINDOWS\SYSTEM32\dhcpcsvc6.DLL
0x00007ffa9c950000 - 0x00007ffa9c973000 	C:\WINDOWS\SYSTEM32\dhcpcsvc.DLL
0x00007ffa909b0000 - 0x00007ffa909be000 	C:\Users\muoi\.vscode\extensions\redhat.java-1.46.0-win32-x64\jre\21.0.8-win32-x86_64\bin\sunmscapi.dll
0x00007ffaab380000 - 0x00007ffaab4f7000 	C:\WINDOWS\System32\CRYPT32.dll
0x00007ffaaa960000 - 0x00007ffaaa990000 	C:\WINDOWS\SYSTEM32\ncrypt.dll
0x00007ffaaa910000 - 0x00007ffaaa94f000 	C:\WINDOWS\SYSTEM32\NTASN1.dll
0x00007ffaa99d0000 - 0x00007ffaa9af6000 	C:\WINDOWS\SYSTEM32\DNSAPI.dll
0x00007ffaa2fe0000 - 0x00007ffaa2feb000 	C:\Windows\System32\rasadhlp.dll
0x00007ffa9b020000 - 0x00007ffa9b0a6000 	C:\WINDOWS\System32\fwpuclnt.dll
0x00007ffa86a40000 - 0x00007ffa86a49000 	C:\Users\muoi\.vscode\extensions\redhat.java-1.46.0-win32-x64\jre\21.0.8-win32-x86_64\bin\extnet.dll

JVMTI agents:
c:\Users\muoi\.vscode\extensions\redhat.java-1.46.0-win32-x64\lombok\lombok-1.18.39-4050.jar path:c:\Users\muoi\.vscode\extensions\redhat.java-1.46.0-win32-x64\jre\21.0.8-win32-x86_64\bin\instrument.dll, loaded, initialized, instrumentlib options:none

dbghelp: loaded successfully - version: 4.0.5 - missing functions: none
symbol engine: initialized successfully - sym options: 0x614 - pdb path: .;c:\Users\muoi\.vscode\extensions\redhat.java-1.46.0-win32-x64\jre\21.0.8-win32-x86_64\bin;C:\WINDOWS\SYSTEM32;C:\WINDOWS\WinSxS\amd64_microsoft.windows.common-controls_6595b64144ccf1df_6.0.26100.6899_none_3e0efeeae32e88c1;c:\Users\muoi\.vscode\extensions\redhat.java-1.46.0-win32-x64\jre\21.0.8-win32-x86_64\bin\server;C:\Users\muoi\AppData\Roaming\Code\User\globalStorage\redhat.java\1.46.0\config_win\org.eclipse.equinox.launcher\org.eclipse.equinox.launcher.win32.win32.x86_64_1.2.1400.v20250801-0854;C:\Users\muoi\AppData\Local\Temp\jna-3363202

VM Arguments:
jvm_args: --add-modules=ALL-SYSTEM --add-opens=java.base/java.util=ALL-UNNAMED --add-opens=java.base/java.lang=ALL-UNNAMED --add-opens=java.base/sun.nio.fs=ALL-UNNAMED -Declipse.application=org.eclipse.jdt.ls.core.id1 -Dosgi.bundles.defaultStartLevel=4 -Declipse.product=org.eclipse.jdt.ls.core.product -Djava.import.generatesMetadataFilesAtProjectRoot=false -DDetectVMInstallationsJob.disabled=true -Dfile.encoding=utf8 -XX:+UseParallelGC -XX:GCTimeRatio=4 -XX:AdaptiveSizePolicyWeight=90 -Dsun.zip.disableMemoryMapping=true -Xmx2G -Xms100m -Xlog:disable -javaagent:c:\Users\muoi\.vscode\extensions\redhat.java-1.46.0-win32-x64\lombok\lombok-1.18.39-4050.jar -XX:+HeapDumpOnOutOfMemoryError -XX:HeapDumpPath=c:\Users\muoi\AppData\Roaming\Code\User\workspaceStorage\cd43c9eb03e8a2cb58f56214c8b6dfa4\redhat.java -Daether.dependencyCollector.impl=bf 
java_command: c:\Users\muoi\.vscode\extensions\redhat.java-1.46.0-win32-x64\server\plugins\org.eclipse.equinox.launcher_1.7.0.v20250519-0528.jar -configuration c:\Users\muoi\AppData\Roaming\Code\User\globalStorage\redhat.java\1.46.0\config_win -data c:\Users\muoi\AppData\Roaming\Code\User\workspaceStorage\cd43c9eb03e8a2cb58f56214c8b6dfa4\redhat.java\jdt_ws --pipe=\\.\pipe\lsp-650629e6c826bc2c043238289763c6d4-sock
java_class_path (initial): c:\Users\muoi\.vscode\extensions\redhat.java-1.46.0-win32-x64\server\plugins\org.eclipse.equinox.launcher_1.7.0.v20250519-0528.jar
Launcher Type: SUN_STANDARD

[Global flags]
    uintx AdaptiveSizePolicyWeight                 = 90                                        {product} {command line}
     intx CICompilerCount                          = 4                                         {product} {ergonomic}
    uintx GCTimeRatio                              = 4                                         {product} {command line}
     bool HeapDumpOnOutOfMemoryError               = true                                   {manageable} {command line}
    ccstr HeapDumpPath                             = c:\Users\muoi\AppData\Roaming\Code\User\workspaceStorage\cd43c9eb03e8a2cb58f56214c8b6dfa4\redhat.java         {manageable} {command line}
   size_t InitialHeapSize                          = 104857600                                 {product} {command line}
   size_t MaxHeapSize                              = 2147483648                                {product} {command line}
   size_t MaxNewSize                               = 715653120                                 {product} {ergonomic}
   size_t MinHeapDeltaBytes                        = 524288                                    {product} {ergonomic}
   size_t MinHeapSize                              = 104857600                                 {product} {command line}
   size_t NewSize                                  = 34603008                                  {product} {ergonomic}
    uintx NonNMethodCodeHeapSize                   = 5839372                                {pd product} {ergonomic}
    uintx NonProfiledCodeHeapSize                  = 122909434                              {pd product} {ergonomic}
   size_t OldSize                                  = 70254592                                  {product} {ergonomic}
    uintx ProfiledCodeHeapSize                     = 122909434                              {pd product} {ergonomic}
    uintx ReservedCodeCacheSize                    = 251658240                              {pd product} {ergonomic}
     bool SegmentedCodeCache                       = true                                      {product} {ergonomic}
   size_t SoftMaxHeapSize                          = 2147483648                             {manageable} {ergonomic}
     bool UseCompressedOops                        = true                           {product lp64_product} {ergonomic}
     bool UseLargePagesIndividualAllocation        = false                                  {pd product} {ergonomic}
     bool UseParallelGC                            = true                                      {product} {command line}

Logging:
Log output configuration:
 #0: stdout all=off uptime,level,tags foldmultilines=false
 #1: stderr all=off uptime,level,tags foldmultilines=false

Environment Variables:
JAVA_HOME=C:\Program Files\Java\jdk-21
PATH=C:\Program Files\Common Files\Oracle\Java\javapath;C:\WINDOWS\system32;C:\WINDOWS;C:\WINDOWS\System32\Wbem;C:\WINDOWS\System32\WindowsPowerShell\v1.0\;C:\WINDOWS\System32\OpenSSH\;c:\Users\muoi\AppData\Local\Programs\cursor\resources\app\bin;C:\Program Files\Git\cmd;C:\Program Files\Java\jdk-21\bin;C:\Users\muoi\AppData\Roaming\nvm;C:\Program Files\nodejs;C:\Users\muoi\Downloads\Auto_Golike_Fram;C:\Program Files\dotnet\;C:\Program Files\Docker\Docker\resources\bin;C:\Users\muoi\Downloads\apache-maven-3.9.11-bin (1)\apache-maven-3.9.11\bin;C:\Users\muoi\Downloads\apache-maven-3.9.11-bin\apache-maven-3.9.11\bin;C:\Users\muoi\AppData\Local\Programs\Python\Python312\Scripts\;C:\Users\muoi\AppData\Local\Programs\Python\Python312\;C:\Users\muoi\AppData\Local\Programs\Python\Launcher\;C:\Users\muoi\AppData\Local\Microsoft\WindowsApps;C:\Users\muoi\AppData\Local\Programs\Microsoft VS Code\bin;C:\Users\muoi\AppData\Local\Programs\cursor\resources\app\bin;C:\Users\muoi\AppData\Roaming\nvm;C:\Program Files\nodejs;C:\platform-tools;C:\Users\muoi\.dotnet\tools
USERNAME=muoi
OS=Windows_NT
PROCESSOR_IDENTIFIER=Intel64 Family 6 Model 142 Stepping 10, GenuineIntel
TMP=C:\Users\muoi\AppData\Local\Temp
TEMP=C:\Users\muoi\AppData\Local\Temp




Periodic native trim disabled

---------------  S Y S T E M  ---------------

OS:
 Windows 11 , 64 bit Build 26100 (10.0.26100.6725)
OS uptime: 0 days 6:48 hours
Hyper-V role detected

CPU: total 8 (initial active 8) (4 cores per cpu, 2 threads per core) family 6 model 142 stepping 10 microcode 0xe0, cx8, cmov, fxsr, ht, mmx, 3dnowpref, sse, sse2, sse3, ssse3, sse4.1, sse4.2, popcnt, lzcnt, tsc, tscinvbit, avx, avx2, aes, erms, clmul, bmi1, bmi2, adx, fma, vzeroupper, clflush, clflushopt, hv, rdtscp, f16c
Processor Information for the first 8 processors :
  Max Mhz: 1801, Current Mhz: 1801, Mhz Limit: 1801

Memory: 4k page, system-wide physical 16243M (4027M free)
TotalPageFile size 16243M (AvailPageFile size 258M)
current process WorkingSet (physical memory assigned to process): 1271M, peak: 1786M
current process commit charge ("private bytes"): 1334M, peak: 1818M

vm_info: OpenJDK 64-Bit Server VM (21.0.8+9-LTS) for windows-amd64 JRE (21.0.8+9-LTS), built on 2025-07-15T00:00:00Z by "admin" with MS VC++ 17.7 (VS2022)

END.
