#
# There is insufficient memory for the Java Runtime Environment to continue.
# Native memory allocation (malloc) failed to allocate 1048576 bytes. Error detail: AllocateHeap
# Possible reasons:
#   The system is out of physical RAM or swap space
#   This process is running with CompressedOops enabled, and the Java Heap may be blocking the growth of the native heap
# Possible solutions:
#   Reduce memory load on the system
#   Increase physical memory or swap space
#   Check if swap backing store is full
#   Decrease Java heap size (-Xmx/-Xms)
#   Decrease number of Java threads
#   Decrease Java thread stack sizes (-Xss)
#   Set larger code cache with -XX:ReservedCodeCacheSize=
#   JVM is running with Unscaled Compressed Oops mode in which the Java heap is
#     placed in the first 4GB address space. The Java Heap base address is the
#     maximum limit for the native heap growth. Please use -XX:HeapBaseMinAddress
#     to set the Java Heap base and to place the Java Heap above 4GB virtual address.
# This output file may be truncated or incomplete.
#
#  Out of Memory Error (allocation.cpp:44), pid=5188, tid=10020
#
# JRE version: OpenJDK Runtime Environment Temurin-21.0.8+9 (21.0.8+9) (build 21.0.8+9-LTS)
# Java VM: OpenJDK 64-Bit Server VM Temurin-21.0.8+9 (21.0.8+9-LTS, mixed mode, sharing, tiered, compressed oops, compressed class ptrs, parallel gc, windows-amd64)
# No core dump will be written. Minidumps are not enabled by default on client versions of Windows
#

---------------  S U M M A R Y ------------

Command Line: --add-modules=ALL-SYSTEM --add-opens=java.base/java.util=ALL-UNNAMED --add-opens=java.base/java.lang=ALL-UNNAMED --add-opens=java.base/sun.nio.fs=ALL-UNNAMED -Declipse.application=org.eclipse.jdt.ls.core.id1 -Dosgi.bundles.defaultStartLevel=4 -Declipse.product=org.eclipse.jdt.ls.core.product -Djava.import.generatesMetadataFilesAtProjectRoot=false -DDetectVMInstallationsJob.disabled=true -Dfile.encoding=utf8 -XX:+UseParallelGC -XX:GCTimeRatio=4 -XX:AdaptiveSizePolicyWeight=90 -Dsun.zip.disableMemoryMapping=true -Xmx2G -Xms100m -Xlog:disable -javaagent:c:\Users\muoi\.vscode\extensions\redhat.java-1.46.0-win32-x64\lombok\lombok-1.18.39-4050.jar -XX:+HeapDumpOnOutOfMemoryError -XX:HeapDumpPath=c:\Users\muoi\AppData\Roaming\Code\User\workspaceStorage\fac55c56a4fa45b0b7e98bbee30527ed\redhat.java -Daether.dependencyCollector.impl=bf c:\Users\muoi\.vscode\extensions\redhat.java-1.46.0-win32-x64\server\plugins\org.eclipse.equinox.launcher_1.7.0.v20250519-0528.jar -configuration c:\Users\muoi\AppData\Roaming\Code\User\globalStorage\redhat.java\1.46.0\config_win -data c:\Users\muoi\AppData\Roaming\Code\User\workspaceStorage\fac55c56a4fa45b0b7e98bbee30527ed\redhat.java\jdt_ws --pipe=\\.\pipe\lsp-bebaa0d203ed1a93e2f501cb1afec33d-sock

Host: Intel(R) Core(TM) i5-8250U CPU @ 1.60GHz, 8 cores, 15G,  Windows 11 , 64 bit Build 26100 (10.0.26100.5074)
Time: Fri Oct 10 11:49:42 2025 SE Asia Standard Time elapsed time: 139.775951 seconds (0d 0h 2m 19s)

---------------  T H R E A D  ---------------

Current thread (0x00000202c8f06a80):  JavaThread "Attach Listener" daemon [_thread_in_vm, id=10020, stack(0x000000e7a2f00000,0x000000e7a3000000) (1024K)]

Stack: [0x000000e7a2f00000,0x000000e7a3000000]
Native frames: (J=compiled Java code, j=interpreted, Vv=VM code, C=native code)
V  [jvm.dll+0x6d2449]
V  [jvm.dll+0x8ae341]
V  [jvm.dll+0x8b08be]
V  [jvm.dll+0x8b0fa3]
V  [jvm.dll+0x280c96]
V  [jvm.dll+0xc0347]
V  [jvm.dll+0x6d2cf9]
V  [jvm.dll+0x131116]
V  [jvm.dll+0x3f2d16]
V  [jvm.dll+0x857e6b]
V  [jvm.dll+0x6d0b0d]
C  [ucrtbase.dll+0x37b0]
C  [KERNEL32.DLL+0x2e8d7]
C  [ntdll.dll+0x8d9c]


---------------  P R O C E S S  ---------------

Threads class SMR info:
_java_thread_list=0x00000203143efd80, length=68, elements={
0x00000202b00db8f0, 0x00000202b255aa80, 0x00000202b255e200, 0x00000202c8f05bb0,
0x00000202c8f06a80, 0x00000202c8f076d0, 0x00000202c8f0b140, 0x00000202c8f0ded0,
0x00000202c8f30420, 0x000002030b91f120, 0x000002030bb71d10, 0x0000020310795970,
0x00000203109d7230, 0x000002031038bd30, 0x000002031038c390, 0x0000020310a1fdc0,
0x000002030ba3aeb0, 0x0000020310f24690, 0x0000020310e00d00, 0x00000203102aef00,
0x00000203102aba80, 0x00000203102ae1e0, 0x00000203102ac110, 0x00000203102ae870,
0x00000203102ac7a0, 0x00000203102ace30, 0x00000203102ad4c0, 0x00000203102adb50,
0x0000020310485420, 0x0000020310486e60, 0x00000203104874f0, 0x00000203104867d0,
0x0000020310487b80, 0x0000020310488f30, 0x0000020310488210, 0x00000203104888a0,
0x00000203104895c0, 0x0000020310486140, 0x0000020310489c50, 0x000002031048a2e0,
0x000002031048c3b0, 0x000002031048b000, 0x000002031048b690, 0x000002031048a970,
0x0000020313c382c0, 0x0000020313c38950, 0x00000203103a9280, 0x00000203103aa630,
0x00000203103a9910, 0x00000203103aacc0, 0x00000203103ad420, 0x00000203103ac700,
0x00000203103acd90, 0x00000203103a9fa0, 0x00000203103ac070, 0x00000203103ae7d0,
0x00000203103adab0, 0x00000203103ae140, 0x00000203138ee470, 0x00000203138ed750,
0x00000203138efeb0, 0x00000203138f1260, 0x00000203138f18f0, 0x00000203138f1f80,
0x00000203138f2610, 0x00000203138ef190, 0x00000203138f4050, 0x00000203103afb80
}

Java Threads: ( => current thread )
  0x00000202b00db8f0 JavaThread "main"                              [_thread_blocked, id=10564, stack(0x000000e7a2800000,0x000000e7a2900000) (1024K)]
  0x00000202b255aa80 JavaThread "Reference Handler"          daemon [_thread_blocked, id=9868, stack(0x000000e7a2c00000,0x000000e7a2d00000) (1024K)]
  0x00000202b255e200 JavaThread "Finalizer"                  daemon [_thread_blocked, id=1228, stack(0x000000e7a2d00000,0x000000e7a2e00000) (1024K)]
  0x00000202c8f05bb0 JavaThread "Signal Dispatcher"          daemon [_thread_blocked, id=2776, stack(0x000000e7a2e00000,0x000000e7a2f00000) (1024K)]
=>0x00000202c8f06a80 JavaThread "Attach Listener"            daemon [_thread_in_vm, id=10020, stack(0x000000e7a2f00000,0x000000e7a3000000) (1024K)]
  0x00000202c8f076d0 JavaThread "Service Thread"             daemon [_thread_blocked, id=15120, stack(0x000000e7a3000000,0x000000e7a3100000) (1024K)]
  0x00000202c8f0b140 JavaThread "Monitor Deflation Thread"   daemon [_thread_blocked, id=4832, stack(0x000000e7a3100000,0x000000e7a3200000) (1024K)]
  0x00000202c8f0ded0 JavaThread "C2 CompilerThread0"         daemon [_thread_blocked, id=11004, stack(0x000000e7a3200000,0x000000e7a3300000) (1024K)]
  0x00000202c8f30420 JavaThread "C1 CompilerThread0"         daemon [_thread_blocked, id=4944, stack(0x000000e7a3300000,0x000000e7a3400000) (1024K)]
  0x000002030b91f120 JavaThread "Common-Cleaner"             daemon [_thread_blocked, id=3256, stack(0x000000e7a3400000,0x000000e7a3500000) (1024K)]
  0x000002030bb71d10 JavaThread "Notification Thread"        daemon [_thread_blocked, id=6968, stack(0x000000e7a3600000,0x000000e7a3700000) (1024K)]
  0x0000020310795970 JavaThread "Active Thread: Equinox Container: 39e0d06d-7314-45d1-9200-204ed173c50a"        [_thread_blocked, id=14892, stack(0x000000e7a3e00000,0x000000e7a3f00000) (1024K)]
  0x00000203109d7230 JavaThread "Refresh Thread: Equinox Container: 39e0d06d-7314-45d1-9200-204ed173c50a" daemon [_thread_blocked, id=2100, stack(0x000000e7a3f00000,0x000000e7a4000000) (1024K)]
  0x000002031038bd30 JavaThread "Framework Event Dispatcher: Equinox Container: 39e0d06d-7314-45d1-9200-204ed173c50a" daemon [_thread_blocked, id=16244, stack(0x000000e7a4100000,0x000000e7a4200000) (1024K)]
  0x000002031038c390 JavaThread "Start Level: Equinox Container: 39e0d06d-7314-45d1-9200-204ed173c50a" daemon [_thread_blocked, id=1892, stack(0x000000e7a4200000,0x000000e7a4300000) (1024K)]
  0x0000020310a1fdc0 JavaThread "Bundle File Closer"         daemon [_thread_blocked, id=13572, stack(0x000000e7a4300000,0x000000e7a4400000) (1024K)]
  0x000002030ba3aeb0 JavaThread "SCR Component Actor"        daemon [_thread_blocked, id=2784, stack(0x000000e7a3500000,0x000000e7a3600000) (1024K)]
  0x0000020310f24690 JavaThread "Worker-JM"                         [_thread_blocked, id=12272, stack(0x000000e7a4500000,0x000000e7a4600000) (1024K)]
  0x0000020310e00d00 JavaThread "JNA Cleaner"                daemon [_thread_blocked, id=7144, stack(0x000000e7a3700000,0x000000e7a3800000) (1024K)]
  0x00000203102aef00 JavaThread "Worker-0"                          [_thread_blocked, id=15296, stack(0x000000e7a4400000,0x000000e7a4500000) (1024K)]
  0x00000203102aba80 JavaThread "Worker-1"                          [_thread_blocked, id=3084, stack(0x000000e7a4600000,0x000000e7a4700000) (1024K)]
  0x00000203102ae1e0 JavaThread "Worker-2"                          [_thread_blocked, id=10572, stack(0x000000e7a4800000,0x000000e7a4900000) (1024K)]
  0x00000203102ac110 JavaThread "Java indexing"              daemon [_thread_blocked, id=14280, stack(0x000000e7a4a00000,0x000000e7a4b00000) (1024K)]
  0x00000203102ae870 JavaThread "Worker-3"                          [_thread_blocked, id=3200, stack(0x000000e7a4d00000,0x000000e7a4e00000) (1024K)]
  0x00000203102ac7a0 JavaThread "Worker-4"                          [_thread_blocked, id=9724, stack(0x000000e7a4e00000,0x000000e7a4f00000) (1024K)]
  0x00000203102ace30 JavaThread "Thread-1"                   daemon [_thread_in_native, id=13044, stack(0x000000e7a4f00000,0x000000e7a5000000) (1024K)]
  0x00000203102ad4c0 JavaThread "Thread-2"                   daemon [_thread_in_native, id=17004, stack(0x000000e7a5000000,0x000000e7a5100000) (1024K)]
  0x00000203102adb50 JavaThread "Thread-3"                   daemon [_thread_in_native, id=3840, stack(0x000000e7a5100000,0x000000e7a5200000) (1024K)]
  0x0000020310485420 JavaThread "Thread-4"                   daemon [_thread_in_native, id=6312, stack(0x000000e7a5200000,0x000000e7a5300000) (1024K)]
  0x0000020310486e60 JavaThread "Thread-5"                   daemon [_thread_in_native, id=3120, stack(0x000000e7a5300000,0x000000e7a5400000) (1024K)]
  0x00000203104874f0 JavaThread "Thread-6"                   daemon [_thread_in_native, id=4292, stack(0x000000e7a5400000,0x000000e7a5500000) (1024K)]
  0x00000203104867d0 JavaThread "Thread-7"                   daemon [_thread_in_native, id=16724, stack(0x000000e7a5500000,0x000000e7a5600000) (1024K)]
  0x0000020310487b80 JavaThread "Thread-8"                   daemon [_thread_in_native, id=14864, stack(0x000000e7a5600000,0x000000e7a5700000) (1024K)]
  0x0000020310488f30 JavaThread "Thread-9"                   daemon [_thread_in_native, id=1696, stack(0x000000e7a5700000,0x000000e7a5800000) (1024K)]
  0x0000020310488210 JavaThread "pool-2-thread-1"                   [_thread_blocked, id=6456, stack(0x000000e7a5800000,0x000000e7a5900000) (1024K)]
  0x00000203104888a0 JavaThread "WorkspaceEventsHandler"            [_thread_blocked, id=7976, stack(0x000000e7a5900000,0x000000e7a5a00000) (1024K)]
  0x00000203104895c0 JavaThread "pool-1-thread-1"                   [_thread_blocked, id=5612, stack(0x000000e7a5a00000,0x000000e7a5b00000) (1024K)]
  0x0000020310486140 JavaThread "ForkJoinPool.commonPool-worker-1" daemon [_thread_blocked, id=15076, stack(0x000000e7a5b00000,0x000000e7a5c00000) (1024K)]
  0x0000020310489c50 JavaThread "ForkJoinPool.commonPool-worker-2" daemon [_thread_blocked, id=4416, stack(0x000000e7a5c00000,0x000000e7a5d00000) (1024K)]
  0x000002031048a2e0 JavaThread "ForkJoinPool.commonPool-worker-3" daemon [_thread_blocked, id=3704, stack(0x000000e7a5d00000,0x000000e7a5e00000) (1024K)]
  0x000002031048c3b0 JavaThread "ForkJoinPool.commonPool-worker-4" daemon [_thread_blocked, id=8892, stack(0x000000e7a5e00000,0x000000e7a5f00000) (1024K)]
  0x000002031048b000 JavaThread "ForkJoinPool.commonPool-worker-5" daemon [_thread_blocked, id=17160, stack(0x000000e7a5f00000,0x000000e7a6000000) (1024K)]
  0x000002031048b690 JavaThread "ForkJoinPool.commonPool-worker-6" daemon [_thread_blocked, id=16396, stack(0x000000e7a6000000,0x000000e7a6100000) (1024K)]
  0x000002031048a970 JavaThread "ForkJoinPool.commonPool-worker-7" daemon [_thread_blocked, id=16528, stack(0x000000e7a6100000,0x000000e7a6200000) (1024K)]
  0x0000020313c382c0 JavaThread "Compiler Source File Reader" daemon [_thread_blocked, id=13832, stack(0x000000e7a4900000,0x000000e7a4a00000) (1024K)]
  0x0000020313c38950 JavaThread "Compiler Processing Task"   daemon [_thread_blocked, id=16392, stack(0x000000e7a6200000,0x000000e7a6300000) (1024K)]
  0x00000203103a9280 JavaThread "Compiler Source File Reader" daemon [_thread_blocked, id=10112, stack(0x000000e7a6300000,0x000000e7a6400000) (1024K)]
  0x00000203103aa630 JavaThread "Compiler Source File Reader" daemon [_thread_blocked, id=6248, stack(0x000000e7a6400000,0x000000e7a6500000) (1024K)]
  0x00000203103a9910 JavaThread "Compiler Source File Reader" daemon [_thread_blocked, id=10824, stack(0x000000e7a6500000,0x000000e7a6600000) (1024K)]
  0x00000203103aacc0 JavaThread "Compiler Source File Reader" daemon [_thread_blocked, id=17316, stack(0x000000e7a6600000,0x000000e7a6700000) (1024K)]
  0x00000203103ad420 JavaThread "Compiler Source File Reader" daemon [_thread_blocked, id=5352, stack(0x000000e7a6800000,0x000000e7a6900000) (1024K)]
  0x00000203103ac700 JavaThread "Cleaner-0"                  daemon [_thread_blocked, id=14012, stack(0x000000e7a6900000,0x000000e7a6a00000) (1024K)]
  0x00000203103acd90 JavaThread "Compiler Class File Writer" daemon [_thread_blocked, id=13128, stack(0x000000e7a6a00000,0x000000e7a6b00000) (1024K)]
  0x00000203103a9fa0 JavaThread "Compiler Class File Writer" daemon [_thread_blocked, id=17240, stack(0x000000e7a6b00000,0x000000e7a6c00000) (1024K)]
  0x00000203103ac070 JavaThread "Compiler Class File Writer" daemon [_thread_blocked, id=5372, stack(0x000000e7a6c00000,0x000000e7a6d00000) (1024K)]
  0x00000203103ae7d0 JavaThread "Compiler Class File Writer" daemon [_thread_blocked, id=16628, stack(0x000000e7a6d00000,0x000000e7a6e00000) (1024K)]
  0x00000203103adab0 JavaThread "Compiler Class File Writer" daemon [_thread_blocked, id=5952, stack(0x000000e7a6e00000,0x000000e7a6f00000) (1024K)]
  0x00000203103ae140 JavaThread "Compiler Class File Writer" daemon [_thread_blocked, id=7624, stack(0x000000e7a6f00000,0x000000e7a7000000) (1024K)]
  0x00000203138ee470 JavaThread "Java Debug Server"          daemon [_thread_in_native, id=13308, stack(0x000000e7a2600000,0x000000e7a2700000) (1024K)]
  0x00000203138ed750 JavaThread "pool-9-thread-1"                   [_thread_in_native, id=3244, stack(0x000000e7a2700000,0x000000e7a2800000) (1024K)]
  0x00000203138efeb0 JavaThread "RxSchedulerPurge-1"         daemon [_thread_blocked, id=7568, stack(0x000000e7a4700000,0x000000e7a4800000) (1024K)]
  0x00000203138f1260 JavaThread "RxCachedWorkerPoolEvictor-1" daemon [_thread_blocked, id=13032, stack(0x000000e7a7000000,0x000000e7a7100000) (1024K)]
  0x00000203138f18f0 JavaThread "RxNewThreadScheduler-1"     daemon [_thread_blocked, id=7788, stack(0x000000e7a7100000,0x000000e7a7200000) (1024K)]
  0x00000203138f1f80 JavaThread "process reaper (pid 3436)"  daemon [_thread_in_native, id=7484, stack(0x000000e7a2500000,0x000000e7a2520000) (128K)]
  0x00000203138f2610 JavaThread "pool-9-thread-2"                   [_thread_in_native, id=7792, stack(0x000000e7a7300000,0x000000e7a7400000) (1024K)]
  0x00000203138ef190 JavaThread "RxNewThreadScheduler-3"     daemon [_thread_blocked, id=16760, stack(0x000000e7a7400000,0x000000e7a7500000) (1024K)]
  0x00000203138f4050 JavaThread "process reaper (pid 6084)"  daemon [_thread_in_native, id=2008, stack(0x000000e7a2520000,0x000000e7a2540000) (128K)]
  0x00000203103afb80 JavaThread "process reaper"             daemon [_thread_blocked, id=15424, stack(0x000000e7a2540000,0x000000e7a2560000) (128K)]
Total: 68

Other Threads:
  0x00000202b253fa20 VMThread "VM Thread"                           [id=8348, stack(0x000000e7a2b00000,0x000000e7a2c00000) (1024K)]
  0x00000202c8e1ca00 WatcherThread "VM Periodic Task Thread"        [id=1820, stack(0x000000e7a2a00000,0x000000e7a2b00000) (1024K)]
  0x00000202b24c1bc0 WorkerThread "GC Thread#0"                     [id=1652, stack(0x000000e7a2900000,0x000000e7a2a00000) (1024K)]
  0x0000020310736b20 WorkerThread "GC Thread#1"                     [id=12652, stack(0x000000e7a3800000,0x000000e7a3900000) (1024K)]
  0x0000020310736ec0 WorkerThread "GC Thread#2"                     [id=9456, stack(0x000000e7a3900000,0x000000e7a3a00000) (1024K)]
  0x000002031009a7f0 WorkerThread "GC Thread#3"                     [id=16820, stack(0x000000e7a3a00000,0x000000e7a3b00000) (1024K)]
  0x000002031009ab90 WorkerThread "GC Thread#4"                     [id=13744, stack(0x000000e7a3b00000,0x000000e7a3c00000) (1024K)]
  0x00000203103fd440 WorkerThread "GC Thread#5"                     [id=2460, stack(0x000000e7a3c00000,0x000000e7a3d00000) (1024K)]
  0x00000203103fd7e0 WorkerThread "GC Thread#6"                     [id=2448, stack(0x000000e7a3d00000,0x000000e7a3e00000) (1024K)]
  0x00000203103682b0 WorkerThread "GC Thread#7"                     [id=16816, stack(0x000000e7a4000000,0x000000e7a4100000) (1024K)]
Total: 10

Threads with active compile tasks:
Total: 0

VM state: not at safepoint (normal execution)

VM Mutex/Monitor currently owned by a thread: None

Heap address: 0x0000000080000000, size: 2048 MB, Compressed Oops mode: 32-bit

CDS archive(s) mapped at: [0x00000202c9000000-0x00000202c9ba0000-0x00000202c9ba0000), size 12189696, SharedBaseAddress: 0x00000202c9000000, ArchiveRelocationMode: 1.
Compressed class space mapped at: 0x00000202ca000000-0x000002030a000000, reserved size: 1073741824
Narrow klass base: 0x00000202c9000000, Narrow klass shift: 0, Narrow klass range: 0x100000000

GC Precious Log:
 CardTable entry size: 512
 CPUs: 8 total, 8 available
 Memory: 16243M
 Large Page Support: Disabled
 NUMA Support: Disabled
 Compressed Oops: Enabled (32-bit)
 Alignments: Space 512K, Generation 512K, Heap 2M
 Heap Min Capacity: 100M
 Heap Initial Capacity: 100M
 Heap Max Capacity: 2G
 Pre-touch: Disabled
 Parallel Workers: 8

Heap:
 PSYoungGen      total 2560K, used 807K [0x00000000d5580000, 0x00000000d5900000, 0x0000000100000000)
  eden space 1536K, 21% used [0x00000000d5580000,0x00000000d55d1dc0,0x00000000d5700000)
  from space 1024K, 46% used [0x00000000d5700000,0x00000000d5778000,0x00000000d5800000)
  to   space 1024K, 0% used [0x00000000d5800000,0x00000000d5800000,0x00000000d5900000)
 ParOldGen       total 467456K, used 467379K [0x0000000080000000, 0x000000009c880000, 0x00000000d5580000)
  object space 467456K, 99% used [0x0000000080000000,0x000000009c86cf50,0x000000009c880000)
 Metaspace       used 84364K, committed 86208K, reserved 1179648K
  class space    used 9115K, committed 9984K, reserved 1048576K

Card table byte_map: [0x00000202b1e70000,0x00000202b2280000] _byte_map_base: 0x00000202b1a70000

Marking Bits: (ParMarkBitMap*) 0x00007ffc87daa340
 Begin Bits: [0x00000202c4940000, 0x00000202c6940000)
 End Bits:   [0x00000202c6940000, 0x00000202c8940000)

Polling page: 0x00000202b1c60000

Metaspace:

Usage:
  Non-class:     73.49 MB used.
      Class:      8.90 MB used.
       Both:     82.39 MB used.

Virtual space:
  Non-class space:      128.00 MB reserved,      74.44 MB ( 58%) committed,  2 nodes.
      Class space:        1.00 GB reserved,       9.75 MB ( <1%) committed,  1 nodes.
             Both:        1.12 GB reserved,      84.19 MB (  7%) committed. 

Chunk freelists:
   Non-Class:  5.11 MB
       Class:  6.30 MB
        Both:  11.41 MB

MaxMetaspaceSize: unlimited
CompressedClassSpaceSize: 1.00 GB
Initial GC threshold: 21.00 MB
Current GC threshold: 97.31 MB
CDS: on
 - commit_granule_bytes: 65536.
 - commit_granule_words: 8192.
 - virtual_space_node_default_size: 8388608.
 - enlarge_chunks_in_place: 1.
 - use_allocation_guard: 0.


Internal statistics:

num_allocs_failed_limit: 11.
num_arena_births: 1498.
num_arena_deaths: 22.
num_vsnodes_births: 3.
num_vsnodes_deaths: 0.
num_space_committed: 1347.
num_space_uncommitted: 0.
num_chunks_returned_to_freelist: 37.
num_chunks_taken_from_freelist: 5474.
num_chunk_merges: 21.
num_chunk_splits: 3338.
num_chunks_enlarged: 1878.
num_inconsistent_stats: 0.

CodeHeap 'non-profiled nmethods': size=120000Kb used=16351Kb max_used=16351Kb free=103648Kb
 bounds [0x00000202bd160000, 0x00000202be160000, 0x00000202c4690000]
CodeHeap 'profiled nmethods': size=120000Kb used=39817Kb max_used=39817Kb free=80182Kb
 bounds [0x00000202b5690000, 0x00000202b7d80000, 0x00000202bcbc0000]
CodeHeap 'non-nmethods': size=5760Kb used=1526Kb max_used=1629Kb free=4233Kb
 bounds [0x00000202bcbc0000, 0x00000202bce30000, 0x00000202bd160000]
CodeCache: size=245760Kb, used=57694Kb, max_used=57797Kb, free=188063Kb
 total_blobs=17381, nmethods=16529, adapters=752, full_count=0
Compilation: enabled, stopped_count=0, restarted_count=0

Compilation events (20 events):
Event: 105.856 Thread 0x00000202c8f30420 17366       3       java.lang.AbstractStringBuilder::getBytes (44 bytes)
Event: 105.856 Thread 0x00000202c8f30420 nmethod 17366 0x00000202b7d6f290 code [0x00000202b7d6f460, 0x00000202b7d6f700]
Event: 105.880 Thread 0x00000202c8f0ded0 nmethod 17348 0x00000202be150110 code [0x00000202be1503c0, 0x00000202be151ca0]
Event: 105.880 Thread 0x00000202c8f0ded0 17352       4       org.eclipse.jdt.internal.core.JavaProject$$Lambda/0x00000202ca7ae800::apply (13 bytes)
Event: 105.881 Thread 0x00000202c8f0ded0 nmethod 17352 0x00000202be152b90 code [0x00000202be152d20, 0x00000202be152de8]
Event: 105.882 Thread 0x00000202c8f0ded0 17358       4       org.eclipse.jdt.internal.compiler.env.IModuleAwareNameEnvironment::applyModuleUpdates (1 bytes)
Event: 105.882 Thread 0x00000202c8f0ded0 nmethod 17358 0x00000202be152f10 code [0x00000202be1530a0, 0x00000202be153128]
Event: 105.975 Thread 0x0000020313fed9c0 nmethod 17367 0x00000202be153210 code [0x00000202be1536a0, 0x00000202be155b40]
Event: 107.263 Thread 0x00000202c8f30420 17369       3       java.util.concurrent.ScheduledThreadPoolExecutor$DelayedWorkQueue$Itr::hasNext (18 bytes)
Event: 107.263 Thread 0x00000202c8f30420 nmethod 17369 0x00000202b7d6f810 code [0x00000202b7d6f9c0, 0x00000202b7d6fb30]
Event: 107.942 Thread 0x00000202c8f30420 17370       3       java.lang.StackStreamFactory::isReflectionFrame (48 bytes)
Event: 107.942 Thread 0x00000202c8f30420 nmethod 17370 0x00000202b7d6fc10 code [0x00000202b7d6fe20, 0x00000202b7d70248]
Event: 107.942 Thread 0x00000202c8f30420 17372       3       java.lang.StackStreamFactory$AbstractStackWalker::peekFrame (132 bytes)
Event: 107.943 Thread 0x00000202c8f30420 nmethod 17372 0x00000202b7d70410 code [0x00000202b7d70680, 0x00000202b7d70fd8]
Event: 107.943 Thread 0x00000202c8f30420 17371       3       java.lang.StackStreamFactory$AbstractStackWalker::hasNext (13 bytes)
Event: 107.943 Thread 0x00000202c8f30420 nmethod 17371 0x00000202b7d71310 code [0x00000202b7d714c0, 0x00000202b7d71648]
Event: 128.271 Thread 0x00000202c8f30420 17373       3       java.util.concurrent.ScheduledThreadPoolExecutor$ScheduledFutureTask::getDelay (16 bytes)
Event: 128.271 Thread 0x00000202c8f30420 nmethod 17373 0x00000202b7d71710 code [0x00000202b7d718c0, 0x00000202b7d71a58]
Event: 134.268 Thread 0x00000202c8f30420 17374       3       java.util.concurrent.locks.AbstractQueuedSynchronizer$ConditionObject::enableWait (84 bytes)
Event: 134.268 Thread 0x00000202c8f30420 nmethod 17374 0x00000202b7d71b10 code [0x00000202b7d71d20, 0x00000202b7d72358]

GC Heap History (20 events):
Event: 105.778 GC heap before
{Heap before GC invocations=871 (full 3):
 PSYoungGen      total 1536K, used 1056K [0x00000000d5580000, 0x00000000d5a80000, 0x0000000100000000)
  eden space 512K, 100% used [0x00000000d5580000,0x00000000d5600000,0x00000000d5600000)
  from space 1024K, 53% used [0x00000000d5600000,0x00000000d5688000,0x00000000d5700000)
  to   space 1536K, 0% used [0x00000000d5900000,0x00000000d5900000,0x00000000d5a80000)
 ParOldGen       total 458752K, used 458595K [0x0000000080000000, 0x000000009c000000, 0x00000000d5580000)
  object space 458752K, 99% used [0x0000000080000000,0x000000009bfd8c40,0x000000009c000000)
 Metaspace       used 84347K, committed 86208K, reserved 1179648K
  class space    used 9115K, committed 9984K, reserved 1048576K
}
Event: 105.781 GC heap after
{Heap after GC invocations=871 (full 3):
 PSYoungGen      total 1536K, used 448K [0x00000000d5580000, 0x00000000d5980000, 0x0000000100000000)
  eden space 1024K, 0% used [0x00000000d5580000,0x00000000d5580000,0x00000000d5680000)
  from space 512K, 87% used [0x00000000d5900000,0x00000000d5970000,0x00000000d5980000)
  to   space 1024K, 0% used [0x00000000d5780000,0x00000000d5780000,0x00000000d5880000)
 ParOldGen       total 459264K, used 459067K [0x0000000080000000, 0x000000009c080000, 0x00000000d5580000)
  object space 459264K, 99% used [0x0000000080000000,0x000000009c04ec40,0x000000009c080000)
 Metaspace       used 84347K, committed 86208K, reserved 1179648K
  class space    used 9115K, committed 9984K, reserved 1048576K
}
Event: 105.784 GC heap before
{Heap before GC invocations=872 (full 3):
 PSYoungGen      total 1536K, used 1472K [0x00000000d5580000, 0x00000000d5980000, 0x0000000100000000)
  eden space 1024K, 100% used [0x00000000d5580000,0x00000000d5680000,0x00000000d5680000)
  from space 512K, 87% used [0x00000000d5900000,0x00000000d5970000,0x00000000d5980000)
  to   space 1024K, 0% used [0x00000000d5780000,0x00000000d5780000,0x00000000d5880000)
 ParOldGen       total 459264K, used 459067K [0x0000000080000000, 0x000000009c080000, 0x00000000d5580000)
  object space 459264K, 99% used [0x0000000080000000,0x000000009c04ec40,0x000000009c080000)
 Metaspace       used 84348K, committed 86208K, reserved 1179648K
  class space    used 9115K, committed 9984K, reserved 1048576K
}
Event: 105.785 GC heap after
{Heap after GC invocations=872 (full 3):
 PSYoungGen      total 2560K, used 448K [0x00000000d5580000, 0x00000000d5980000, 0x0000000100000000)
  eden space 1536K, 0% used [0x00000000d5580000,0x00000000d5580000,0x00000000d5700000)
  from space 1024K, 43% used [0x00000000d5780000,0x00000000d57f0000,0x00000000d5880000)
  to   space 512K, 0% used [0x00000000d5900000,0x00000000d5900000,0x00000000d5980000)
 ParOldGen       total 459776K, used 459312K [0x0000000080000000, 0x000000009c100000, 0x00000000d5580000)
  object space 459776K, 99% used [0x0000000080000000,0x000000009c08c0c0,0x000000009c100000)
 Metaspace       used 84348K, committed 86208K, reserved 1179648K
  class space    used 9115K, committed 9984K, reserved 1048576K
}
Event: 105.793 GC heap before
{Heap before GC invocations=873 (full 3):
 PSYoungGen      total 2560K, used 1984K [0x00000000d5580000, 0x00000000d5980000, 0x0000000100000000)
  eden space 1536K, 100% used [0x00000000d5580000,0x00000000d5700000,0x00000000d5700000)
  from space 1024K, 43% used [0x00000000d5780000,0x00000000d57f0000,0x00000000d5880000)
  to   space 512K, 0% used [0x00000000d5900000,0x00000000d5900000,0x00000000d5980000)
 ParOldGen       total 459776K, used 459312K [0x0000000080000000, 0x000000009c100000, 0x00000000d5580000)
  object space 459776K, 99% used [0x0000000080000000,0x000000009c08c0c0,0x000000009c100000)
 Metaspace       used 84353K, committed 86208K, reserved 1179648K
  class space    used 9115K, committed 9984K, reserved 1048576K
}
Event: 105.794 GC heap after
{Heap after GC invocations=873 (full 3):
 PSYoungGen      total 2560K, used 487K [0x00000000d5580000, 0x00000000d5980000, 0x0000000100000000)
  eden space 2048K, 0% used [0x00000000d5580000,0x00000000d5580000,0x00000000d5780000)
  from space 512K, 95% used [0x00000000d5900000,0x00000000d5979e80,0x00000000d5980000)
  to   space 1024K, 0% used [0x00000000d5780000,0x00000000d5780000,0x00000000d5880000)
 ParOldGen       total 459776K, used 459655K [0x0000000080000000, 0x000000009c100000, 0x00000000d5580000)
  object space 459776K, 99% used [0x0000000080000000,0x000000009c0e1f50,0x000000009c100000)
 Metaspace       used 84353K, committed 86208K, reserved 1179648K
  class space    used 9115K, committed 9984K, reserved 1048576K
}
Event: 105.798 GC heap before
{Heap before GC invocations=874 (full 3):
 PSYoungGen      total 2560K, used 2535K [0x00000000d5580000, 0x00000000d5980000, 0x0000000100000000)
  eden space 2048K, 99% used [0x00000000d5580000,0x00000000d577fff0,0x00000000d5780000)
  from space 512K, 95% used [0x00000000d5900000,0x00000000d5979e80,0x00000000d5980000)
  to   space 1024K, 0% used [0x00000000d5780000,0x00000000d5780000,0x00000000d5880000)
 ParOldGen       total 459776K, used 459655K [0x0000000080000000, 0x000000009c100000, 0x00000000d5580000)
  object space 459776K, 99% used [0x0000000080000000,0x000000009c0e1f50,0x000000009c100000)
 Metaspace       used 84353K, committed 86208K, reserved 1179648K
  class space    used 9115K, committed 9984K, reserved 1048576K
}
Event: 105.801 GC heap after
{Heap after GC invocations=874 (full 3):
 PSYoungGen      total 3072K, used 1024K [0x00000000d5580000, 0x00000000d5d00000, 0x0000000100000000)
  eden space 2048K, 0% used [0x00000000d5580000,0x00000000d5580000,0x00000000d5780000)
  from space 1024K, 100% used [0x00000000d5780000,0x00000000d5880000,0x00000000d5880000)
  to   space 2560K, 0% used [0x00000000d5a80000,0x00000000d5a80000,0x00000000d5d00000)
 ParOldGen       total 461312K, used 460855K [0x0000000080000000, 0x000000009c280000, 0x00000000d5580000)
  object space 461312K, 99% used [0x0000000080000000,0x000000009c20ddd0,0x000000009c280000)
 Metaspace       used 84353K, committed 86208K, reserved 1179648K
  class space    used 9115K, committed 9984K, reserved 1048576K
}
Event: 105.806 GC heap before
{Heap before GC invocations=875 (full 3):
 PSYoungGen      total 3072K, used 3072K [0x00000000d5580000, 0x00000000d5d00000, 0x0000000100000000)
  eden space 2048K, 100% used [0x00000000d5580000,0x00000000d5780000,0x00000000d5780000)
  from space 1024K, 100% used [0x00000000d5780000,0x00000000d5880000,0x00000000d5880000)
  to   space 2560K, 0% used [0x00000000d5a80000,0x00000000d5a80000,0x00000000d5d00000)
 ParOldGen       total 461312K, used 460855K [0x0000000080000000, 0x000000009c280000, 0x00000000d5580000)
  object space 461312K, 99% used [0x0000000080000000,0x000000009c20ddd0,0x000000009c280000)
 Metaspace       used 84353K, committed 86208K, reserved 1179648K
  class space    used 9115K, committed 9984K, reserved 1048576K
}
Event: 105.808 GC heap after
{Heap after GC invocations=875 (full 3):
 PSYoungGen      total 4608K, used 1792K [0x00000000d5580000, 0x00000000d5c80000, 0x0000000100000000)
  eden space 2560K, 0% used [0x00000000d5580000,0x00000000d5580000,0x00000000d5800000)
  from space 2048K, 87% used [0x00000000d5a80000,0x00000000d5c40000,0x00000000d5c80000)
  to   space 2048K, 0% used [0x00000000d5880000,0x00000000d5880000,0x00000000d5a80000)
 ParOldGen       total 462336K, used 461919K [0x0000000080000000, 0x000000009c380000, 0x00000000d5580000)
  object space 462336K, 99% used [0x0000000080000000,0x000000009c317dd0,0x000000009c380000)
 Metaspace       used 84353K, committed 86208K, reserved 1179648K
  class space    used 9115K, committed 9984K, reserved 1048576K
}
Event: 105.816 GC heap before
{Heap before GC invocations=876 (full 3):
 PSYoungGen      total 4608K, used 4351K [0x00000000d5580000, 0x00000000d5c80000, 0x0000000100000000)
  eden space 2560K, 99% used [0x00000000d5580000,0x00000000d57fff80,0x00000000d5800000)
  from space 2048K, 87% used [0x00000000d5a80000,0x00000000d5c40000,0x00000000d5c80000)
  to   space 2048K, 0% used [0x00000000d5880000,0x00000000d5880000,0x00000000d5a80000)
 ParOldGen       total 462336K, used 461919K [0x0000000080000000, 0x000000009c380000, 0x00000000d5580000)
  object space 462336K, 99% used [0x0000000080000000,0x000000009c317dd0,0x000000009c380000)
 Metaspace       used 84353K, committed 86208K, reserved 1179648K
  class space    used 9115K, committed 9984K, reserved 1048576K
}
Event: 105.818 GC heap after
{Heap after GC invocations=876 (full 3):
 PSYoungGen      total 4096K, used 911K [0x00000000d5580000, 0x00000000d5b80000, 0x0000000100000000)
  eden space 3072K, 0% used [0x00000000d5580000,0x00000000d5580000,0x00000000d5880000)
  from space 1024K, 88% used [0x00000000d5880000,0x00000000d5963d00,0x00000000d5980000)
  to   space 1536K, 0% used [0x00000000d5a00000,0x00000000d5a00000,0x00000000d5b80000)
 ParOldGen       total 463872K, used 463527K [0x0000000080000000, 0x000000009c500000, 0x00000000d5580000)
  object space 463872K, 99% used [0x0000000080000000,0x000000009c4a9dd0,0x000000009c500000)
 Metaspace       used 84353K, committed 86208K, reserved 1179648K
  class space    used 9115K, committed 9984K, reserved 1048576K
}
Event: 105.824 GC heap before
{Heap before GC invocations=877 (full 3):
 PSYoungGen      total 4096K, used 3983K [0x00000000d5580000, 0x00000000d5b80000, 0x0000000100000000)
  eden space 3072K, 100% used [0x00000000d5580000,0x00000000d5880000,0x00000000d5880000)
  from space 1024K, 88% used [0x00000000d5880000,0x00000000d5963d00,0x00000000d5980000)
  to   space 1536K, 0% used [0x00000000d5a00000,0x00000000d5a00000,0x00000000d5b80000)
 ParOldGen       total 463872K, used 463527K [0x0000000080000000, 0x000000009c500000, 0x00000000d5580000)
  object space 463872K, 99% used [0x0000000080000000,0x000000009c4a9dd0,0x000000009c500000)
 Metaspace       used 84353K, committed 86208K, reserved 1179648K
  class space    used 9115K, committed 9984K, reserved 1048576K
}
Event: 105.826 GC heap after
{Heap after GC invocations=877 (full 3):
 PSYoungGen      total 2048K, used 1536K [0x00000000d5580000, 0x00000000d6280000, 0x0000000100000000)
  eden space 512K, 0% used [0x00000000d5580000,0x00000000d5580000,0x00000000d5600000)
  from space 1536K, 100% used [0x00000000d5a00000,0x00000000d5b80000,0x00000000d5b80000)
  to   space 4096K, 0% used [0x00000000d5600000,0x00000000d5600000,0x00000000d5a00000)
 ParOldGen       total 465920K, used 465678K [0x0000000080000000, 0x000000009c700000, 0x00000000d5580000)
  object space 465920K, 99% used [0x0000000080000000,0x000000009c6c3ad0,0x000000009c700000)
 Metaspace       used 84353K, committed 86208K, reserved 1179648K
  class space    used 9115K, committed 9984K, reserved 1048576K
}
Event: 105.829 GC heap before
{Heap before GC invocations=878 (full 3):
 PSYoungGen      total 2048K, used 2048K [0x00000000d5580000, 0x00000000d6280000, 0x0000000100000000)
  eden space 512K, 100% used [0x00000000d5580000,0x00000000d5600000,0x00000000d5600000)
  from space 1536K, 100% used [0x00000000d5a00000,0x00000000d5b80000,0x00000000d5b80000)
  to   space 4096K, 0% used [0x00000000d5600000,0x00000000d5600000,0x00000000d5a00000)
 ParOldGen       total 465920K, used 465678K [0x0000000080000000, 0x000000009c700000, 0x00000000d5580000)
  object space 465920K, 99% used [0x0000000080000000,0x000000009c6c3ad0,0x000000009c700000)
 Metaspace       used 84353K, committed 86208K, reserved 1179648K
  class space    used 9115K, committed 9984K, reserved 1048576K
}
Event: 105.832 GC heap after
{Heap after GC invocations=878 (full 3):
 PSYoungGen      total 1024K, used 320K [0x00000000d5580000, 0x00000000d5a80000, 0x0000000100000000)
  eden space 512K, 0% used [0x00000000d5580000,0x00000000d5580000,0x00000000d5600000)
  from space 512K, 62% used [0x00000000d5600000,0x00000000d5650000,0x00000000d5680000)
  to   space 2048K, 0% used [0x00000000d5880000,0x00000000d5880000,0x00000000d5a80000)
 ParOldGen       total 467456K, used 467254K [0x0000000080000000, 0x000000009c880000, 0x00000000d5580000)
  object space 467456K, 99% used [0x0000000080000000,0x000000009c84dad0,0x000000009c880000)
 Metaspace       used 84353K, committed 86208K, reserved 1179648K
  class space    used 9115K, committed 9984K, reserved 1048576K
}
Event: 105.833 GC heap before
{Heap before GC invocations=879 (full 3):
 PSYoungGen      total 1024K, used 832K [0x00000000d5580000, 0x00000000d5a80000, 0x0000000100000000)
  eden space 512K, 100% used [0x00000000d5580000,0x00000000d5600000,0x00000000d5600000)
  from space 512K, 62% used [0x00000000d5600000,0x00000000d5650000,0x00000000d5680000)
  to   space 2048K, 0% used [0x00000000d5880000,0x00000000d5880000,0x00000000d5a80000)
 ParOldGen       total 467456K, used 467254K [0x0000000080000000, 0x000000009c880000, 0x00000000d5580000)
  object space 467456K, 99% used [0x0000000080000000,0x000000009c84dad0,0x000000009c880000)
 Metaspace       used 84353K, committed 86208K, reserved 1179648K
  class space    used 9115K, committed 9984K, reserved 1048576K
}
Event: 105.834 GC heap after
{Heap after GC invocations=879 (full 3):
 PSYoungGen      total 1536K, used 320K [0x00000000d5580000, 0x00000000d5900000, 0x0000000100000000)
  eden space 1024K, 0% used [0x00000000d5580000,0x00000000d5580000,0x00000000d5680000)
  from space 512K, 62% used [0x00000000d5880000,0x00000000d58d0000,0x00000000d5900000)
  to   space 1024K, 0% used [0x00000000d5700000,0x00000000d5700000,0x00000000d5800000)
 ParOldGen       total 467456K, used 467339K [0x0000000080000000, 0x000000009c880000, 0x00000000d5580000)
  object space 467456K, 99% used [0x0000000080000000,0x000000009c862f50,0x000000009c880000)
 Metaspace       used 84353K, committed 86208K, reserved 1179648K
  class space    used 9115K, committed 9984K, reserved 1048576K
}
Event: 105.847 GC heap before
{Heap before GC invocations=880 (full 3):
 PSYoungGen      total 1536K, used 1333K [0x00000000d5580000, 0x00000000d5900000, 0x0000000100000000)
  eden space 1024K, 98% used [0x00000000d5580000,0x00000000d567d448,0x00000000d5680000)
  from space 512K, 62% used [0x00000000d5880000,0x00000000d58d0000,0x00000000d5900000)
  to   space 1024K, 0% used [0x00000000d5700000,0x00000000d5700000,0x00000000d5800000)
 ParOldGen       total 467456K, used 467339K [0x0000000080000000, 0x000000009c880000, 0x00000000d5580000)
  object space 467456K, 99% used [0x0000000080000000,0x000000009c862f50,0x000000009c880000)
 Metaspace       used 84354K, committed 86208K, reserved 1179648K
  class space    used 9115K, committed 9984K, reserved 1048576K
}
Event: 105.848 GC heap after
{Heap after GC invocations=880 (full 3):
 PSYoungGen      total 2560K, used 480K [0x00000000d5580000, 0x00000000d5900000, 0x0000000100000000)
  eden space 1536K, 0% used [0x00000000d5580000,0x00000000d5580000,0x00000000d5700000)
  from space 1024K, 46% used [0x00000000d5700000,0x00000000d5778000,0x00000000d5800000)
  to   space 1024K, 0% used [0x00000000d5800000,0x00000000d5800000,0x00000000d5900000)
 ParOldGen       total 467456K, used 467379K [0x0000000080000000, 0x000000009c880000, 0x00000000d5580000)
  object space 467456K, 99% used [0x0000000080000000,0x000000009c86cf50,0x000000009c880000)
 Metaspace       used 84354K, committed 86208K, reserved 1179648K
  class space    used 9115K, committed 9984K, reserved 1048576K
}

Dll operation events (12 events):
Event: 0.014 Loaded shared library c:\Users\muoi\.vscode\extensions\redhat.java-1.46.0-win32-x64\jre\21.0.8-win32-x86_64\bin\java.dll
Event: 0.167 Loaded shared library c:\Users\muoi\.vscode\extensions\redhat.java-1.46.0-win32-x64\jre\21.0.8-win32-x86_64\bin\zip.dll
Event: 0.217 Loaded shared library C:\Users\muoi\.vscode\extensions\redhat.java-1.46.0-win32-x64\jre\21.0.8-win32-x86_64\bin\instrument.dll
Event: 0.251 Loaded shared library C:\Users\muoi\.vscode\extensions\redhat.java-1.46.0-win32-x64\jre\21.0.8-win32-x86_64\bin\net.dll
Event: 0.255 Loaded shared library C:\Users\muoi\.vscode\extensions\redhat.java-1.46.0-win32-x64\jre\21.0.8-win32-x86_64\bin\nio.dll
Event: 0.260 Loaded shared library C:\Users\muoi\.vscode\extensions\redhat.java-1.46.0-win32-x64\jre\21.0.8-win32-x86_64\bin\zip.dll
Event: 0.328 Loaded shared library C:\Users\muoi\.vscode\extensions\redhat.java-1.46.0-win32-x64\jre\21.0.8-win32-x86_64\bin\jimage.dll
Event: 0.563 Loaded shared library c:\Users\muoi\.vscode\extensions\redhat.java-1.46.0-win32-x64\jre\21.0.8-win32-x86_64\bin\verify.dll
Event: 3.306 Loaded shared library C:\Users\muoi\AppData\Roaming\Code\User\globalStorage\redhat.java\1.46.0\config_win\org.eclipse.equinox.launcher\org.eclipse.equinox.launcher.win32.win32.x86_64_1.2.1400.v20250801-0854\eclipse_11916.dll
Event: 6.324 Loaded shared library C:\Users\muoi\AppData\Local\Temp\jna-3363202\jna8958430432101714205.dll
Event: 25.507 Loaded shared library C:\Users\muoi\.vscode\extensions\redhat.java-1.46.0-win32-x64\jre\21.0.8-win32-x86_64\bin\sunmscapi.dll
Event: 26.125 Loaded shared library C:\Users\muoi\.vscode\extensions\redhat.java-1.46.0-win32-x64\jre\21.0.8-win32-x86_64\bin\extnet.dll

Deoptimization events (20 events):
Event: 105.589 Thread 0x000002031048b690 Uncommon trap: trap_request=0xffffffbe fr.pc=0x00000202be141940 relative=0x0000000000000120
Event: 105.589 Thread 0x000002031048b690 Uncommon trap: reason=profile_predicate action=maybe_recompile pc=0x00000202be141940 method=org.eclipse.jdt.core.compiler.CharOperation.splitAndTrimOn(C[C)[[C @ 175 c2
Event: 105.589 Thread 0x000002031048b690 DEOPT PACKING pc=0x00000202be141940 sp=0x000000e7a60fe0b0
Event: 105.589 Thread 0x000002031048b690 DEOPT UNPACKING pc=0x00000202bcc13aa2 sp=0x000000e7a60fe018 mode 2
Event: 105.589 Thread 0x000002031048b690 Uncommon trap: trap_request=0xffffffbe fr.pc=0x00000202be141940 relative=0x0000000000000120
Event: 105.589 Thread 0x000002031048b690 Uncommon trap: reason=profile_predicate action=maybe_recompile pc=0x00000202be141940 method=org.eclipse.jdt.core.compiler.CharOperation.splitAndTrimOn(C[C)[[C @ 175 c2
Event: 105.589 Thread 0x000002031048b690 DEOPT PACKING pc=0x00000202be141940 sp=0x000000e7a60fe0b0
Event: 105.589 Thread 0x000002031048b690 DEOPT UNPACKING pc=0x00000202bcc13aa2 sp=0x000000e7a60fe018 mode 2
Event: 105.589 Thread 0x000002031048b690 Uncommon trap: trap_request=0xffffffbe fr.pc=0x00000202be141940 relative=0x0000000000000120
Event: 105.589 Thread 0x000002031048b690 Uncommon trap: reason=profile_predicate action=maybe_recompile pc=0x00000202be141940 method=org.eclipse.jdt.core.compiler.CharOperation.splitAndTrimOn(C[C)[[C @ 175 c2
Event: 105.590 Thread 0x000002031048b690 DEOPT PACKING pc=0x00000202be141940 sp=0x000000e7a60fe130
Event: 105.590 Thread 0x000002031048b690 DEOPT UNPACKING pc=0x00000202bcc13aa2 sp=0x000000e7a60fe098 mode 2
Event: 105.590 Thread 0x000002031048b690 Uncommon trap: trap_request=0xffffffbe fr.pc=0x00000202be141940 relative=0x0000000000000120
Event: 105.590 Thread 0x000002031048b690 Uncommon trap: reason=profile_predicate action=maybe_recompile pc=0x00000202be141940 method=org.eclipse.jdt.core.compiler.CharOperation.splitAndTrimOn(C[C)[[C @ 175 c2
Event: 105.590 Thread 0x000002031048b690 DEOPT PACKING pc=0x00000202be141940 sp=0x000000e7a60fe130
Event: 105.590 Thread 0x000002031048b690 DEOPT UNPACKING pc=0x00000202bcc13aa2 sp=0x000000e7a60fe098 mode 2
Event: 105.592 Thread 0x000002031048b690 DEOPT PACKING pc=0x00000202b753ceae sp=0x000000e7a60fd9c0
Event: 105.592 Thread 0x000002031048b690 DEOPT UNPACKING pc=0x00000202bcc14242 sp=0x000000e7a60fce60 mode 0
Event: 132.267 Thread 0x00000203138f1260 DEOPT PACKING pc=0x00000202b76bc99c sp=0x000000e7a70ff2e0
Event: 132.267 Thread 0x00000203138f1260 DEOPT UNPACKING pc=0x00000202bcc14242 sp=0x000000e7a70fe7a0 mode 0

Classes loaded (20 events):
Event: 72.419 Loading class java/util/TaskQueue
Event: 72.419 Loading class java/util/TaskQueue done
Event: 72.419 Loading class java/util/TimerThread
Event: 72.419 Loading class java/util/TimerThread done
Event: 72.420 Loading class java/util/Timer$ThreadReaper
Event: 72.420 Loading class java/util/Timer$ThreadReaper done
Event: 72.424 Loading class java/util/concurrent/CompletableFuture$UniWhenComplete
Event: 72.424 Loading class java/util/concurrent/CompletableFuture$UniWhenComplete done
Event: 72.425 Loading class java/util/concurrent/CompletableFuture$UniCompose
Event: 72.426 Loading class java/util/concurrent/CompletableFuture$UniCompose done
Event: 72.426 Loading class java/util/concurrent/CompletableFuture$UniRelay
Event: 72.426 Loading class java/util/concurrent/CompletableFuture$UniRelay done
Event: 73.271 Loading class java/util/concurrent/ScheduledThreadPoolExecutor$DelayedWorkQueue$Itr
Event: 73.271 Loading class java/util/concurrent/ScheduledThreadPoolExecutor$DelayedWorkQueue$Itr done
Event: 73.865 Loading class java/lang/ProcessHandleImpl$ExitCompletion
Event: 73.866 Loading class java/lang/ProcessHandleImpl$ExitCompletion done
Event: 73.866 Loading class java/lang/ProcessHandleImpl$1
Event: 73.866 Loading class java/lang/ProcessHandleImpl$1 done
Event: 73.870 Loading class java/util/concurrent/CompletableFuture$UniHandle
Event: 73.871 Loading class java/util/concurrent/CompletableFuture$UniHandle done

Classes unloaded (11 events):
Event: 7.587 Thread 0x00000202b253fa20 Unloading class 0x00000202ca1aac00 'java/lang/invoke/LambdaForm$MH+0x00000202ca1aac00'
Event: 7.587 Thread 0x00000202b253fa20 Unloading class 0x00000202ca1aa800 'java/lang/invoke/LambdaForm$MH+0x00000202ca1aa800'
Event: 7.587 Thread 0x00000202b253fa20 Unloading class 0x00000202ca1aa400 'java/lang/invoke/LambdaForm$MH+0x00000202ca1aa400'
Event: 7.587 Thread 0x00000202b253fa20 Unloading class 0x00000202ca1aa000 'java/lang/invoke/LambdaForm$MH+0x00000202ca1aa000'
Event: 7.587 Thread 0x00000202b253fa20 Unloading class 0x00000202ca1a9c00 'java/lang/invoke/LambdaForm$BMH+0x00000202ca1a9c00'
Event: 7.587 Thread 0x00000202b253fa20 Unloading class 0x00000202ca1a9800 'java/lang/invoke/LambdaForm$DMH+0x00000202ca1a9800'
Event: 7.587 Thread 0x00000202b253fa20 Unloading class 0x00000202ca1a8400 'java/lang/invoke/LambdaForm$DMH+0x00000202ca1a8400'
Event: 36.672 Thread 0x00000202b253fa20 Unloading class 0x00000202ca604c00 'java/lang/invoke/LambdaForm$DMH+0x00000202ca604c00'
Event: 36.672 Thread 0x00000202b253fa20 Unloading class 0x00000202ca604800 'java/lang/invoke/LambdaForm$DMH+0x00000202ca604800'
Event: 36.672 Thread 0x00000202b253fa20 Unloading class 0x00000202ca605000 'java/lang/invoke/LambdaForm$DMH+0x00000202ca605000'
Event: 36.672 Thread 0x00000202b253fa20 Unloading class 0x00000202ca604400 'java/lang/invoke/LambdaForm$DMH+0x00000202ca604400'

Classes redefined (0 events):
No events

Internal exceptions (20 events):
Event: 91.642 Thread 0x000002031048b690 Exception <a 'sun/nio/fs/WindowsException'{0x00000000d55eac98}> (0x00000000d55eac98) 
thrown [s\src\hotspot\share\prims\jni.cpp, line 520]
Event: 91.642 Thread 0x000002031048b690 Exception <a 'sun/nio/fs/WindowsException'{0x00000000d55eb2c8}> (0x00000000d55eb2c8) 
thrown [s\src\hotspot\share\prims\jni.cpp, line 520]
Event: 91.642 Thread 0x00000203104895c0 Exception <a 'java/lang/IncompatibleClassChangeError'{0x00000000d55f4f70}: Found class java.lang.Object, but interface was expected> (0x00000000d55f4f70) 
thrown [s\src\hotspot\share\interpreter\linkResolver.cpp, line 840]
Event: 91.645 Thread 0x000002031048b690 Exception <a 'sun/nio/fs/WindowsException'{0x00000000d5608820}> (0x00000000d5608820) 
thrown [s\src\hotspot\share\prims\jni.cpp, line 520]
Event: 91.645 Thread 0x000002031048b690 Exception <a 'sun/nio/fs/WindowsException'{0x00000000d5608e50}> (0x00000000d5608e50) 
thrown [s\src\hotspot\share\prims\jni.cpp, line 520]
Event: 91.649 Thread 0x0000020310486140 Exception <a 'java/lang/NoSuchMethodError'{0x00000000d565f3c0}: 'java.lang.Object java.lang.invoke.DirectMethodHandle$Holder.invokeStatic(java.lang.Object, int, int, java.lang.Object)'> (0x00000000d565f3c0) 
thrown [s\src\hotspot\share\interpreter\linkResolver.cpp, line 773]
Event: 92.647 Thread 0x00000203104895c0 Exception <a 'java/lang/IncompatibleClassChangeError'{0x00000000d5661488}: Found class java.lang.Object, but interface was expected> (0x00000000d5661488) 
thrown [s\src\hotspot\share\interpreter\linkResolver.cpp, line 840]
Event: 92.659 Thread 0x00000203104895c0 Exception <a 'sun/nio/fs/WindowsException'{0x00000000d569e5a0}> (0x00000000d569e5a0) 
thrown [s\src\hotspot\share\prims\jni.cpp, line 520]
Event: 92.659 Thread 0x00000203104895c0 Exception <a 'sun/nio/fs/WindowsException'{0x00000000d569ee28}> (0x00000000d569ee28) 
thrown [s\src\hotspot\share\prims\jni.cpp, line 520]
Event: 92.659 Thread 0x00000203104895c0 Exception <a 'sun/nio/fs/WindowsException'{0x00000000d569fbb8}> (0x00000000d569fbb8) 
thrown [s\src\hotspot\share\prims\jni.cpp, line 520]
Event: 92.659 Thread 0x00000203104895c0 Exception <a 'sun/nio/fs/WindowsException'{0x00000000d56a04b0}> (0x00000000d56a04b0) 
thrown [s\src\hotspot\share\prims\jni.cpp, line 520]
Event: 102.334 Thread 0x000002031048b690 Exception <a 'java/lang/NoSuchMethodError'{0x00000000d57cbc48}: 'java.lang.Object java.lang.invoke.DirectMethodHandle$Holder.invokeStatic(java.lang.Object, int, java.lang.Object)'> (0x00000000d57cbc48) 
thrown [s\src\hotspot\share\interpreter\linkResolver.cpp, line 773]
Event: 105.788 Thread 0x000002031048b690 Exception <a 'sun/nio/fs/WindowsException'{0x00000000d560f3f0}> (0x00000000d560f3f0) 
thrown [s\src\hotspot\share\prims\jni.cpp, line 520]
Event: 105.788 Thread 0x000002031048b690 Exception <a 'sun/nio/fs/WindowsException'{0x00000000d560fa20}> (0x00000000d560fa20) 
thrown [s\src\hotspot\share\prims\jni.cpp, line 520]
Event: 105.788 Thread 0x000002031048b690 Exception <a 'sun/nio/fs/WindowsException'{0x00000000d5610688}> (0x00000000d5610688) 
thrown [s\src\hotspot\share\prims\jni.cpp, line 520]
Event: 105.788 Thread 0x000002031048b690 Exception <a 'sun/nio/fs/WindowsException'{0x00000000d5610f68}> (0x00000000d5610f68) 
thrown [s\src\hotspot\share\prims\jni.cpp, line 520]
Event: 105.789 Thread 0x000002031048b690 Exception <a 'sun/nio/fs/WindowsException'{0x00000000d5612508}> (0x00000000d5612508) 
thrown [s\src\hotspot\share\prims\jni.cpp, line 520]
Event: 105.789 Thread 0x000002031048b690 Exception <a 'sun/nio/fs/WindowsException'{0x00000000d5612b38}> (0x00000000d5612b38) 
thrown [s\src\hotspot\share\prims\jni.cpp, line 520]
Event: 105.789 Thread 0x000002031048b690 Exception <a 'sun/nio/fs/WindowsException'{0x00000000d5614420}> (0x00000000d5614420) 
thrown [s\src\hotspot\share\prims\jni.cpp, line 520]
Event: 105.789 Thread 0x000002031048b690 Exception <a 'sun/nio/fs/WindowsException'{0x00000000d5614a50}> (0x00000000d5614a50) 
thrown [s\src\hotspot\share\prims\jni.cpp, line 520]

ZGC Phase Switch (0 events):
No events

VM Operations (20 events):
Event: 105.806 Executing VM operation: ParallelGCFailedAllocation (Allocation Failure)
Event: 105.808 Executing VM operation: ParallelGCFailedAllocation (Allocation Failure) done
Event: 105.816 Executing VM operation: ParallelGCFailedAllocation (Allocation Failure)
Event: 105.818 Executing VM operation: ParallelGCFailedAllocation (Allocation Failure) done
Event: 105.824 Executing VM operation: ParallelGCFailedAllocation (Allocation Failure)
Event: 105.826 Executing VM operation: ParallelGCFailedAllocation (Allocation Failure) done
Event: 105.829 Executing VM operation: ParallelGCFailedAllocation (Allocation Failure)
Event: 105.832 Executing VM operation: ParallelGCFailedAllocation (Allocation Failure) done
Event: 105.833 Executing VM operation: ParallelGCFailedAllocation (Allocation Failure)
Event: 105.834 Executing VM operation: ParallelGCFailedAllocation (Allocation Failure) done
Event: 105.847 Executing VM operation: ParallelGCFailedAllocation (Allocation Failure)
Event: 105.848 Executing VM operation: ParallelGCFailedAllocation (Allocation Failure) done
Event: 106.858 Executing VM operation: Cleanup
Event: 106.858 Executing VM operation: Cleanup done
Event: 108.875 Executing VM operation: Cleanup
Event: 108.875 Executing VM operation: Cleanup done
Event: 120.125 Executing VM operation: HandshakeAllThreads (HandshakeForDeflation)
Event: 120.125 Executing VM operation: HandshakeAllThreads (HandshakeForDeflation) done
Event: 120.125 Executing VM operation: RendezvousGCThreads
Event: 120.125 Executing VM operation: RendezvousGCThreads done

Memory protections (0 events):
No events

Nmethod flushes (20 events):
Event: 36.699 Thread 0x00000202b253fa20 flushing  nmethod 0x00000202b5f97590
Event: 36.699 Thread 0x00000202b253fa20 flushing  nmethod 0x00000202b5f98b90
Event: 36.699 Thread 0x00000202b253fa20 flushing  nmethod 0x00000202b5f99b90
Event: 36.699 Thread 0x00000202b253fa20 flushing  nmethod 0x00000202b5f9a010
Event: 36.699 Thread 0x00000202b253fa20 flushing  nmethod 0x00000202b5f9a490
Event: 36.699 Thread 0x00000202b253fa20 flushing  nmethod 0x00000202b5fa1e10
Event: 36.699 Thread 0x00000202b253fa20 flushing  nmethod 0x00000202b5fa2210
Event: 36.699 Thread 0x00000202b253fa20 flushing  nmethod 0x00000202b5fa2790
Event: 36.699 Thread 0x00000202b253fa20 flushing  nmethod 0x00000202b5fa9690
Event: 36.699 Thread 0x00000202b253fa20 flushing  nmethod 0x00000202b5fa9c90
Event: 36.699 Thread 0x00000202b253fa20 flushing  nmethod 0x00000202b5fab590
Event: 36.699 Thread 0x00000202b253fa20 flushing  nmethod 0x00000202b5fac010
Event: 36.699 Thread 0x00000202b253fa20 flushing  nmethod 0x00000202b5fac410
Event: 36.699 Thread 0x00000202b253fa20 flushing  nmethod 0x00000202b5face90
Event: 36.699 Thread 0x00000202b253fa20 flushing  nmethod 0x00000202b5fad290
Event: 36.699 Thread 0x00000202b253fa20 flushing  nmethod 0x00000202b5fc0990
Event: 36.699 Thread 0x00000202b253fa20 flushing  nmethod 0x00000202b5fc7410
Event: 36.699 Thread 0x00000202b253fa20 flushing  nmethod 0x00000202b5fe1c90
Event: 36.699 Thread 0x00000202b253fa20 flushing osr nmethod 0x00000202b5feed10
Event: 36.699 Thread 0x00000202b253fa20 flushing  nmethod 0x00000202b601f210

Events (20 events):
Event: 92.202 Thread 0x00000203138f46e0 Thread added: 0x00000203138f4d70
Event: 92.210 Thread 0x00000203138f4d70 Thread added: 0x00000203138f39c0
Event: 93.404 Thread 0x00000203138f46e0 Thread added: 0x00000203103af4f0
Event: 93.404 Thread 0x00000203138f39c0 Thread exited: 0x00000203138f39c0
Event: 95.621 Thread 0x00000203103af4f0 Thread added: 0x00000203103afb80
Event: 95.622 Thread 0x00000203103af4f0 Thread exited: 0x00000203103af4f0
Event: 95.732 Thread 0x00000203138f4d70 Thread exited: 0x00000203138f4d70
Event: 101.106 Thread 0x00000202c8f30420 Thread added: 0x0000020313fecc20
Event: 102.330 Thread 0x0000020313fecc20 Thread exited: 0x0000020313fecc20
Event: 105.593 Thread 0x00000202c8f30420 Thread added: 0x0000020313fed9c0
Event: 105.782 Thread 0x0000020313fed9c0 Thread exited: 0x0000020313fed9c0
Event: 105.839 Thread 0x00000202c8f30420 Thread added: 0x0000020313fed9c0
Event: 105.850 Thread 0x00000203138f46e0 Thread added: 0x00000203103aee60
Event: 105.854 Thread 0x00000203103aee60 Thread added: 0x00000203103b08a0
Event: 105.860 Thread 0x00000203138f46e0 Thread added: 0x00000203103b0210
Event: 105.861 Thread 0x00000203103b08a0 Thread exited: 0x00000203103b08a0
Event: 106.134 Thread 0x00000203103b0210 Thread exited: 0x00000203103b0210
Event: 107.263 Thread 0x0000020313fed9c0 Thread exited: 0x0000020313fed9c0
Event: 107.941 Thread 0x00000203103aee60 Thread exited: 0x00000203103aee60
Event: 137.951 Thread 0x00000203138f46e0 Thread exited: 0x00000203138f46e0


Dynamic libraries:
0x00007ff663d50000 - 0x00007ff663d5e000 	c:\Users\muoi\.vscode\extensions\redhat.java-1.46.0-win32-x64\jre\21.0.8-win32-x86_64\bin\java.exe
0x00007ffcedb40000 - 0x00007ffcedda9000 	C:\WINDOWS\SYSTEM32\ntdll.dll
0x00007ffcec620000 - 0x00007ffcec6e9000 	C:\WINDOWS\System32\KERNEL32.DLL
0x00007ffceaf80000 - 0x00007ffceb373000 	C:\WINDOWS\System32\KERNELBASE.dll
0x00007ffceb380000 - 0x00007ffceb4cb000 	C:\WINDOWS\System32\ucrtbase.dll
0x00007ffcc78d0000 - 0x00007ffcc78e8000 	c:\Users\muoi\.vscode\extensions\redhat.java-1.46.0-win32-x64\jre\21.0.8-win32-x86_64\bin\jli.dll
0x00007ffcc9d50000 - 0x00007ffcc9d6e000 	c:\Users\muoi\.vscode\extensions\redhat.java-1.46.0-win32-x64\jre\21.0.8-win32-x86_64\bin\VCRUNTIME140.dll
0x00007ffcd5b50000 - 0x00007ffcd5de3000 	C:\WINDOWS\WinSxS\amd64_microsoft.windows.common-controls_6595b64144ccf1df_6.0.26100.5074_none_3e0d6f78e32fd63f\COMCTL32.dll
0x00007ffced680000 - 0x00007ffced844000 	C:\WINDOWS\System32\USER32.dll
0x00007ffcec570000 - 0x00007ffcec619000 	C:\WINDOWS\System32\msvcrt.dll
0x00007ffceaf50000 - 0x00007ffceaf77000 	C:\WINDOWS\System32\win32u.dll
0x00007ffced320000 - 0x00007ffced34b000 	C:\WINDOWS\System32\GDI32.dll
0x00007ffceae20000 - 0x00007ffceaf4d000 	C:\WINDOWS\System32\gdi32full.dll
0x00007ffcead70000 - 0x00007ffceae13000 	C:\WINDOWS\System32\msvcp_win.dll
0x00007ffceda40000 - 0x00007ffceda6f000 	C:\WINDOWS\System32\IMM32.DLL
0x00007ffcd5720000 - 0x00007ffcd572c000 	c:\Users\muoi\.vscode\extensions\redhat.java-1.46.0-win32-x64\jre\21.0.8-win32-x86_64\bin\vcruntime140_1.dll
0x00007ffc96380000 - 0x00007ffc9640d000 	c:\Users\muoi\.vscode\extensions\redhat.java-1.46.0-win32-x64\jre\21.0.8-win32-x86_64\bin\msvcp140.dll
0x00007ffc870f0000 - 0x00007ffc87e87000 	c:\Users\muoi\.vscode\extensions\redhat.java-1.46.0-win32-x64\jre\21.0.8-win32-x86_64\bin\server\jvm.dll
0x00007ffceba20000 - 0x00007ffcebad4000 	C:\WINDOWS\System32\ADVAPI32.dll
0x00007ffced990000 - 0x00007ffceda36000 	C:\WINDOWS\System32\sechost.dll
0x00007ffced350000 - 0x00007ffced468000 	C:\WINDOWS\System32\RPCRT4.dll
0x00007ffced910000 - 0x00007ffced984000 	C:\WINDOWS\System32\WS2_32.dll
0x00007ffceab30000 - 0x00007ffceab8e000 	C:\WINDOWS\SYSTEM32\POWRPROF.dll
0x00007ffcd7230000 - 0x00007ffcd7265000 	C:\WINDOWS\SYSTEM32\WINMM.dll
0x00007ffcd9f20000 - 0x00007ffcd9f2b000 	C:\WINDOWS\SYSTEM32\VERSION.dll
0x00007ffceab10000 - 0x00007ffceab24000 	C:\WINDOWS\SYSTEM32\UMPDC.dll
0x00007ffce9a70000 - 0x00007ffce9a8b000 	C:\WINDOWS\SYSTEM32\kernel.appcore.dll
0x00007ffcd2860000 - 0x00007ffcd286a000 	c:\Users\muoi\.vscode\extensions\redhat.java-1.46.0-win32-x64\jre\21.0.8-win32-x86_64\bin\jimage.dll
0x00007ffce5270000 - 0x00007ffce54b2000 	C:\WINDOWS\SYSTEM32\DBGHELP.DLL
0x00007ffcebae0000 - 0x00007ffcebe5b000 	C:\WINDOWS\System32\combase.dll
0x00007ffced230000 - 0x00007ffced307000 	C:\WINDOWS\System32\OLEAUT32.dll
0x00007ffcd65d0000 - 0x00007ffcd660d000 	C:\WINDOWS\SYSTEM32\dbgcore.DLL
0x00007ffceacd0000 - 0x00007ffcead69000 	C:\WINDOWS\System32\bcryptPrimitives.dll
0x00007ffcd0840000 - 0x00007ffcd084f000 	c:\Users\muoi\.vscode\extensions\redhat.java-1.46.0-win32-x64\jre\21.0.8-win32-x86_64\bin\instrument.dll
0x00007ffcbf600000 - 0x00007ffcbf61f000 	c:\Users\muoi\.vscode\extensions\redhat.java-1.46.0-win32-x64\jre\21.0.8-win32-x86_64\bin\java.dll
0x00007ffcec700000 - 0x00007ffcece4d000 	C:\WINDOWS\System32\SHELL32.dll
0x00007ffceb7a0000 - 0x00007ffceb90c000 	C:\WINDOWS\System32\wintypes.dll
0x00007ffce8910000 - 0x00007ffce9169000 	C:\WINDOWS\SYSTEM32\windows.storage.dll
0x00007ffcebf90000 - 0x00007ffcec080000 	C:\WINDOWS\System32\SHCORE.dll
0x00007ffced470000 - 0x00007ffced4d2000 	C:\WINDOWS\System32\shlwapi.dll
0x00007ffceabf0000 - 0x00007ffceac19000 	C:\WINDOWS\SYSTEM32\profapi.dll
0x00007ffcc41f0000 - 0x00007ffcc4208000 	c:\Users\muoi\.vscode\extensions\redhat.java-1.46.0-win32-x64\jre\21.0.8-win32-x86_64\bin\zip.dll
0x00007ffcdd090000 - 0x00007ffcdd0a0000 	C:\Users\muoi\.vscode\extensions\redhat.java-1.46.0-win32-x64\jre\21.0.8-win32-x86_64\bin\net.dll
0x00007ffce8310000 - 0x00007ffce842f000 	C:\WINDOWS\SYSTEM32\WINHTTP.dll
0x00007ffce9fd0000 - 0x00007ffcea03b000 	C:\WINDOWS\system32\mswsock.dll
0x00007ffcbf470000 - 0x00007ffcbf486000 	C:\Users\muoi\.vscode\extensions\redhat.java-1.46.0-win32-x64\jre\21.0.8-win32-x86_64\bin\nio.dll
0x00007ffcc1e30000 - 0x00007ffcc1e40000 	c:\Users\muoi\.vscode\extensions\redhat.java-1.46.0-win32-x64\jre\21.0.8-win32-x86_64\bin\verify.dll
0x00007ffcced10000 - 0x00007ffcced54000 	C:\Users\muoi\AppData\Roaming\Code\User\globalStorage\redhat.java\1.46.0\config_win\org.eclipse.equinox.launcher\org.eclipse.equinox.launcher.win32.win32.x86_64_1.2.1400.v20250801-0854\eclipse_11916.dll
0x00007ffced4e0000 - 0x00007ffced678000 	C:\WINDOWS\System32\ole32.dll
0x00007ffcea3a0000 - 0x00007ffcea3bb000 	C:\WINDOWS\SYSTEM32\CRYPTSP.dll
0x00007ffce99d0000 - 0x00007ffce9a0b000 	C:\WINDOWS\system32\rsaenh.dll
0x00007ffcea070000 - 0x00007ffcea09b000 	C:\WINDOWS\SYSTEM32\USERENV.dll
0x00007ffceabc0000 - 0x00007ffceabe6000 	C:\WINDOWS\SYSTEM32\bcrypt.dll
0x00007ffcea200000 - 0x00007ffcea20c000 	C:\WINDOWS\SYSTEM32\CRYPTBASE.dll
0x00007ffce94c0000 - 0x00007ffce94f4000 	C:\WINDOWS\SYSTEM32\IPHLPAPI.DLL
0x00007ffceb910000 - 0x00007ffceb91a000 	C:\WINDOWS\System32\NSI.dll
0x00007ffcc4490000 - 0x00007ffcc44d9000 	C:\Users\muoi\AppData\Local\Temp\jna-3363202\jna8958430432101714205.dll
0x00007ffced310000 - 0x00007ffced318000 	C:\WINDOWS\System32\PSAPI.DLL
0x00007ffcdc570000 - 0x00007ffcdc58e000 	C:\WINDOWS\SYSTEM32\dhcpcsvc6.DLL
0x00007ffcdc540000 - 0x00007ffcdc563000 	C:\WINDOWS\SYSTEM32\dhcpcsvc.DLL
0x00007ffce4210000 - 0x00007ffce421e000 	C:\Users\muoi\.vscode\extensions\redhat.java-1.46.0-win32-x64\jre\21.0.8-win32-x86_64\bin\sunmscapi.dll
0x00007ffceb4d0000 - 0x00007ffceb647000 	C:\WINDOWS\System32\CRYPT32.dll
0x00007ffcea4f0000 - 0x00007ffcea520000 	C:\WINDOWS\SYSTEM32\ncrypt.dll
0x00007ffcea4a0000 - 0x00007ffcea4df000 	C:\WINDOWS\SYSTEM32\NTASN1.dll
0x00007ffce9560000 - 0x00007ffce9686000 	C:\WINDOWS\SYSTEM32\DNSAPI.dll
0x00007ffcdc530000 - 0x00007ffcdc53b000 	C:\Windows\System32\rasadhlp.dll
0x00007ffcdb640000 - 0x00007ffcdb6c6000 	C:\WINDOWS\System32\fwpuclnt.dll
0x00007ffcdd340000 - 0x00007ffcdd349000 	C:\Users\muoi\.vscode\extensions\redhat.java-1.46.0-win32-x64\jre\21.0.8-win32-x86_64\bin\extnet.dll

JVMTI agents:
c:\Users\muoi\.vscode\extensions\redhat.java-1.46.0-win32-x64\lombok\lombok-1.18.39-4050.jar path:c:\Users\muoi\.vscode\extensions\redhat.java-1.46.0-win32-x64\jre\21.0.8-win32-x86_64\bin\instrument.dll, loaded, initialized, instrumentlib options:none

dbghelp: loaded successfully - version: 4.0.5 - missing functions: none
symbol engine: initialized successfully - sym options: 0x614 - pdb path: .;c:\Users\muoi\.vscode\extensions\redhat.java-1.46.0-win32-x64\jre\21.0.8-win32-x86_64\bin;C:\WINDOWS\SYSTEM32;C:\WINDOWS\WinSxS\amd64_microsoft.windows.common-controls_6595b64144ccf1df_6.0.26100.5074_none_3e0d6f78e32fd63f;c:\Users\muoi\.vscode\extensions\redhat.java-1.46.0-win32-x64\jre\21.0.8-win32-x86_64\bin\server;C:\Users\muoi\AppData\Roaming\Code\User\globalStorage\redhat.java\1.46.0\config_win\org.eclipse.equinox.launcher\org.eclipse.equinox.launcher.win32.win32.x86_64_1.2.1400.v20250801-0854;C:\Users\muoi\AppData\Local\Temp\jna-3363202

VM Arguments:
jvm_args: --add-modules=ALL-SYSTEM --add-opens=java.base/java.util=ALL-UNNAMED --add-opens=java.base/java.lang=ALL-UNNAMED --add-opens=java.base/sun.nio.fs=ALL-UNNAMED -Declipse.application=org.eclipse.jdt.ls.core.id1 -Dosgi.bundles.defaultStartLevel=4 -Declipse.product=org.eclipse.jdt.ls.core.product -Djava.import.generatesMetadataFilesAtProjectRoot=false -DDetectVMInstallationsJob.disabled=true -Dfile.encoding=utf8 -XX:+UseParallelGC -XX:GCTimeRatio=4 -XX:AdaptiveSizePolicyWeight=90 -Dsun.zip.disableMemoryMapping=true -Xmx2G -Xms100m -Xlog:disable -javaagent:c:\Users\muoi\.vscode\extensions\redhat.java-1.46.0-win32-x64\lombok\lombok-1.18.39-4050.jar -XX:+HeapDumpOnOutOfMemoryError -XX:HeapDumpPath=c:\Users\muoi\AppData\Roaming\Code\User\workspaceStorage\fac55c56a4fa45b0b7e98bbee30527ed\redhat.java -Daether.dependencyCollector.impl=bf 
java_command: c:\Users\muoi\.vscode\extensions\redhat.java-1.46.0-win32-x64\server\plugins\org.eclipse.equinox.launcher_1.7.0.v20250519-0528.jar -configuration c:\Users\muoi\AppData\Roaming\Code\User\globalStorage\redhat.java\1.46.0\config_win -data c:\Users\muoi\AppData\Roaming\Code\User\workspaceStorage\fac55c56a4fa45b0b7e98bbee30527ed\redhat.java\jdt_ws --pipe=\\.\pipe\lsp-bebaa0d203ed1a93e2f501cb1afec33d-sock
java_class_path (initial): c:\Users\muoi\.vscode\extensions\redhat.java-1.46.0-win32-x64\server\plugins\org.eclipse.equinox.launcher_1.7.0.v20250519-0528.jar
Launcher Type: SUN_STANDARD

[Global flags]
    uintx AdaptiveSizePolicyWeight                 = 90                                        {product} {command line}
     intx CICompilerCount                          = 4                                         {product} {ergonomic}
    uintx GCTimeRatio                              = 4                                         {product} {command line}
     bool HeapDumpOnOutOfMemoryError               = true                                   {manageable} {command line}
    ccstr HeapDumpPath                             = c:\Users\muoi\AppData\Roaming\Code\User\workspaceStorage\fac55c56a4fa45b0b7e98bbee30527ed\redhat.java         {manageable} {command line}
   size_t InitialHeapSize                          = 104857600                                 {product} {command line}
   size_t MaxHeapSize                              = 2147483648                                {product} {command line}
   size_t MaxNewSize                               = 715653120                                 {product} {ergonomic}
   size_t MinHeapDeltaBytes                        = 524288                                    {product} {ergonomic}
   size_t MinHeapSize                              = 104857600                                 {product} {command line}
   size_t NewSize                                  = 34603008                                  {product} {ergonomic}
    uintx NonNMethodCodeHeapSize                   = 5839372                                {pd product} {ergonomic}
    uintx NonProfiledCodeHeapSize                  = 122909434                              {pd product} {ergonomic}
   size_t OldSize                                  = 70254592                                  {product} {ergonomic}
    uintx ProfiledCodeHeapSize                     = 122909434                              {pd product} {ergonomic}
    uintx ReservedCodeCacheSize                    = 251658240                              {pd product} {ergonomic}
     bool SegmentedCodeCache                       = true                                      {product} {ergonomic}
   size_t SoftMaxHeapSize                          = 2147483648                             {manageable} {ergonomic}
     bool UseCompressedOops                        = true                           {product lp64_product} {ergonomic}
     bool UseLargePagesIndividualAllocation        = false                                  {pd product} {ergonomic}
     bool UseParallelGC                            = true                                      {product} {command line}

Logging:
Log output configuration:
 #0: stdout all=off uptime,level,tags foldmultilines=false
 #1: stderr all=off uptime,level,tags foldmultilines=false

Environment Variables:
JAVA_HOME=C:\Program Files\Java\jdk-21
PATH=C:\Program Files\Common Files\Oracle\Java\javapath;C:\WINDOWS\system32;C:\WINDOWS;C:\WINDOWS\System32\Wbem;C:\WINDOWS\System32\WindowsPowerShell\v1.0\;C:\WINDOWS\System32\OpenSSH\;c:\Users\muoi\AppData\Local\Programs\cursor\resources\app\bin;C:\Program Files\Git\cmd;C:\Program Files\Java\jdk-21\bin;C:\Users\muoi\AppData\Roaming\nvm;C:\Program Files\nodejs;C:\Users\muoi\Downloads\Auto_Golike_Fram;C:\Program Files\dotnet\;C:\Program Files\Docker\Docker\resources\bin;C:\Users\muoi\Downloads\apache-maven-3.9.11-bin (1)\apache-maven-3.9.11\bin;C:\Users\muoi\Downloads\apache-maven-3.9.11-bin\apache-maven-3.9.11\bin;C:\Users\muoi\AppData\Local\Programs\Python\Python312\Scripts\;C:\Users\muoi\AppData\Local\Programs\Python\Python312\;C:\Users\muoi\AppData\Local\Programs\Python\Launcher\;C:\Users\muoi\AppData\Local\Microsoft\WindowsApps;C:\Users\muoi\AppData\Local\Programs\Microsoft VS Code\bin;C:\Users\muoi\AppData\Local\Programs\cursor\resources\app\bin;C:\Users\muoi\AppData\Roaming\nvm;C:\Program Files\nodejs;C:\platform-tools;C:\Users\muoi\.dotnet\tools
USERNAME=muoi
OS=Windows_NT
PROCESSOR_IDENTIFIER=Intel64 Family 6 Model 142 Stepping 10, GenuineIntel
TMP=C:\Users\muoi\AppData\Local\Temp
TEMP=C:\Users\muoi\AppData\Local\Temp




Periodic native trim disabled

---------------  S Y S T E M  ---------------

OS:
 Windows 11 , 64 bit Build 26100 (10.0.26100.5074)
OS uptime: 0 days 3:48 hours
Hyper-V role detected

CPU: total 8 (initial active 8) (4 cores per cpu, 2 threads per core) family 6 model 142 stepping 10 microcode 0xe0, cx8, cmov, fxsr, ht, mmx, 3dnowpref, sse, sse2, sse3, ssse3, sse4.1, sse4.2, popcnt, lzcnt, tsc, tscinvbit, avx, avx2, aes, erms, clmul, bmi1, bmi2, adx, fma, vzeroupper, clflush, clflushopt, hv, rdtscp, f16c
Processor Information for the first 8 processors :
  Max Mhz: 1801, Current Mhz: 1801, Mhz Limit: 1801

Memory: 4k page, system-wide physical 16243M (1893M free)
TotalPageFile size 16243M (AvailPageFile size 6M)
current process WorkingSet (physical memory assigned to process): 762M, peak: 763M
current process commit charge ("private bytes"): 830M, peak: 839M

vm_info: OpenJDK 64-Bit Server VM (21.0.8+9-LTS) for windows-amd64 JRE (21.0.8+9-LTS), built on 2025-07-15T00:00:00Z by "admin" with MS VC++ 17.7 (VS2022)

END.
